#-----------------------------------------------------------
# Vivado v2018.3 (64-bit)
# SW Build 2405991 on Thu Dec  6 23:38:27 MST 2018
# IP Build 2404404 on Fri Dec  7 01:43:56 MST 2018
# Start of session at: Mon Apr 19 16:27:44 2021
# Process ID: 20956
# Current directory: C:/Users/lucet/semester/21s-hardware-system-design/lab06/prj/lab06-sj
# Command line: vivado.exe -gui_launcher_event rodinguilauncherevent8100 C:\Users\lucet\semester\21s-hardware-system-design\lab06\prj\lab06-sj\lab06.xpr
# Log file: C:/Users/lucet/semester/21s-hardware-system-design/lab06/prj/lab06-sj/vivado.log
# Journal file: C:/Users/lucet/semester/21s-hardware-system-design/lab06/prj/lab06-sj\vivado.jou
#-----------------------------------------------------------
start_gui
open_project C:/Users/lucet/semester/21s-hardware-system-design/lab06/prj/lab06-sj/lab06.xpr
Scanning sources...
Finished scanning sources
INFO: [IP_Flow 19-234] Refreshing IP repositories
INFO: [IP_Flow 19-1704] No user IP repositories specified
INFO: [IP_Flow 19-2313] Loaded Vivado IP repository 'C:/Xilinx/Vivado/2018.3/data/ip'.
open_project: Time (s): cpu = 00:00:16 ; elapsed = 00:00:05 . Memory (MB): peak = 752.926 ; gain = 72.750
update_compile_order -fileset sources_1
exit
INFO: [Common 17-206] Exiting Vivado at Mon Apr 19 16:28:55 2021...
