#-----------------------------------------------------------
# Vivado v2018.3 (64-bit)
# SW Build 2405991 on Thu Dec  6 23:38:27 MST 2018
# IP Build 2404404 on Fri Dec  7 01:43:56 MST 2018
# Start of session at: Fri May 28 01:04:01 2021
# Process ID: 17476
# Current directory: C:/Users/lucetre/Documents/semester/21s-hardware-system-design/ref/v2/v_v
# Command line: vivado.exe -gui_launcher_event rodinguilauncherevent5680 C:\Users\lucetre\Documents\semester\21s-hardware-system-design\ref\v2\v_v\v_v.xpr
# Log file: C:/Users/lucetre/Documents/semester/21s-hardware-system-design/ref/v2/v_v/vivado.log
# Journal file: C:/Users/lucetre/Documents/semester/21s-hardware-system-design/ref/v2/v_v\vivado.jou
#-----------------------------------------------------------
start_gui
open_project C:/Users/lucetre/Documents/semester/21s-hardware-system-design/ref/v2/v_v/v_v.xpr
INFO: [Project 1-313] Project file moved from 'C:/Users/DAUN/Desktop/v_v' since last save.
Scanning sources...
Finished scanning sources
WARNING: [filemgmt 56-2] IP Repository Path: Could not find the directory 'C:/Users/lucetre/Documents/semester/21s-hardware-system-design/ref/v2/v_v/lab10_git/lab10_ip_repo', nor could it be found using path 'C:/Users/DAUN/Desktop/v_v/lab10_git/lab10_ip_repo'.
INFO: [IP_Flow 19-234] Refreshing IP repositories
WARNING: [IP_Flow 19-2248] Failed to load user IP repository 'c:/Users/lucetre/Documents/semester/21s-hardware-system-design/ref/v2/v_v/lab10_git/lab10_ip_repo'; Can't find the specified path.
If this directory should no longer be in your list of user repositories, go to the IP Settings dialog and remove it.
INFO: [IP_Flow 19-2313] Loaded Vivado IP repository 'C:/Xilinx/Vivado/2018.3/data/ip'.
WARNING: [BD 41-1661] One or more IPs have been locked in the design 'design_1.bd'. Please run report_ip_status for more details and recommendations on how to fix this issue.
List of locked IPs:
design_1_myip_0_0

open_project: Time (s): cpu = 00:00:15 ; elapsed = 00:00:11 . Memory (MB): peak = 724.473 ; gain = 127.039
update_compile_order -fileset sources_1
exit
INFO: [Common 17-206] Exiting Vivado at Fri May 28 01:05:40 2021...
