#-----------------------------------------------------------
# Vivado v2018.3 (64-bit)
# SW Build 2405991 on Thu Dec  6 23:38:27 MST 2018
# IP Build 2404404 on Fri Dec  7 01:43:56 MST 2018
# Start of session at: Sun Jun 21 00:05:56 2020
# Process ID: 7644
# Current directory: C:/Users/DAUN/Desktop/v1/project_v1_64
# Command line: vivado.exe -gui_launcher_event rodinguilauncherevent12976 C:\Users\DAUN\Desktop\v1\project_v1_64\project_v1_64.xpr
# Log file: C:/Users/DAUN/Desktop/v1/project_v1_64/vivado.log
# Journal file: C:/Users/DAUN/Desktop/v1/project_v1_64\vivado.jou
#-----------------------------------------------------------
start_gui
open_project C:/Users/DAUN/Desktop/v1/project_v1_64/project_v1_64.xpr
Scanning sources...
Finished scanning sources
INFO: [IP_Flow 19-234] Refreshing IP repositories
INFO: [IP_Flow 19-1700] Loaded user IP repository 'c:/Users/DAUN/Desktop/v1/project_v1_64/lab10_git/lab10_ip_repo'.
INFO: [IP_Flow 19-2313] Loaded Vivado IP repository 'C:/Xilinx/Vivado/2018.3/data/ip'.
open_project: Time (s): cpu = 00:00:16 ; elapsed = 00:00:09 . Memory (MB): peak = 714.617 ; gain = 101.422
update_compile_order -fileset sources_1
