#-----------------------------------------------------------
# Vivado v2018.3 (64-bit)
# SW Build 2405991 on Thu Dec  6 23:38:27 MST 2018
# IP Build 2404404 on Fri Dec  7 01:43:56 MST 2018
# Start of session at: Fri May 28 01:01:53 2021
# Process ID: 2192
# Current directory: C:/Users/lucetre/Documents/semester/21s-hardware-system-design/ref/term_v0/project_0v_16
# Command line: vivado.exe -gui_launcher_event rodinguilauncherevent5756 C:\Users\lucetre\Documents\semester\21s-hardware-system-design\ref\term_v0\project_0v_16\project_0v_16.xpr
# Log file: C:/Users/lucetre/Documents/semester/21s-hardware-system-design/ref/term_v0/project_0v_16/vivado.log
# Journal file: C:/Users/lucetre/Documents/semester/21s-hardware-system-design/ref/term_v0/project_0v_16\vivado.jou
#-----------------------------------------------------------
start_gui
open_project C:/Users/lucetre/Documents/semester/21s-hardware-system-design/ref/term_v0/project_0v_16/project_0v_16.xpr
INFO: [ProjectBase 1-489] The host OS only allows 260 characters in a normal path. The project is stored in a path with more than 80 characters. If you experience issues with IP, Block Designs, or files not being found, please consider moving the project to a location with a shorter path. Alternately consider using the OS subst command to map part of the path to a drive letter.
Current project path is 'C:/Users/lucetre/Documents/semester/21s-hardware-system-design/ref/term_v0/project_0v_16'
INFO: [Project 1-313] Project file moved from 'C:/Users/DAUN/project_0v_16' since last save.
Scanning sources...
Finished scanning sources
WARNING: [filemgmt 56-2] IP Repository Path: Could not find the directory 'C:/Users/lucetre/Documents/semester/21s-hardware-system-design/ref/term_v0/project_0v_16/lab10_git/lab10_ip_repo', nor could it be found using path 'C:/Users/DAUN/project_0v_16/lab10_git/lab10_ip_repo'.
INFO: [IP_Flow 19-234] Refreshing IP repositories
WARNING: [IP_Flow 19-2248] Failed to load user IP repository 'c:/Users/lucetre/Documents/semester/21s-hardware-system-design/ref/term_v0/project_0v_16/lab10_git/lab10_ip_repo'; Can't find the specified path.
If this directory should no longer be in your list of user repositories, go to the IP Settings dialog and remove it.
INFO: [IP_Flow 19-2313] Loaded Vivado IP repository 'C:/Xilinx/Vivado/2018.3/data/ip'.
WARNING: [BD 41-1661] One or more IPs have been locked in the design 'design_1.bd'. Please run report_ip_status for more details and recommendations on how to fix this issue.
List of locked IPs:
design_1_myip_0_0

open_project: Time (s): cpu = 00:00:17 ; elapsed = 00:00:12 . Memory (MB): peak = 703.953 ; gain = 110.195
update_compile_order -fileset sources_1
exit
INFO: [Common 17-206] Exiting Vivado at Fri May 28 01:03:33 2021...
