Copyright 1986-2018 Xilinx, Inc. All Rights Reserved.
---------------------------------------------------------------------------------------------------------------------------------------
| Tool Version : Vivado v.2018.3 (win64) Build 2405991 Thu Dec  6 23:38:27 MST 2018
| Date         : Tue Jun 16 15:20:34 2020
| Host         : DESKTOP-NE0V45F running 64-bit major release  (build 9200)
| Command      : report_drc -file design_1_wrapper_drc_opted.rpt -pb design_1_wrapper_drc_opted.pb -rpx design_1_wrapper_drc_opted.rpx
| Design       : design_1_wrapper
| Device       : xc7z020clg484-1
| Speed File   : -1
| Design State : Synthesized
---------------------------------------------------------------------------------------------------------------------------------------

Report DRC

Table of Contents
-----------------
1. REPORT SUMMARY
2. REPORT DETAILS

1. REPORT SUMMARY
-----------------
            Netlist: netlist
          Floorplan: design_1
      Design limits: <entire design considered>
           Ruledeck: default
             Max violations: <unlimited>
             Violations found: 85
+-----------+----------+----------------------------+------------+
| Rule      | Severity | Description                | Violations |
+-----------+----------+----------------------------+------------+
| CHECK-3   | Warning  | Report rule limit reached  | 1          |
| DPIP-1    | Warning  | Input pipelining           | 32         |
| DPOP-1    | Warning  | PREG Output pipelining     | 16         |
| DPOP-2    | Warning  | MREG Output pipelining     | 16         |
| REQP-1840 | Warning  | RAMB18 async control check | 20         |
+-----------+----------+----------------------------+------------+

2. REPORT DETAILS
-----------------
CHECK-3#1 Warning
Report rule limit reached  
REQP-1840 rule limit reached: 20 violations have been found.
Related violations: <none>

DPIP-1#1 Warning
Input pipelining  
DSP design_1_i/myip_0/inst/myip_v1_0_S00_AXI_inst/nolabel_line434/PE/pe[0].pe/fp/U0/i_synth/FMA_OP.OP/mul/MULT/gDSP.gDSP_only.iDSP/use_prim.appDSP48[0].bppDSP48[0].use_dsp.use_dsp48e1.iDSP48E1 input design_1_i/myip_0/inst/myip_v1_0_S00_AXI_inst/nolabel_line434/PE/pe[0].pe/fp/U0/i_synth/FMA_OP.OP/mul/MULT/gDSP.gDSP_only.iDSP/use_prim.appDSP48[0].bppDSP48[0].use_dsp.use_dsp48e1.iDSP48E1/A[29:0] is not pipelined. Pipelining DSP48 input will improve performance.
Related violations: <none>

DPIP-1#2 Warning
Input pipelining  
DSP design_1_i/myip_0/inst/myip_v1_0_S00_AXI_inst/nolabel_line434/PE/pe[0].pe/fp/U0/i_synth/FMA_OP.OP/mul/MULT/gDSP.gDSP_only.iDSP/use_prim.appDSP48[0].bppDSP48[0].use_dsp.use_dsp48e1.iDSP48E1 input design_1_i/myip_0/inst/myip_v1_0_S00_AXI_inst/nolabel_line434/PE/pe[0].pe/fp/U0/i_synth/FMA_OP.OP/mul/MULT/gDSP.gDSP_only.iDSP/use_prim.appDSP48[0].bppDSP48[0].use_dsp.use_dsp48e1.iDSP48E1/B[17:0] is not pipelined. Pipelining DSP48 input will improve performance.
Related violations: <none>

DPIP-1#3 Warning
Input pipelining  
DSP design_1_i/myip_0/inst/myip_v1_0_S00_AXI_inst/nolabel_line434/PE/pe[10].pe/fp/U0/i_synth/FMA_OP.OP/mul/MULT/gDSP.gDSP_only.iDSP/use_prim.appDSP48[0].bppDSP48[0].use_dsp.use_dsp48e1.iDSP48E1 input design_1_i/myip_0/inst/myip_v1_0_S00_AXI_inst/nolabel_line434/PE/pe[10].pe/fp/U0/i_synth/FMA_OP.OP/mul/MULT/gDSP.gDSP_only.iDSP/use_prim.appDSP48[0].bppDSP48[0].use_dsp.use_dsp48e1.iDSP48E1/A[29:0] is not pipelined. Pipelining DSP48 input will improve performance.
Related violations: <none>

DPIP-1#4 Warning
Input pipelining  
DSP design_1_i/myip_0/inst/myip_v1_0_S00_AXI_inst/nolabel_line434/PE/pe[10].pe/fp/U0/i_synth/FMA_OP.OP/mul/MULT/gDSP.gDSP_only.iDSP/use_prim.appDSP48[0].bppDSP48[0].use_dsp.use_dsp48e1.iDSP48E1 input design_1_i/myip_0/inst/myip_v1_0_S00_AXI_inst/nolabel_line434/PE/pe[10].pe/fp/U0/i_synth/FMA_OP.OP/mul/MULT/gDSP.gDSP_only.iDSP/use_prim.appDSP48[0].bppDSP48[0].use_dsp.use_dsp48e1.iDSP48E1/B[17:0] is not pipelined. Pipelining DSP48 input will improve performance.
Related violations: <none>

DPIP-1#5 Warning
Input pipelining  
DSP design_1_i/myip_0/inst/myip_v1_0_S00_AXI_inst/nolabel_line434/PE/pe[11].pe/fp/U0/i_synth/FMA_OP.OP/mul/MULT/gDSP.gDSP_only.iDSP/use_prim.appDSP48[0].bppDSP48[0].use_dsp.use_dsp48e1.iDSP48E1 input design_1_i/myip_0/inst/myip_v1_0_S00_AXI_inst/nolabel_line434/PE/pe[11].pe/fp/U0/i_synth/FMA_OP.OP/mul/MULT/gDSP.gDSP_only.iDSP/use_prim.appDSP48[0].bppDSP48[0].use_dsp.use_dsp48e1.iDSP48E1/A[29:0] is not pipelined. Pipelining DSP48 input will improve performance.
Related violations: <none>

DPIP-1#6 Warning
Input pipelining  
DSP design_1_i/myip_0/inst/myip_v1_0_S00_AXI_inst/nolabel_line434/PE/pe[11].pe/fp/U0/i_synth/FMA_OP.OP/mul/MULT/gDSP.gDSP_only.iDSP/use_prim.appDSP48[0].bppDSP48[0].use_dsp.use_dsp48e1.iDSP48E1 input design_1_i/myip_0/inst/myip_v1_0_S00_AXI_inst/nolabel_line434/PE/pe[11].pe/fp/U0/i_synth/FMA_OP.OP/mul/MULT/gDSP.gDSP_only.iDSP/use_prim.appDSP48[0].bppDSP48[0].use_dsp.use_dsp48e1.iDSP48E1/B[17:0] is not pipelined. Pipelining DSP48 input will improve performance.
Related violations: <none>

DPIP-1#7 Warning
Input pipelining  
DSP design_1_i/myip_0/inst/myip_v1_0_S00_AXI_inst/nolabel_line434/PE/pe[12].pe/fp/U0/i_synth/FMA_OP.OP/mul/MULT/gDSP.gDSP_only.iDSP/use_prim.appDSP48[0].bppDSP48[0].use_dsp.use_dsp48e1.iDSP48E1 input design_1_i/myip_0/inst/myip_v1_0_S00_AXI_inst/nolabel_line434/PE/pe[12].pe/fp/U0/i_synth/FMA_OP.OP/mul/MULT/gDSP.gDSP_only.iDSP/use_prim.appDSP48[0].bppDSP48[0].use_dsp.use_dsp48e1.iDSP48E1/A[29:0] is not pipelined. Pipelining DSP48 input will improve performance.
Related violations: <none>

DPIP-1#8 Warning
Input pipelining  
DSP design_1_i/myip_0/inst/myip_v1_0_S00_AXI_inst/nolabel_line434/PE/pe[12].pe/fp/U0/i_synth/FMA_OP.OP/mul/MULT/gDSP.gDSP_only.iDSP/use_prim.appDSP48[0].bppDSP48[0].use_dsp.use_dsp48e1.iDSP48E1 input design_1_i/myip_0/inst/myip_v1_0_S00_AXI_inst/nolabel_line434/PE/pe[12].pe/fp/U0/i_synth/FMA_OP.OP/mul/MULT/gDSP.gDSP_only.iDSP/use_prim.appDSP48[0].bppDSP48[0].use_dsp.use_dsp48e1.iDSP48E1/B[17:0] is not pipelined. Pipelining DSP48 input will improve performance.
Related violations: <none>

DPIP-1#9 Warning
Input pipelining  
DSP design_1_i/myip_0/inst/myip_v1_0_S00_AXI_inst/nolabel_line434/PE/pe[13].pe/fp/U0/i_synth/FMA_OP.OP/mul/MULT/gDSP.gDSP_only.iDSP/use_prim.appDSP48[0].bppDSP48[0].use_dsp.use_dsp48e1.iDSP48E1 input design_1_i/myip_0/inst/myip_v1_0_S00_AXI_inst/nolabel_line434/PE/pe[13].pe/fp/U0/i_synth/FMA_OP.OP/mul/MULT/gDSP.gDSP_only.iDSP/use_prim.appDSP48[0].bppDSP48[0].use_dsp.use_dsp48e1.iDSP48E1/A[29:0] is not pipelined. Pipelining DSP48 input will improve performance.
Related violations: <none>

DPIP-1#10 Warning
Input pipelining  
DSP design_1_i/myip_0/inst/myip_v1_0_S00_AXI_inst/nolabel_line434/PE/pe[13].pe/fp/U0/i_synth/FMA_OP.OP/mul/MULT/gDSP.gDSP_only.iDSP/use_prim.appDSP48[0].bppDSP48[0].use_dsp.use_dsp48e1.iDSP48E1 input design_1_i/myip_0/inst/myip_v1_0_S00_AXI_inst/nolabel_line434/PE/pe[13].pe/fp/U0/i_synth/FMA_OP.OP/mul/MULT/gDSP.gDSP_only.iDSP/use_prim.appDSP48[0].bppDSP48[0].use_dsp.use_dsp48e1.iDSP48E1/B[17:0] is not pipelined. Pipelining DSP48 input will improve performance.
Related violations: <none>

DPIP-1#11 Warning
Input pipelining  
DSP design_1_i/myip_0/inst/myip_v1_0_S00_AXI_inst/nolabel_line434/PE/pe[14].pe/fp/U0/i_synth/FMA_OP.OP/mul/MULT/gDSP.gDSP_only.iDSP/use_prim.appDSP48[0].bppDSP48[0].use_dsp.use_dsp48e1.iDSP48E1 input design_1_i/myip_0/inst/myip_v1_0_S00_AXI_inst/nolabel_line434/PE/pe[14].pe/fp/U0/i_synth/FMA_OP.OP/mul/MULT/gDSP.gDSP_only.iDSP/use_prim.appDSP48[0].bppDSP48[0].use_dsp.use_dsp48e1.iDSP48E1/A[29:0] is not pipelined. Pipelining DSP48 input will improve performance.
Related violations: <none>

DPIP-1#12 Warning
Input pipelining  
DSP design_1_i/myip_0/inst/myip_v1_0_S00_AXI_inst/nolabel_line434/PE/pe[14].pe/fp/U0/i_synth/FMA_OP.OP/mul/MULT/gDSP.gDSP_only.iDSP/use_prim.appDSP48[0].bppDSP48[0].use_dsp.use_dsp48e1.iDSP48E1 input design_1_i/myip_0/inst/myip_v1_0_S00_AXI_inst/nolabel_line434/PE/pe[14].pe/fp/U0/i_synth/FMA_OP.OP/mul/MULT/gDSP.gDSP_only.iDSP/use_prim.appDSP48[0].bppDSP48[0].use_dsp.use_dsp48e1.iDSP48E1/B[17:0] is not pipelined. Pipelining DSP48 input will improve performance.
Related violations: <none>

DPIP-1#13 Warning
Input pipelining  
DSP design_1_i/myip_0/inst/myip_v1_0_S00_AXI_inst/nolabel_line434/PE/pe[15].pe/fp/U0/i_synth/FMA_OP.OP/mul/MULT/gDSP.gDSP_only.iDSP/use_prim.appDSP48[0].bppDSP48[0].use_dsp.use_dsp48e1.iDSP48E1 input design_1_i/myip_0/inst/myip_v1_0_S00_AXI_inst/nolabel_line434/PE/pe[15].pe/fp/U0/i_synth/FMA_OP.OP/mul/MULT/gDSP.gDSP_only.iDSP/use_prim.appDSP48[0].bppDSP48[0].use_dsp.use_dsp48e1.iDSP48E1/A[29:0] is not pipelined. Pipelining DSP48 input will improve performance.
Related violations: <none>

DPIP-1#14 Warning
Input pipelining  
DSP design_1_i/myip_0/inst/myip_v1_0_S00_AXI_inst/nolabel_line434/PE/pe[15].pe/fp/U0/i_synth/FMA_OP.OP/mul/MULT/gDSP.gDSP_only.iDSP/use_prim.appDSP48[0].bppDSP48[0].use_dsp.use_dsp48e1.iDSP48E1 input design_1_i/myip_0/inst/myip_v1_0_S00_AXI_inst/nolabel_line434/PE/pe[15].pe/fp/U0/i_synth/FMA_OP.OP/mul/MULT/gDSP.gDSP_only.iDSP/use_prim.appDSP48[0].bppDSP48[0].use_dsp.use_dsp48e1.iDSP48E1/B[17:0] is not pipelined. Pipelining DSP48 input will improve performance.
Related violations: <none>

DPIP-1#15 Warning
Input pipelining  
DSP design_1_i/myip_0/inst/myip_v1_0_S00_AXI_inst/nolabel_line434/PE/pe[1].pe/fp/U0/i_synth/FMA_OP.OP/mul/MULT/gDSP.gDSP_only.iDSP/use_prim.appDSP48[0].bppDSP48[0].use_dsp.use_dsp48e1.iDSP48E1 input design_1_i/myip_0/inst/myip_v1_0_S00_AXI_inst/nolabel_line434/PE/pe[1].pe/fp/U0/i_synth/FMA_OP.OP/mul/MULT/gDSP.gDSP_only.iDSP/use_prim.appDSP48[0].bppDSP48[0].use_dsp.use_dsp48e1.iDSP48E1/A[29:0] is not pipelined. Pipelining DSP48 input will improve performance.
Related violations: <none>

DPIP-1#16 Warning
Input pipelining  
DSP design_1_i/myip_0/inst/myip_v1_0_S00_AXI_inst/nolabel_line434/PE/pe[1].pe/fp/U0/i_synth/FMA_OP.OP/mul/MULT/gDSP.gDSP_only.iDSP/use_prim.appDSP48[0].bppDSP48[0].use_dsp.use_dsp48e1.iDSP48E1 input design_1_i/myip_0/inst/myip_v1_0_S00_AXI_inst/nolabel_line434/PE/pe[1].pe/fp/U0/i_synth/FMA_OP.OP/mul/MULT/gDSP.gDSP_only.iDSP/use_prim.appDSP48[0].bppDSP48[0].use_dsp.use_dsp48e1.iDSP48E1/B[17:0] is not pipelined. Pipelining DSP48 input will improve performance.
Related violations: <none>

DPIP-1#17 Warning
Input pipelining  
DSP design_1_i/myip_0/inst/myip_v1_0_S00_AXI_inst/nolabel_line434/PE/pe[2].pe/fp/U0/i_synth/FMA_OP.OP/mul/MULT/gDSP.gDSP_only.iDSP/use_prim.appDSP48[0].bppDSP48[0].use_dsp.use_dsp48e1.iDSP48E1 input design_1_i/myip_0/inst/myip_v1_0_S00_AXI_inst/nolabel_line434/PE/pe[2].pe/fp/U0/i_synth/FMA_OP.OP/mul/MULT/gDSP.gDSP_only.iDSP/use_prim.appDSP48[0].bppDSP48[0].use_dsp.use_dsp48e1.iDSP48E1/A[29:0] is not pipelined. Pipelining DSP48 input will improve performance.
Related violations: <none>

DPIP-1#18 Warning
Input pipelining  
DSP design_1_i/myip_0/inst/myip_v1_0_S00_AXI_inst/nolabel_line434/PE/pe[2].pe/fp/U0/i_synth/FMA_OP.OP/mul/MULT/gDSP.gDSP_only.iDSP/use_prim.appDSP48[0].bppDSP48[0].use_dsp.use_dsp48e1.iDSP48E1 input design_1_i/myip_0/inst/myip_v1_0_S00_AXI_inst/nolabel_line434/PE/pe[2].pe/fp/U0/i_synth/FMA_OP.OP/mul/MULT/gDSP.gDSP_only.iDSP/use_prim.appDSP48[0].bppDSP48[0].use_dsp.use_dsp48e1.iDSP48E1/B[17:0] is not pipelined. Pipelining DSP48 input will improve performance.
Related violations: <none>

DPIP-1#19 Warning
Input pipelining  
DSP design_1_i/myip_0/inst/myip_v1_0_S00_AXI_inst/nolabel_line434/PE/pe[3].pe/fp/U0/i_synth/FMA_OP.OP/mul/MULT/gDSP.gDSP_only.iDSP/use_prim.appDSP48[0].bppDSP48[0].use_dsp.use_dsp48e1.iDSP48E1 input design_1_i/myip_0/inst/myip_v1_0_S00_AXI_inst/nolabel_line434/PE/pe[3].pe/fp/U0/i_synth/FMA_OP.OP/mul/MULT/gDSP.gDSP_only.iDSP/use_prim.appDSP48[0].bppDSP48[0].use_dsp.use_dsp48e1.iDSP48E1/A[29:0] is not pipelined. Pipelining DSP48 input will improve performance.
Related violations: <none>

DPIP-1#20 Warning
Input pipelining  
DSP design_1_i/myip_0/inst/myip_v1_0_S00_AXI_inst/nolabel_line434/PE/pe[3].pe/fp/U0/i_synth/FMA_OP.OP/mul/MULT/gDSP.gDSP_only.iDSP/use_prim.appDSP48[0].bppDSP48[0].use_dsp.use_dsp48e1.iDSP48E1 input design_1_i/myip_0/inst/myip_v1_0_S00_AXI_inst/nolabel_line434/PE/pe[3].pe/fp/U0/i_synth/FMA_OP.OP/mul/MULT/gDSP.gDSP_only.iDSP/use_prim.appDSP48[0].bppDSP48[0].use_dsp.use_dsp48e1.iDSP48E1/B[17:0] is not pipelined. Pipelining DSP48 input will improve performance.
Related violations: <none>

DPIP-1#21 Warning
Input pipelining  
DSP design_1_i/myip_0/inst/myip_v1_0_S00_AXI_inst/nolabel_line434/PE/pe[4].pe/fp/U0/i_synth/FMA_OP.OP/mul/MULT/gDSP.gDSP_only.iDSP/use_prim.appDSP48[0].bppDSP48[0].use_dsp.use_dsp48e1.iDSP48E1 input design_1_i/myip_0/inst/myip_v1_0_S00_AXI_inst/nolabel_line434/PE/pe[4].pe/fp/U0/i_synth/FMA_OP.OP/mul/MULT/gDSP.gDSP_only.iDSP/use_prim.appDSP48[0].bppDSP48[0].use_dsp.use_dsp48e1.iDSP48E1/A[29:0] is not pipelined. Pipelining DSP48 input will improve performance.
Related violations: <none>

DPIP-1#22 Warning
Input pipelining  
DSP design_1_i/myip_0/inst/myip_v1_0_S00_AXI_inst/nolabel_line434/PE/pe[4].pe/fp/U0/i_synth/FMA_OP.OP/mul/MULT/gDSP.gDSP_only.iDSP/use_prim.appDSP48[0].bppDSP48[0].use_dsp.use_dsp48e1.iDSP48E1 input design_1_i/myip_0/inst/myip_v1_0_S00_AXI_inst/nolabel_line434/PE/pe[4].pe/fp/U0/i_synth/FMA_OP.OP/mul/MULT/gDSP.gDSP_only.iDSP/use_prim.appDSP48[0].bppDSP48[0].use_dsp.use_dsp48e1.iDSP48E1/B[17:0] is not pipelined. Pipelining DSP48 input will improve performance.
Related violations: <none>

DPIP-1#23 Warning
Input pipelining  
DSP design_1_i/myip_0/inst/myip_v1_0_S00_AXI_inst/nolabel_line434/PE/pe[5].pe/fp/U0/i_synth/FMA_OP.OP/mul/MULT/gDSP.gDSP_only.iDSP/use_prim.appDSP48[0].bppDSP48[0].use_dsp.use_dsp48e1.iDSP48E1 input design_1_i/myip_0/inst/myip_v1_0_S00_AXI_inst/nolabel_line434/PE/pe[5].pe/fp/U0/i_synth/FMA_OP.OP/mul/MULT/gDSP.gDSP_only.iDSP/use_prim.appDSP48[0].bppDSP48[0].use_dsp.use_dsp48e1.iDSP48E1/A[29:0] is not pipelined. Pipelining DSP48 input will improve performance.
Related violations: <none>

DPIP-1#24 Warning
Input pipelining  
DSP design_1_i/myip_0/inst/myip_v1_0_S00_AXI_inst/nolabel_line434/PE/pe[5].pe/fp/U0/i_synth/FMA_OP.OP/mul/MULT/gDSP.gDSP_only.iDSP/use_prim.appDSP48[0].bppDSP48[0].use_dsp.use_dsp48e1.iDSP48E1 input design_1_i/myip_0/inst/myip_v1_0_S00_AXI_inst/nolabel_line434/PE/pe[5].pe/fp/U0/i_synth/FMA_OP.OP/mul/MULT/gDSP.gDSP_only.iDSP/use_prim.appDSP48[0].bppDSP48[0].use_dsp.use_dsp48e1.iDSP48E1/B[17:0] is not pipelined. Pipelining DSP48 input will improve performance.
Related violations: <none>

DPIP-1#25 Warning
Input pipelining  
DSP design_1_i/myip_0/inst/myip_v1_0_S00_AXI_inst/nolabel_line434/PE/pe[6].pe/fp/U0/i_synth/FMA_OP.OP/mul/MULT/gDSP.gDSP_only.iDSP/use_prim.appDSP48[0].bppDSP48[0].use_dsp.use_dsp48e1.iDSP48E1 input design_1_i/myip_0/inst/myip_v1_0_S00_AXI_inst/nolabel_line434/PE/pe[6].pe/fp/U0/i_synth/FMA_OP.OP/mul/MULT/gDSP.gDSP_only.iDSP/use_prim.appDSP48[0].bppDSP48[0].use_dsp.use_dsp48e1.iDSP48E1/A[29:0] is not pipelined. Pipelining DSP48 input will improve performance.
Related violations: <none>

DPIP-1#26 Warning
Input pipelining  
DSP design_1_i/myip_0/inst/myip_v1_0_S00_AXI_inst/nolabel_line434/PE/pe[6].pe/fp/U0/i_synth/FMA_OP.OP/mul/MULT/gDSP.gDSP_only.iDSP/use_prim.appDSP48[0].bppDSP48[0].use_dsp.use_dsp48e1.iDSP48E1 input design_1_i/myip_0/inst/myip_v1_0_S00_AXI_inst/nolabel_line434/PE/pe[6].pe/fp/U0/i_synth/FMA_OP.OP/mul/MULT/gDSP.gDSP_only.iDSP/use_prim.appDSP48[0].bppDSP48[0].use_dsp.use_dsp48e1.iDSP48E1/B[17:0] is not pipelined. Pipelining DSP48 input will improve performance.
Related violations: <none>

DPIP-1#27 Warning
Input pipelining  
DSP design_1_i/myip_0/inst/myip_v1_0_S00_AXI_inst/nolabel_line434/PE/pe[7].pe/fp/U0/i_synth/FMA_OP.OP/mul/MULT/gDSP.gDSP_only.iDSP/use_prim.appDSP48[0].bppDSP48[0].use_dsp.use_dsp48e1.iDSP48E1 input design_1_i/myip_0/inst/myip_v1_0_S00_AXI_inst/nolabel_line434/PE/pe[7].pe/fp/U0/i_synth/FMA_OP.OP/mul/MULT/gDSP.gDSP_only.iDSP/use_prim.appDSP48[0].bppDSP48[0].use_dsp.use_dsp48e1.iDSP48E1/A[29:0] is not pipelined. Pipelining DSP48 input will improve performance.
Related violations: <none>

DPIP-1#28 Warning
Input pipelining  
DSP design_1_i/myip_0/inst/myip_v1_0_S00_AXI_inst/nolabel_line434/PE/pe[7].pe/fp/U0/i_synth/FMA_OP.OP/mul/MULT/gDSP.gDSP_only.iDSP/use_prim.appDSP48[0].bppDSP48[0].use_dsp.use_dsp48e1.iDSP48E1 input design_1_i/myip_0/inst/myip_v1_0_S00_AXI_inst/nolabel_line434/PE/pe[7].pe/fp/U0/i_synth/FMA_OP.OP/mul/MULT/gDSP.gDSP_only.iDSP/use_prim.appDSP48[0].bppDSP48[0].use_dsp.use_dsp48e1.iDSP48E1/B[17:0] is not pipelined. Pipelining DSP48 input will improve performance.
Related violations: <none>

DPIP-1#29 Warning
Input pipelining  
DSP design_1_i/myip_0/inst/myip_v1_0_S00_AXI_inst/nolabel_line434/PE/pe[8].pe/fp/U0/i_synth/FMA_OP.OP/mul/MULT/gDSP.gDSP_only.iDSP/use_prim.appDSP48[0].bppDSP48[0].use_dsp.use_dsp48e1.iDSP48E1 input design_1_i/myip_0/inst/myip_v1_0_S00_AXI_inst/nolabel_line434/PE/pe[8].pe/fp/U0/i_synth/FMA_OP.OP/mul/MULT/gDSP.gDSP_only.iDSP/use_prim.appDSP48[0].bppDSP48[0].use_dsp.use_dsp48e1.iDSP48E1/A[29:0] is not pipelined. Pipelining DSP48 input will improve performance.
Related violations: <none>

DPIP-1#30 Warning
Input pipelining  
DSP design_1_i/myip_0/inst/myip_v1_0_S00_AXI_inst/nolabel_line434/PE/pe[8].pe/fp/U0/i_synth/FMA_OP.OP/mul/MULT/gDSP.gDSP_only.iDSP/use_prim.appDSP48[0].bppDSP48[0].use_dsp.use_dsp48e1.iDSP48E1 input design_1_i/myip_0/inst/myip_v1_0_S00_AXI_inst/nolabel_line434/PE/pe[8].pe/fp/U0/i_synth/FMA_OP.OP/mul/MULT/gDSP.gDSP_only.iDSP/use_prim.appDSP48[0].bppDSP48[0].use_dsp.use_dsp48e1.iDSP48E1/B[17:0] is not pipelined. Pipelining DSP48 input will improve performance.
Related violations: <none>

DPIP-1#31 Warning
Input pipelining  
DSP design_1_i/myip_0/inst/myip_v1_0_S00_AXI_inst/nolabel_line434/PE/pe[9].pe/fp/U0/i_synth/FMA_OP.OP/mul/MULT/gDSP.gDSP_only.iDSP/use_prim.appDSP48[0].bppDSP48[0].use_dsp.use_dsp48e1.iDSP48E1 input design_1_i/myip_0/inst/myip_v1_0_S00_AXI_inst/nolabel_line434/PE/pe[9].pe/fp/U0/i_synth/FMA_OP.OP/mul/MULT/gDSP.gDSP_only.iDSP/use_prim.appDSP48[0].bppDSP48[0].use_dsp.use_dsp48e1.iDSP48E1/A[29:0] is not pipelined. Pipelining DSP48 input will improve performance.
Related violations: <none>

DPIP-1#32 Warning
Input pipelining  
DSP design_1_i/myip_0/inst/myip_v1_0_S00_AXI_inst/nolabel_line434/PE/pe[9].pe/fp/U0/i_synth/FMA_OP.OP/mul/MULT/gDSP.gDSP_only.iDSP/use_prim.appDSP48[0].bppDSP48[0].use_dsp.use_dsp48e1.iDSP48E1 input design_1_i/myip_0/inst/myip_v1_0_S00_AXI_inst/nolabel_line434/PE/pe[9].pe/fp/U0/i_synth/FMA_OP.OP/mul/MULT/gDSP.gDSP_only.iDSP/use_prim.appDSP48[0].bppDSP48[0].use_dsp.use_dsp48e1.iDSP48E1/B[17:0] is not pipelined. Pipelining DSP48 input will improve performance.
Related violations: <none>

DPOP-1#1 Warning
PREG Output pipelining  
DSP design_1_i/myip_0/inst/myip_v1_0_S00_AXI_inst/nolabel_line434/PE/pe[0].pe/fp/U0/i_synth/FMA_OP.OP/mul/MULT/gDSP.gDSP_only.iDSP/use_prim.appDSP48[0].bppDSP48[0].use_dsp.use_dsp48e1.iDSP48E1 output design_1_i/myip_0/inst/myip_v1_0_S00_AXI_inst/nolabel_line434/PE/pe[0].pe/fp/U0/i_synth/FMA_OP.OP/mul/MULT/gDSP.gDSP_only.iDSP/use_prim.appDSP48[0].bppDSP48[0].use_dsp.use_dsp48e1.iDSP48E1/P[47:0] is not pipelined (PREG=0). Pipelining the DSP48 output will improve performance and often saves power so it is suggested whenever possible to fully pipeline this function.  If this DSP48 function was inferred, it is suggested to describe an additional register stage after this function.  If the DSP48 was instantiated in the design, it is suggested to set the PREG attribute to 1.
Related violations: <none>

DPOP-1#2 Warning
PREG Output pipelining  
DSP design_1_i/myip_0/inst/myip_v1_0_S00_AXI_inst/nolabel_line434/PE/pe[10].pe/fp/U0/i_synth/FMA_OP.OP/mul/MULT/gDSP.gDSP_only.iDSP/use_prim.appDSP48[0].bppDSP48[0].use_dsp.use_dsp48e1.iDSP48E1 output design_1_i/myip_0/inst/myip_v1_0_S00_AXI_inst/nolabel_line434/PE/pe[10].pe/fp/U0/i_synth/FMA_OP.OP/mul/MULT/gDSP.gDSP_only.iDSP/use_prim.appDSP48[0].bppDSP48[0].use_dsp.use_dsp48e1.iDSP48E1/P[47:0] is not pipelined (PREG=0). Pipelining the DSP48 output will improve performance and often saves power so it is suggested whenever possible to fully pipeline this function.  If this DSP48 function was inferred, it is suggested to describe an additional register stage after this function.  If the DSP48 was instantiated in the design, it is suggested to set the PREG attribute to 1.
Related violations: <none>

DPOP-1#3 Warning
PREG Output pipelining  
DSP design_1_i/myip_0/inst/myip_v1_0_S00_AXI_inst/nolabel_line434/PE/pe[11].pe/fp/U0/i_synth/FMA_OP.OP/mul/MULT/gDSP.gDSP_only.iDSP/use_prim.appDSP48[0].bppDSP48[0].use_dsp.use_dsp48e1.iDSP48E1 output design_1_i/myip_0/inst/myip_v1_0_S00_AXI_inst/nolabel_line434/PE/pe[11].pe/fp/U0/i_synth/FMA_OP.OP/mul/MULT/gDSP.gDSP_only.iDSP/use_prim.appDSP48[0].bppDSP48[0].use_dsp.use_dsp48e1.iDSP48E1/P[47:0] is not pipelined (PREG=0). Pipelining the DSP48 output will improve performance and often saves power so it is suggested whenever possible to fully pipeline this function.  If this DSP48 function was inferred, it is suggested to describe an additional register stage after this function.  If the DSP48 was instantiated in the design, it is suggested to set the PREG attribute to 1.
Related violations: <none>

DPOP-1#4 Warning
PREG Output pipelining  
DSP design_1_i/myip_0/inst/myip_v1_0_S00_AXI_inst/nolabel_line434/PE/pe[12].pe/fp/U0/i_synth/FMA_OP.OP/mul/MULT/gDSP.gDSP_only.iDSP/use_prim.appDSP48[0].bppDSP48[0].use_dsp.use_dsp48e1.iDSP48E1 output design_1_i/myip_0/inst/myip_v1_0_S00_AXI_inst/nolabel_line434/PE/pe[12].pe/fp/U0/i_synth/FMA_OP.OP/mul/MULT/gDSP.gDSP_only.iDSP/use_prim.appDSP48[0].bppDSP48[0].use_dsp.use_dsp48e1.iDSP48E1/P[47:0] is not pipelined (PREG=0). Pipelining the DSP48 output will improve performance and often saves power so it is suggested whenever possible to fully pipeline this function.  If this DSP48 function was inferred, it is suggested to describe an additional register stage after this function.  If the DSP48 was instantiated in the design, it is suggested to set the PREG attribute to 1.
Related violations: <none>

DPOP-1#5 Warning
PREG Output pipelining  
DSP design_1_i/myip_0/inst/myip_v1_0_S00_AXI_inst/nolabel_line434/PE/pe[13].pe/fp/U0/i_synth/FMA_OP.OP/mul/MULT/gDSP.gDSP_only.iDSP/use_prim.appDSP48[0].bppDSP48[0].use_dsp.use_dsp48e1.iDSP48E1 output design_1_i/myip_0/inst/myip_v1_0_S00_AXI_inst/nolabel_line434/PE/pe[13].pe/fp/U0/i_synth/FMA_OP.OP/mul/MULT/gDSP.gDSP_only.iDSP/use_prim.appDSP48[0].bppDSP48[0].use_dsp.use_dsp48e1.iDSP48E1/P[47:0] is not pipelined (PREG=0). Pipelining the DSP48 output will improve performance and often saves power so it is suggested whenever possible to fully pipeline this function.  If this DSP48 function was inferred, it is suggested to describe an additional register stage after this function.  If the DSP48 was instantiated in the design, it is suggested to set the PREG attribute to 1.
Related violations: <none>

DPOP-1#6 Warning
PREG Output pipelining  
DSP design_1_i/myip_0/inst/myip_v1_0_S00_AXI_inst/nolabel_line434/PE/pe[14].pe/fp/U0/i_synth/FMA_OP.OP/mul/MULT/gDSP.gDSP_only.iDSP/use_prim.appDSP48[0].bppDSP48[0].use_dsp.use_dsp48e1.iDSP48E1 output design_1_i/myip_0/inst/myip_v1_0_S00_AXI_inst/nolabel_line434/PE/pe[14].pe/fp/U0/i_synth/FMA_OP.OP/mul/MULT/gDSP.gDSP_only.iDSP/use_prim.appDSP48[0].bppDSP48[0].use_dsp.use_dsp48e1.iDSP48E1/P[47:0] is not pipelined (PREG=0). Pipelining the DSP48 output will improve performance and often saves power so it is suggested whenever possible to fully pipeline this function.  If this DSP48 function was inferred, it is suggested to describe an additional register stage after this function.  If the DSP48 was instantiated in the design, it is suggested to set the PREG attribute to 1.
Related violations: <none>

DPOP-1#7 Warning
PREG Output pipelining  
DSP design_1_i/myip_0/inst/myip_v1_0_S00_AXI_inst/nolabel_line434/PE/pe[15].pe/fp/U0/i_synth/FMA_OP.OP/mul/MULT/gDSP.gDSP_only.iDSP/use_prim.appDSP48[0].bppDSP48[0].use_dsp.use_dsp48e1.iDSP48E1 output design_1_i/myip_0/inst/myip_v1_0_S00_AXI_inst/nolabel_line434/PE/pe[15].pe/fp/U0/i_synth/FMA_OP.OP/mul/MULT/gDSP.gDSP_only.iDSP/use_prim.appDSP48[0].bppDSP48[0].use_dsp.use_dsp48e1.iDSP48E1/P[47:0] is not pipelined (PREG=0). Pipelining the DSP48 output will improve performance and often saves power so it is suggested whenever possible to fully pipeline this function.  If this DSP48 function was inferred, it is suggested to describe an additional register stage after this function.  If the DSP48 was instantiated in the design, it is suggested to set the PREG attribute to 1.
Related violations: <none>

DPOP-1#8 Warning
PREG Output pipelining  
DSP design_1_i/myip_0/inst/myip_v1_0_S00_AXI_inst/nolabel_line434/PE/pe[1].pe/fp/U0/i_synth/FMA_OP.OP/mul/MULT/gDSP.gDSP_only.iDSP/use_prim.appDSP48[0].bppDSP48[0].use_dsp.use_dsp48e1.iDSP48E1 output design_1_i/myip_0/inst/myip_v1_0_S00_AXI_inst/nolabel_line434/PE/pe[1].pe/fp/U0/i_synth/FMA_OP.OP/mul/MULT/gDSP.gDSP_only.iDSP/use_prim.appDSP48[0].bppDSP48[0].use_dsp.use_dsp48e1.iDSP48E1/P[47:0] is not pipelined (PREG=0). Pipelining the DSP48 output will improve performance and often saves power so it is suggested whenever possible to fully pipeline this function.  If this DSP48 function was inferred, it is suggested to describe an additional register stage after this function.  If the DSP48 was instantiated in the design, it is suggested to set the PREG attribute to 1.
Related violations: <none>

DPOP-1#9 Warning
PREG Output pipelining  
DSP design_1_i/myip_0/inst/myip_v1_0_S00_AXI_inst/nolabel_line434/PE/pe[2].pe/fp/U0/i_synth/FMA_OP.OP/mul/MULT/gDSP.gDSP_only.iDSP/use_prim.appDSP48[0].bppDSP48[0].use_dsp.use_dsp48e1.iDSP48E1 output design_1_i/myip_0/inst/myip_v1_0_S00_AXI_inst/nolabel_line434/PE/pe[2].pe/fp/U0/i_synth/FMA_OP.OP/mul/MULT/gDSP.gDSP_only.iDSP/use_prim.appDSP48[0].bppDSP48[0].use_dsp.use_dsp48e1.iDSP48E1/P[47:0] is not pipelined (PREG=0). Pipelining the DSP48 output will improve performance and often saves power so it is suggested whenever possible to fully pipeline this function.  If this DSP48 function was inferred, it is suggested to describe an additional register stage after this function.  If the DSP48 was instantiated in the design, it is suggested to set the PREG attribute to 1.
Related violations: <none>

DPOP-1#10 Warning
PREG Output pipelining  
DSP design_1_i/myip_0/inst/myip_v1_0_S00_AXI_inst/nolabel_line434/PE/pe[3].pe/fp/U0/i_synth/FMA_OP.OP/mul/MULT/gDSP.gDSP_only.iDSP/use_prim.appDSP48[0].bppDSP48[0].use_dsp.use_dsp48e1.iDSP48E1 output design_1_i/myip_0/inst/myip_v1_0_S00_AXI_inst/nolabel_line434/PE/pe[3].pe/fp/U0/i_synth/FMA_OP.OP/mul/MULT/gDSP.gDSP_only.iDSP/use_prim.appDSP48[0].bppDSP48[0].use_dsp.use_dsp48e1.iDSP48E1/P[47:0] is not pipelined (PREG=0). Pipelining the DSP48 output will improve performance and often saves power so it is suggested whenever possible to fully pipeline this function.  If this DSP48 function was inferred, it is suggested to describe an additional register stage after this function.  If the DSP48 was instantiated in the design, it is suggested to set the PREG attribute to 1.
Related violations: <none>

DPOP-1#11 Warning
PREG Output pipelining  
DSP design_1_i/myip_0/inst/myip_v1_0_S00_AXI_inst/nolabel_line434/PE/pe[4].pe/fp/U0/i_synth/FMA_OP.OP/mul/MULT/gDSP.gDSP_only.iDSP/use_prim.appDSP48[0].bppDSP48[0].use_dsp.use_dsp48e1.iDSP48E1 output design_1_i/myip_0/inst/myip_v1_0_S00_AXI_inst/nolabel_line434/PE/pe[4].pe/fp/U0/i_synth/FMA_OP.OP/mul/MULT/gDSP.gDSP_only.iDSP/use_prim.appDSP48[0].bppDSP48[0].use_dsp.use_dsp48e1.iDSP48E1/P[47:0] is not pipelined (PREG=0). Pipelining the DSP48 output will improve performance and often saves power so it is suggested whenever possible to fully pipeline this function.  If this DSP48 function was inferred, it is suggested to describe an additional register stage after this function.  If the DSP48 was instantiated in the design, it is suggested to set the PREG attribute to 1.
Related violations: <none>

DPOP-1#12 Warning
PREG Output pipelining  
DSP design_1_i/myip_0/inst/myip_v1_0_S00_AXI_inst/nolabel_line434/PE/pe[5].pe/fp/U0/i_synth/FMA_OP.OP/mul/MULT/gDSP.gDSP_only.iDSP/use_prim.appDSP48[0].bppDSP48[0].use_dsp.use_dsp48e1.iDSP48E1 output design_1_i/myip_0/inst/myip_v1_0_S00_AXI_inst/nolabel_line434/PE/pe[5].pe/fp/U0/i_synth/FMA_OP.OP/mul/MULT/gDSP.gDSP_only.iDSP/use_prim.appDSP48[0].bppDSP48[0].use_dsp.use_dsp48e1.iDSP48E1/P[47:0] is not pipelined (PREG=0). Pipelining the DSP48 output will improve performance and often saves power so it is suggested whenever possible to fully pipeline this function.  If this DSP48 function was inferred, it is suggested to describe an additional register stage after this function.  If the DSP48 was instantiated in the design, it is suggested to set the PREG attribute to 1.
Related violations: <none>

DPOP-1#13 Warning
PREG Output pipelining  
DSP design_1_i/myip_0/inst/myip_v1_0_S00_AXI_inst/nolabel_line434/PE/pe[6].pe/fp/U0/i_synth/FMA_OP.OP/mul/MULT/gDSP.gDSP_only.iDSP/use_prim.appDSP48[0].bppDSP48[0].use_dsp.use_dsp48e1.iDSP48E1 output design_1_i/myip_0/inst/myip_v1_0_S00_AXI_inst/nolabel_line434/PE/pe[6].pe/fp/U0/i_synth/FMA_OP.OP/mul/MULT/gDSP.gDSP_only.iDSP/use_prim.appDSP48[0].bppDSP48[0].use_dsp.use_dsp48e1.iDSP48E1/P[47:0] is not pipelined (PREG=0). Pipelining the DSP48 output will improve performance and often saves power so it is suggested whenever possible to fully pipeline this function.  If this DSP48 function was inferred, it is suggested to describe an additional register stage after this function.  If the DSP48 was instantiated in the design, it is suggested to set the PREG attribute to 1.
Related violations: <none>

DPOP-1#14 Warning
PREG Output pipelining  
DSP design_1_i/myip_0/inst/myip_v1_0_S00_AXI_inst/nolabel_line434/PE/pe[7].pe/fp/U0/i_synth/FMA_OP.OP/mul/MULT/gDSP.gDSP_only.iDSP/use_prim.appDSP48[0].bppDSP48[0].use_dsp.use_dsp48e1.iDSP48E1 output design_1_i/myip_0/inst/myip_v1_0_S00_AXI_inst/nolabel_line434/PE/pe[7].pe/fp/U0/i_synth/FMA_OP.OP/mul/MULT/gDSP.gDSP_only.iDSP/use_prim.appDSP48[0].bppDSP48[0].use_dsp.use_dsp48e1.iDSP48E1/P[47:0] is not pipelined (PREG=0). Pipelining the DSP48 output will improve performance and often saves power so it is suggested whenever possible to fully pipeline this function.  If this DSP48 function was inferred, it is suggested to describe an additional register stage after this function.  If the DSP48 was instantiated in the design, it is suggested to set the PREG attribute to 1.
Related violations: <none>

DPOP-1#15 Warning
PREG Output pipelining  
DSP design_1_i/myip_0/inst/myip_v1_0_S00_AXI_inst/nolabel_line434/PE/pe[8].pe/fp/U0/i_synth/FMA_OP.OP/mul/MULT/gDSP.gDSP_only.iDSP/use_prim.appDSP48[0].bppDSP48[0].use_dsp.use_dsp48e1.iDSP48E1 output design_1_i/myip_0/inst/myip_v1_0_S00_AXI_inst/nolabel_line434/PE/pe[8].pe/fp/U0/i_synth/FMA_OP.OP/mul/MULT/gDSP.gDSP_only.iDSP/use_prim.appDSP48[0].bppDSP48[0].use_dsp.use_dsp48e1.iDSP48E1/P[47:0] is not pipelined (PREG=0). Pipelining the DSP48 output will improve performance and often saves power so it is suggested whenever possible to fully pipeline this function.  If this DSP48 function was inferred, it is suggested to describe an additional register stage after this function.  If the DSP48 was instantiated in the design, it is suggested to set the PREG attribute to 1.
Related violations: <none>

DPOP-1#16 Warning
PREG Output pipelining  
DSP design_1_i/myip_0/inst/myip_v1_0_S00_AXI_inst/nolabel_line434/PE/pe[9].pe/fp/U0/i_synth/FMA_OP.OP/mul/MULT/gDSP.gDSP_only.iDSP/use_prim.appDSP48[0].bppDSP48[0].use_dsp.use_dsp48e1.iDSP48E1 output design_1_i/myip_0/inst/myip_v1_0_S00_AXI_inst/nolabel_line434/PE/pe[9].pe/fp/U0/i_synth/FMA_OP.OP/mul/MULT/gDSP.gDSP_only.iDSP/use_prim.appDSP48[0].bppDSP48[0].use_dsp.use_dsp48e1.iDSP48E1/P[47:0] is not pipelined (PREG=0). Pipelining the DSP48 output will improve performance and often saves power so it is suggested whenever possible to fully pipeline this function.  If this DSP48 function was inferred, it is suggested to describe an additional register stage after this function.  If the DSP48 was instantiated in the design, it is suggested to set the PREG attribute to 1.
Related violations: <none>

DPOP-2#1 Warning
MREG Output pipelining  
DSP design_1_i/myip_0/inst/myip_v1_0_S00_AXI_inst/nolabel_line434/PE/pe[0].pe/fp/U0/i_synth/FMA_OP.OP/mul/MULT/gDSP.gDSP_only.iDSP/use_prim.appDSP48[0].bppDSP48[1].use_dsp.use_dsp48e1.iDSP48E1 multiplier stage design_1_i/myip_0/inst/myip_v1_0_S00_AXI_inst/nolabel_line434/PE/pe[0].pe/fp/U0/i_synth/FMA_OP.OP/mul/MULT/gDSP.gDSP_only.iDSP/use_prim.appDSP48[0].bppDSP48[1].use_dsp.use_dsp48e1.iDSP48E1/P[47:0] is not pipelined (MREG=0). Pipelining the multiplier function will improve performance and will save significant power so it is suggested whenever possible to fully pipeline this function.  If this multiplier was inferred, it is suggested to describe an additional register stage after this function.  If there is no registered adder/accumulator following the multiply function, two pipeline stages are suggested to allow both the MREG and PREG registers to be used.  If the DSP48 was instantiated in the design, it is suggested to set both the MREG and PREG attributes to 1 when performing multiply functions.
Related violations: <none>

DPOP-2#2 Warning
MREG Output pipelining  
DSP design_1_i/myip_0/inst/myip_v1_0_S00_AXI_inst/nolabel_line434/PE/pe[10].pe/fp/U0/i_synth/FMA_OP.OP/mul/MULT/gDSP.gDSP_only.iDSP/use_prim.appDSP48[0].bppDSP48[1].use_dsp.use_dsp48e1.iDSP48E1 multiplier stage design_1_i/myip_0/inst/myip_v1_0_S00_AXI_inst/nolabel_line434/PE/pe[10].pe/fp/U0/i_synth/FMA_OP.OP/mul/MULT/gDSP.gDSP_only.iDSP/use_prim.appDSP48[0].bppDSP48[1].use_dsp.use_dsp48e1.iDSP48E1/P[47:0] is not pipelined (MREG=0). Pipelining the multiplier function will improve performance and will save significant power so it is suggested whenever possible to fully pipeline this function.  If this multiplier was inferred, it is suggested to describe an additional register stage after this function.  If there is no registered adder/accumulator following the multiply function, two pipeline stages are suggested to allow both the MREG and PREG registers to be used.  If the DSP48 was instantiated in the design, it is suggested to set both the MREG and PREG attributes to 1 when performing multiply functions.
Related violations: <none>

DPOP-2#3 Warning
MREG Output pipelining  
DSP design_1_i/myip_0/inst/myip_v1_0_S00_AXI_inst/nolabel_line434/PE/pe[11].pe/fp/U0/i_synth/FMA_OP.OP/mul/MULT/gDSP.gDSP_only.iDSP/use_prim.appDSP48[0].bppDSP48[1].use_dsp.use_dsp48e1.iDSP48E1 multiplier stage design_1_i/myip_0/inst/myip_v1_0_S00_AXI_inst/nolabel_line434/PE/pe[11].pe/fp/U0/i_synth/FMA_OP.OP/mul/MULT/gDSP.gDSP_only.iDSP/use_prim.appDSP48[0].bppDSP48[1].use_dsp.use_dsp48e1.iDSP48E1/P[47:0] is not pipelined (MREG=0). Pipelining the multiplier function will improve performance and will save significant power so it is suggested whenever possible to fully pipeline this function.  If this multiplier was inferred, it is suggested to describe an additional register stage after this function.  If there is no registered adder/accumulator following the multiply function, two pipeline stages are suggested to allow both the MREG and PREG registers to be used.  If the DSP48 was instantiated in the design, it is suggested to set both the MREG and PREG attributes to 1 when performing multiply functions.
Related violations: <none>

DPOP-2#4 Warning
MREG Output pipelining  
DSP design_1_i/myip_0/inst/myip_v1_0_S00_AXI_inst/nolabel_line434/PE/pe[12].pe/fp/U0/i_synth/FMA_OP.OP/mul/MULT/gDSP.gDSP_only.iDSP/use_prim.appDSP48[0].bppDSP48[1].use_dsp.use_dsp48e1.iDSP48E1 multiplier stage design_1_i/myip_0/inst/myip_v1_0_S00_AXI_inst/nolabel_line434/PE/pe[12].pe/fp/U0/i_synth/FMA_OP.OP/mul/MULT/gDSP.gDSP_only.iDSP/use_prim.appDSP48[0].bppDSP48[1].use_dsp.use_dsp48e1.iDSP48E1/P[47:0] is not pipelined (MREG=0). Pipelining the multiplier function will improve performance and will save significant power so it is suggested whenever possible to fully pipeline this function.  If this multiplier was inferred, it is suggested to describe an additional register stage after this function.  If there is no registered adder/accumulator following the multiply function, two pipeline stages are suggested to allow both the MREG and PREG registers to be used.  If the DSP48 was instantiated in the design, it is suggested to set both the MREG and PREG attributes to 1 when performing multiply functions.
Related violations: <none>

DPOP-2#5 Warning
MREG Output pipelining  
DSP design_1_i/myip_0/inst/myip_v1_0_S00_AXI_inst/nolabel_line434/PE/pe[13].pe/fp/U0/i_synth/FMA_OP.OP/mul/MULT/gDSP.gDSP_only.iDSP/use_prim.appDSP48[0].bppDSP48[1].use_dsp.use_dsp48e1.iDSP48E1 multiplier stage design_1_i/myip_0/inst/myip_v1_0_S00_AXI_inst/nolabel_line434/PE/pe[13].pe/fp/U0/i_synth/FMA_OP.OP/mul/MULT/gDSP.gDSP_only.iDSP/use_prim.appDSP48[0].bppDSP48[1].use_dsp.use_dsp48e1.iDSP48E1/P[47:0] is not pipelined (MREG=0). Pipelining the multiplier function will improve performance and will save significant power so it is suggested whenever possible to fully pipeline this function.  If this multiplier was inferred, it is suggested to describe an additional register stage after this function.  If there is no registered adder/accumulator following the multiply function, two pipeline stages are suggested to allow both the MREG and PREG registers to be used.  If the DSP48 was instantiated in the design, it is suggested to set both the MREG and PREG attributes to 1 when performing multiply functions.
Related violations: <none>

DPOP-2#6 Warning
MREG Output pipelining  
DSP design_1_i/myip_0/inst/myip_v1_0_S00_AXI_inst/nolabel_line434/PE/pe[14].pe/fp/U0/i_synth/FMA_OP.OP/mul/MULT/gDSP.gDSP_only.iDSP/use_prim.appDSP48[0].bppDSP48[1].use_dsp.use_dsp48e1.iDSP48E1 multiplier stage design_1_i/myip_0/inst/myip_v1_0_S00_AXI_inst/nolabel_line434/PE/pe[14].pe/fp/U0/i_synth/FMA_OP.OP/mul/MULT/gDSP.gDSP_only.iDSP/use_prim.appDSP48[0].bppDSP48[1].use_dsp.use_dsp48e1.iDSP48E1/P[47:0] is not pipelined (MREG=0). Pipelining the multiplier function will improve performance and will save significant power so it is suggested whenever possible to fully pipeline this function.  If this multiplier was inferred, it is suggested to describe an additional register stage after this function.  If there is no registered adder/accumulator following the multiply function, two pipeline stages are suggested to allow both the MREG and PREG registers to be used.  If the DSP48 was instantiated in the design, it is suggested to set both the MREG and PREG attributes to 1 when performing multiply functions.
Related violations: <none>

DPOP-2#7 Warning
MREG Output pipelining  
DSP design_1_i/myip_0/inst/myip_v1_0_S00_AXI_inst/nolabel_line434/PE/pe[15].pe/fp/U0/i_synth/FMA_OP.OP/mul/MULT/gDSP.gDSP_only.iDSP/use_prim.appDSP48[0].bppDSP48[1].use_dsp.use_dsp48e1.iDSP48E1 multiplier stage design_1_i/myip_0/inst/myip_v1_0_S00_AXI_inst/nolabel_line434/PE/pe[15].pe/fp/U0/i_synth/FMA_OP.OP/mul/MULT/gDSP.gDSP_only.iDSP/use_prim.appDSP48[0].bppDSP48[1].use_dsp.use_dsp48e1.iDSP48E1/P[47:0] is not pipelined (MREG=0). Pipelining the multiplier function will improve performance and will save significant power so it is suggested whenever possible to fully pipeline this function.  If this multiplier was inferred, it is suggested to describe an additional register stage after this function.  If there is no registered adder/accumulator following the multiply function, two pipeline stages are suggested to allow both the MREG and PREG registers to be used.  If the DSP48 was instantiated in the design, it is suggested to set both the MREG and PREG attributes to 1 when performing multiply functions.
Related violations: <none>

DPOP-2#8 Warning
MREG Output pipelining  
DSP design_1_i/myip_0/inst/myip_v1_0_S00_AXI_inst/nolabel_line434/PE/pe[1].pe/fp/U0/i_synth/FMA_OP.OP/mul/MULT/gDSP.gDSP_only.iDSP/use_prim.appDSP48[0].bppDSP48[1].use_dsp.use_dsp48e1.iDSP48E1 multiplier stage design_1_i/myip_0/inst/myip_v1_0_S00_AXI_inst/nolabel_line434/PE/pe[1].pe/fp/U0/i_synth/FMA_OP.OP/mul/MULT/gDSP.gDSP_only.iDSP/use_prim.appDSP48[0].bppDSP48[1].use_dsp.use_dsp48e1.iDSP48E1/P[47:0] is not pipelined (MREG=0). Pipelining the multiplier function will improve performance and will save significant power so it is suggested whenever possible to fully pipeline this function.  If this multiplier was inferred, it is suggested to describe an additional register stage after this function.  If there is no registered adder/accumulator following the multiply function, two pipeline stages are suggested to allow both the MREG and PREG registers to be used.  If the DSP48 was instantiated in the design, it is suggested to set both the MREG and PREG attributes to 1 when performing multiply functions.
Related violations: <none>

DPOP-2#9 Warning
MREG Output pipelining  
DSP design_1_i/myip_0/inst/myip_v1_0_S00_AXI_inst/nolabel_line434/PE/pe[2].pe/fp/U0/i_synth/FMA_OP.OP/mul/MULT/gDSP.gDSP_only.iDSP/use_prim.appDSP48[0].bppDSP48[1].use_dsp.use_dsp48e1.iDSP48E1 multiplier stage design_1_i/myip_0/inst/myip_v1_0_S00_AXI_inst/nolabel_line434/PE/pe[2].pe/fp/U0/i_synth/FMA_OP.OP/mul/MULT/gDSP.gDSP_only.iDSP/use_prim.appDSP48[0].bppDSP48[1].use_dsp.use_dsp48e1.iDSP48E1/P[47:0] is not pipelined (MREG=0). Pipelining the multiplier function will improve performance and will save significant power so it is suggested whenever possible to fully pipeline this function.  If this multiplier was inferred, it is suggested to describe an additional register stage after this function.  If there is no registered adder/accumulator following the multiply function, two pipeline stages are suggested to allow both the MREG and PREG registers to be used.  If the DSP48 was instantiated in the design, it is suggested to set both the MREG and PREG attributes to 1 when performing multiply functions.
Related violations: <none>

DPOP-2#10 Warning
MREG Output pipelining  
DSP design_1_i/myip_0/inst/myip_v1_0_S00_AXI_inst/nolabel_line434/PE/pe[3].pe/fp/U0/i_synth/FMA_OP.OP/mul/MULT/gDSP.gDSP_only.iDSP/use_prim.appDSP48[0].bppDSP48[1].use_dsp.use_dsp48e1.iDSP48E1 multiplier stage design_1_i/myip_0/inst/myip_v1_0_S00_AXI_inst/nolabel_line434/PE/pe[3].pe/fp/U0/i_synth/FMA_OP.OP/mul/MULT/gDSP.gDSP_only.iDSP/use_prim.appDSP48[0].bppDSP48[1].use_dsp.use_dsp48e1.iDSP48E1/P[47:0] is not pipelined (MREG=0). Pipelining the multiplier function will improve performance and will save significant power so it is suggested whenever possible to fully pipeline this function.  If this multiplier was inferred, it is suggested to describe an additional register stage after this function.  If there is no registered adder/accumulator following the multiply function, two pipeline stages are suggested to allow both the MREG and PREG registers to be used.  If the DSP48 was instantiated in the design, it is suggested to set both the MREG and PREG attributes to 1 when performing multiply functions.
Related violations: <none>

DPOP-2#11 Warning
MREG Output pipelining  
DSP design_1_i/myip_0/inst/myip_v1_0_S00_AXI_inst/nolabel_line434/PE/pe[4].pe/fp/U0/i_synth/FMA_OP.OP/mul/MULT/gDSP.gDSP_only.iDSP/use_prim.appDSP48[0].bppDSP48[1].use_dsp.use_dsp48e1.iDSP48E1 multiplier stage design_1_i/myip_0/inst/myip_v1_0_S00_AXI_inst/nolabel_line434/PE/pe[4].pe/fp/U0/i_synth/FMA_OP.OP/mul/MULT/gDSP.gDSP_only.iDSP/use_prim.appDSP48[0].bppDSP48[1].use_dsp.use_dsp48e1.iDSP48E1/P[47:0] is not pipelined (MREG=0). Pipelining the multiplier function will improve performance and will save significant power so it is suggested whenever possible to fully pipeline this function.  If this multiplier was inferred, it is suggested to describe an additional register stage after this function.  If there is no registered adder/accumulator following the multiply function, two pipeline stages are suggested to allow both the MREG and PREG registers to be used.  If the DSP48 was instantiated in the design, it is suggested to set both the MREG and PREG attributes to 1 when performing multiply functions.
Related violations: <none>

DPOP-2#12 Warning
MREG Output pipelining  
DSP design_1_i/myip_0/inst/myip_v1_0_S00_AXI_inst/nolabel_line434/PE/pe[5].pe/fp/U0/i_synth/FMA_OP.OP/mul/MULT/gDSP.gDSP_only.iDSP/use_prim.appDSP48[0].bppDSP48[1].use_dsp.use_dsp48e1.iDSP48E1 multiplier stage design_1_i/myip_0/inst/myip_v1_0_S00_AXI_inst/nolabel_line434/PE/pe[5].pe/fp/U0/i_synth/FMA_OP.OP/mul/MULT/gDSP.gDSP_only.iDSP/use_prim.appDSP48[0].bppDSP48[1].use_dsp.use_dsp48e1.iDSP48E1/P[47:0] is not pipelined (MREG=0). Pipelining the multiplier function will improve performance and will save significant power so it is suggested whenever possible to fully pipeline this function.  If this multiplier was inferred, it is suggested to describe an additional register stage after this function.  If there is no registered adder/accumulator following the multiply function, two pipeline stages are suggested to allow both the MREG and PREG registers to be used.  If the DSP48 was instantiated in the design, it is suggested to set both the MREG and PREG attributes to 1 when performing multiply functions.
Related violations: <none>

DPOP-2#13 Warning
MREG Output pipelining  
DSP design_1_i/myip_0/inst/myip_v1_0_S00_AXI_inst/nolabel_line434/PE/pe[6].pe/fp/U0/i_synth/FMA_OP.OP/mul/MULT/gDSP.gDSP_only.iDSP/use_prim.appDSP48[0].bppDSP48[1].use_dsp.use_dsp48e1.iDSP48E1 multiplier stage design_1_i/myip_0/inst/myip_v1_0_S00_AXI_inst/nolabel_line434/PE/pe[6].pe/fp/U0/i_synth/FMA_OP.OP/mul/MULT/gDSP.gDSP_only.iDSP/use_prim.appDSP48[0].bppDSP48[1].use_dsp.use_dsp48e1.iDSP48E1/P[47:0] is not pipelined (MREG=0). Pipelining the multiplier function will improve performance and will save significant power so it is suggested whenever possible to fully pipeline this function.  If this multiplier was inferred, it is suggested to describe an additional register stage after this function.  If there is no registered adder/accumulator following the multiply function, two pipeline stages are suggested to allow both the MREG and PREG registers to be used.  If the DSP48 was instantiated in the design, it is suggested to set both the MREG and PREG attributes to 1 when performing multiply functions.
Related violations: <none>

DPOP-2#14 Warning
MREG Output pipelining  
DSP design_1_i/myip_0/inst/myip_v1_0_S00_AXI_inst/nolabel_line434/PE/pe[7].pe/fp/U0/i_synth/FMA_OP.OP/mul/MULT/gDSP.gDSP_only.iDSP/use_prim.appDSP48[0].bppDSP48[1].use_dsp.use_dsp48e1.iDSP48E1 multiplier stage design_1_i/myip_0/inst/myip_v1_0_S00_AXI_inst/nolabel_line434/PE/pe[7].pe/fp/U0/i_synth/FMA_OP.OP/mul/MULT/gDSP.gDSP_only.iDSP/use_prim.appDSP48[0].bppDSP48[1].use_dsp.use_dsp48e1.iDSP48E1/P[47:0] is not pipelined (MREG=0). Pipelining the multiplier function will improve performance and will save significant power so it is suggested whenever possible to fully pipeline this function.  If this multiplier was inferred, it is suggested to describe an additional register stage after this function.  If there is no registered adder/accumulator following the multiply function, two pipeline stages are suggested to allow both the MREG and PREG registers to be used.  If the DSP48 was instantiated in the design, it is suggested to set both the MREG and PREG attributes to 1 when performing multiply functions.
Related violations: <none>

DPOP-2#15 Warning
MREG Output pipelining  
DSP design_1_i/myip_0/inst/myip_v1_0_S00_AXI_inst/nolabel_line434/PE/pe[8].pe/fp/U0/i_synth/FMA_OP.OP/mul/MULT/gDSP.gDSP_only.iDSP/use_prim.appDSP48[0].bppDSP48[1].use_dsp.use_dsp48e1.iDSP48E1 multiplier stage design_1_i/myip_0/inst/myip_v1_0_S00_AXI_inst/nolabel_line434/PE/pe[8].pe/fp/U0/i_synth/FMA_OP.OP/mul/MULT/gDSP.gDSP_only.iDSP/use_prim.appDSP48[0].bppDSP48[1].use_dsp.use_dsp48e1.iDSP48E1/P[47:0] is not pipelined (MREG=0). Pipelining the multiplier function will improve performance and will save significant power so it is suggested whenever possible to fully pipeline this function.  If this multiplier was inferred, it is suggested to describe an additional register stage after this function.  If there is no registered adder/accumulator following the multiply function, two pipeline stages are suggested to allow both the MREG and PREG registers to be used.  If the DSP48 was instantiated in the design, it is suggested to set both the MREG and PREG attributes to 1 when performing multiply functions.
Related violations: <none>

DPOP-2#16 Warning
MREG Output pipelining  
DSP design_1_i/myip_0/inst/myip_v1_0_S00_AXI_inst/nolabel_line434/PE/pe[9].pe/fp/U0/i_synth/FMA_OP.OP/mul/MULT/gDSP.gDSP_only.iDSP/use_prim.appDSP48[0].bppDSP48[1].use_dsp.use_dsp48e1.iDSP48E1 multiplier stage design_1_i/myip_0/inst/myip_v1_0_S00_AXI_inst/nolabel_line434/PE/pe[9].pe/fp/U0/i_synth/FMA_OP.OP/mul/MULT/gDSP.gDSP_only.iDSP/use_prim.appDSP48[0].bppDSP48[1].use_dsp.use_dsp48e1.iDSP48E1/P[47:0] is not pipelined (MREG=0). Pipelining the multiplier function will improve performance and will save significant power so it is suggested whenever possible to fully pipeline this function.  If this multiplier was inferred, it is suggested to describe an additional register stage after this function.  If there is no registered adder/accumulator following the multiply function, two pipeline stages are suggested to allow both the MREG and PREG registers to be used.  If the DSP48 was instantiated in the design, it is suggested to set both the MREG and PREG attributes to 1 when performing multiply functions.
Related violations: <none>

REQP-1840#1 Warning
RAMB18 async control check  
The RAMB18E1 design_1_i/myip_0/inst/myip_v1_0_S00_AXI_inst/nolabel_line434/PE/globalram_reg has an input control pin design_1_i/myip_0/inst/myip_v1_0_S00_AXI_inst/nolabel_line434/PE/globalram_reg/ADDRARDADDR[10] (net: design_1_i/myip_0/inst/myip_v1_0_S00_AXI_inst/nolabel_line434/PE/countercal_reg__0[5]) which is driven by a register (design_1_i/myip_0/inst/myip_v1_0_S00_AXI_inst/nolabel_line434/PE/countercal_reg[5]) that has an active asychronous set or reset. This may cause corruption of the memory contents and/or read values when the set/reset is asserted and is not analyzed by the default static timing analysis. It is suggested to eliminate the use of a set/reset to registers driving this RAMB pin or else use a synchronous reset in which the assertion of the reset is timed by default.
Related violations: <none>

REQP-1840#2 Warning
RAMB18 async control check  
The RAMB18E1 design_1_i/myip_0/inst/myip_v1_0_S00_AXI_inst/nolabel_line434/PE/globalram_reg has an input control pin design_1_i/myip_0/inst/myip_v1_0_S00_AXI_inst/nolabel_line434/PE/globalram_reg/ADDRARDADDR[11] (net: design_1_i/myip_0/inst/myip_v1_0_S00_AXI_inst/nolabel_line434/PE/countercal_reg__1[6]) which is driven by a register (design_1_i/myip_0/inst/myip_v1_0_S00_AXI_inst/nolabel_line434/PE/countercal_reg[6]) that has an active asychronous set or reset. This may cause corruption of the memory contents and/or read values when the set/reset is asserted and is not analyzed by the default static timing analysis. It is suggested to eliminate the use of a set/reset to registers driving this RAMB pin or else use a synchronous reset in which the assertion of the reset is timed by default.
Related violations: <none>

REQP-1840#3 Warning
RAMB18 async control check  
The RAMB18E1 design_1_i/myip_0/inst/myip_v1_0_S00_AXI_inst/nolabel_line434/PE/globalram_reg has an input control pin design_1_i/myip_0/inst/myip_v1_0_S00_AXI_inst/nolabel_line434/PE/globalram_reg/ADDRARDADDR[12] (net: design_1_i/myip_0/inst/myip_v1_0_S00_AXI_inst/nolabel_line434/PE/countercal_reg__1[7]) which is driven by a register (design_1_i/myip_0/inst/myip_v1_0_S00_AXI_inst/nolabel_line434/PE/countercal_reg[7]) that has an active asychronous set or reset. This may cause corruption of the memory contents and/or read values when the set/reset is asserted and is not analyzed by the default static timing analysis. It is suggested to eliminate the use of a set/reset to registers driving this RAMB pin or else use a synchronous reset in which the assertion of the reset is timed by default.
Related violations: <none>

REQP-1840#4 Warning
RAMB18 async control check  
The RAMB18E1 design_1_i/myip_0/inst/myip_v1_0_S00_AXI_inst/nolabel_line434/PE/globalram_reg has an input control pin design_1_i/myip_0/inst/myip_v1_0_S00_AXI_inst/nolabel_line434/PE/globalram_reg/ADDRARDADDR[13] (net: design_1_i/myip_0/inst/myip_v1_0_S00_AXI_inst/nolabel_line434/PE/countercal_reg__1[8]) which is driven by a register (design_1_i/myip_0/inst/myip_v1_0_S00_AXI_inst/nolabel_line434/PE/countercal_reg[8]) that has an active asychronous set or reset. This may cause corruption of the memory contents and/or read values when the set/reset is asserted and is not analyzed by the default static timing analysis. It is suggested to eliminate the use of a set/reset to registers driving this RAMB pin or else use a synchronous reset in which the assertion of the reset is timed by default.
Related violations: <none>

REQP-1840#5 Warning
RAMB18 async control check  
The RAMB18E1 design_1_i/myip_0/inst/myip_v1_0_S00_AXI_inst/nolabel_line434/PE/globalram_reg has an input control pin design_1_i/myip_0/inst/myip_v1_0_S00_AXI_inst/nolabel_line434/PE/globalram_reg/ADDRARDADDR[5] (net: design_1_i/myip_0/inst/myip_v1_0_S00_AXI_inst/nolabel_line434/PE/countercal_reg__0[0]) which is driven by a register (design_1_i/myip_0/inst/myip_v1_0_S00_AXI_inst/nolabel_line434/PE/countercal_reg[0]) that has an active asychronous set or reset. This may cause corruption of the memory contents and/or read values when the set/reset is asserted and is not analyzed by the default static timing analysis. It is suggested to eliminate the use of a set/reset to registers driving this RAMB pin or else use a synchronous reset in which the assertion of the reset is timed by default.
Related violations: <none>

REQP-1840#6 Warning
RAMB18 async control check  
The RAMB18E1 design_1_i/myip_0/inst/myip_v1_0_S00_AXI_inst/nolabel_line434/PE/globalram_reg has an input control pin design_1_i/myip_0/inst/myip_v1_0_S00_AXI_inst/nolabel_line434/PE/globalram_reg/ADDRARDADDR[6] (net: design_1_i/myip_0/inst/myip_v1_0_S00_AXI_inst/nolabel_line434/PE/countercal_reg__0[1]) which is driven by a register (design_1_i/myip_0/inst/myip_v1_0_S00_AXI_inst/nolabel_line434/PE/countercal_reg[1]) that has an active asychronous set or reset. This may cause corruption of the memory contents and/or read values when the set/reset is asserted and is not analyzed by the default static timing analysis. It is suggested to eliminate the use of a set/reset to registers driving this RAMB pin or else use a synchronous reset in which the assertion of the reset is timed by default.
Related violations: <none>

REQP-1840#7 Warning
RAMB18 async control check  
The RAMB18E1 design_1_i/myip_0/inst/myip_v1_0_S00_AXI_inst/nolabel_line434/PE/globalram_reg has an input control pin design_1_i/myip_0/inst/myip_v1_0_S00_AXI_inst/nolabel_line434/PE/globalram_reg/ADDRARDADDR[7] (net: design_1_i/myip_0/inst/myip_v1_0_S00_AXI_inst/nolabel_line434/PE/countercal_reg__0[2]) which is driven by a register (design_1_i/myip_0/inst/myip_v1_0_S00_AXI_inst/nolabel_line434/PE/countercal_reg[2]) that has an active asychronous set or reset. This may cause corruption of the memory contents and/or read values when the set/reset is asserted and is not analyzed by the default static timing analysis. It is suggested to eliminate the use of a set/reset to registers driving this RAMB pin or else use a synchronous reset in which the assertion of the reset is timed by default.
Related violations: <none>

REQP-1840#8 Warning
RAMB18 async control check  
The RAMB18E1 design_1_i/myip_0/inst/myip_v1_0_S00_AXI_inst/nolabel_line434/PE/globalram_reg has an input control pin design_1_i/myip_0/inst/myip_v1_0_S00_AXI_inst/nolabel_line434/PE/globalram_reg/ADDRARDADDR[8] (net: design_1_i/myip_0/inst/myip_v1_0_S00_AXI_inst/nolabel_line434/PE/countercal_reg__0[3]) which is driven by a register (design_1_i/myip_0/inst/myip_v1_0_S00_AXI_inst/nolabel_line434/PE/countercal_reg[3]) that has an active asychronous set or reset. This may cause corruption of the memory contents and/or read values when the set/reset is asserted and is not analyzed by the default static timing analysis. It is suggested to eliminate the use of a set/reset to registers driving this RAMB pin or else use a synchronous reset in which the assertion of the reset is timed by default.
Related violations: <none>

REQP-1840#9 Warning
RAMB18 async control check  
The RAMB18E1 design_1_i/myip_0/inst/myip_v1_0_S00_AXI_inst/nolabel_line434/PE/globalram_reg has an input control pin design_1_i/myip_0/inst/myip_v1_0_S00_AXI_inst/nolabel_line434/PE/globalram_reg/ADDRARDADDR[9] (net: design_1_i/myip_0/inst/myip_v1_0_S00_AXI_inst/nolabel_line434/PE/countercal_reg__0[4]) which is driven by a register (design_1_i/myip_0/inst/myip_v1_0_S00_AXI_inst/nolabel_line434/PE/countercal_reg[4]) that has an active asychronous set or reset. This may cause corruption of the memory contents and/or read values when the set/reset is asserted and is not analyzed by the default static timing analysis. It is suggested to eliminate the use of a set/reset to registers driving this RAMB pin or else use a synchronous reset in which the assertion of the reset is timed by default.
Related violations: <none>

REQP-1840#10 Warning
RAMB18 async control check  
The RAMB18E1 design_1_i/myip_0/inst/myip_v1_0_S00_AXI_inst/nolabel_line434/PE/globalram_reg has an input control pin design_1_i/myip_0/inst/myip_v1_0_S00_AXI_inst/nolabel_line434/PE/globalram_reg/ADDRBWRADDR[10] (net: design_1_i/myip_0/inst/myip_v1_0_S00_AXI_inst/nolabel_line434/PE/counterdata[5]) which is driven by a register (design_1_i/myip_0/inst/myip_v1_0_S00_AXI_inst/nolabel_line434/PE/counterdata_reg[5]) that has an active asychronous set or reset. This may cause corruption of the memory contents and/or read values when the set/reset is asserted and is not analyzed by the default static timing analysis. It is suggested to eliminate the use of a set/reset to registers driving this RAMB pin or else use a synchronous reset in which the assertion of the reset is timed by default.
Related violations: <none>

REQP-1840#11 Warning
RAMB18 async control check  
The RAMB18E1 design_1_i/myip_0/inst/myip_v1_0_S00_AXI_inst/nolabel_line434/PE/globalram_reg has an input control pin design_1_i/myip_0/inst/myip_v1_0_S00_AXI_inst/nolabel_line434/PE/globalram_reg/ADDRBWRADDR[11] (net: design_1_i/myip_0/inst/myip_v1_0_S00_AXI_inst/nolabel_line434/PE/counterdata[6]) which is driven by a register (design_1_i/myip_0/inst/myip_v1_0_S00_AXI_inst/nolabel_line434/PE/counterdata_reg[6]) that has an active asychronous set or reset. This may cause corruption of the memory contents and/or read values when the set/reset is asserted and is not analyzed by the default static timing analysis. It is suggested to eliminate the use of a set/reset to registers driving this RAMB pin or else use a synchronous reset in which the assertion of the reset is timed by default.
Related violations: <none>

REQP-1840#12 Warning
RAMB18 async control check  
The RAMB18E1 design_1_i/myip_0/inst/myip_v1_0_S00_AXI_inst/nolabel_line434/PE/globalram_reg has an input control pin design_1_i/myip_0/inst/myip_v1_0_S00_AXI_inst/nolabel_line434/PE/globalram_reg/ADDRBWRADDR[12] (net: design_1_i/myip_0/inst/myip_v1_0_S00_AXI_inst/nolabel_line434/PE/counterdata[7]) which is driven by a register (design_1_i/myip_0/inst/myip_v1_0_S00_AXI_inst/nolabel_line434/PE/counterdata_reg[7]) that has an active asychronous set or reset. This may cause corruption of the memory contents and/or read values when the set/reset is asserted and is not analyzed by the default static timing analysis. It is suggested to eliminate the use of a set/reset to registers driving this RAMB pin or else use a synchronous reset in which the assertion of the reset is timed by default.
Related violations: <none>

REQP-1840#13 Warning
RAMB18 async control check  
The RAMB18E1 design_1_i/myip_0/inst/myip_v1_0_S00_AXI_inst/nolabel_line434/PE/globalram_reg has an input control pin design_1_i/myip_0/inst/myip_v1_0_S00_AXI_inst/nolabel_line434/PE/globalram_reg/ADDRBWRADDR[13] (net: design_1_i/myip_0/inst/myip_v1_0_S00_AXI_inst/nolabel_line434/PE/counterdata[8]) which is driven by a register (design_1_i/myip_0/inst/myip_v1_0_S00_AXI_inst/nolabel_line434/PE/counterdata_reg[8]) that has an active asychronous set or reset. This may cause corruption of the memory contents and/or read values when the set/reset is asserted and is not analyzed by the default static timing analysis. It is suggested to eliminate the use of a set/reset to registers driving this RAMB pin or else use a synchronous reset in which the assertion of the reset is timed by default.
Related violations: <none>

REQP-1840#14 Warning
RAMB18 async control check  
The RAMB18E1 design_1_i/myip_0/inst/myip_v1_0_S00_AXI_inst/nolabel_line434/PE/globalram_reg has an input control pin design_1_i/myip_0/inst/myip_v1_0_S00_AXI_inst/nolabel_line434/PE/globalram_reg/ADDRBWRADDR[5] (net: design_1_i/myip_0/inst/myip_v1_0_S00_AXI_inst/nolabel_line434/PE/counterdata[0]) which is driven by a register (design_1_i/myip_0/inst/myip_v1_0_S00_AXI_inst/nolabel_line434/PE/counterdata_reg[0]) that has an active asychronous set or reset. This may cause corruption of the memory contents and/or read values when the set/reset is asserted and is not analyzed by the default static timing analysis. It is suggested to eliminate the use of a set/reset to registers driving this RAMB pin or else use a synchronous reset in which the assertion of the reset is timed by default.
Related violations: <none>

REQP-1840#15 Warning
RAMB18 async control check  
The RAMB18E1 design_1_i/myip_0/inst/myip_v1_0_S00_AXI_inst/nolabel_line434/PE/globalram_reg has an input control pin design_1_i/myip_0/inst/myip_v1_0_S00_AXI_inst/nolabel_line434/PE/globalram_reg/ADDRBWRADDR[6] (net: design_1_i/myip_0/inst/myip_v1_0_S00_AXI_inst/nolabel_line434/PE/counterdata[1]) which is driven by a register (design_1_i/myip_0/inst/myip_v1_0_S00_AXI_inst/nolabel_line434/PE/counterdata_reg[1]) that has an active asychronous set or reset. This may cause corruption of the memory contents and/or read values when the set/reset is asserted and is not analyzed by the default static timing analysis. It is suggested to eliminate the use of a set/reset to registers driving this RAMB pin or else use a synchronous reset in which the assertion of the reset is timed by default.
Related violations: <none>

REQP-1840#16 Warning
RAMB18 async control check  
The RAMB18E1 design_1_i/myip_0/inst/myip_v1_0_S00_AXI_inst/nolabel_line434/PE/globalram_reg has an input control pin design_1_i/myip_0/inst/myip_v1_0_S00_AXI_inst/nolabel_line434/PE/globalram_reg/ADDRBWRADDR[7] (net: design_1_i/myip_0/inst/myip_v1_0_S00_AXI_inst/nolabel_line434/PE/counterdata[2]) which is driven by a register (design_1_i/myip_0/inst/myip_v1_0_S00_AXI_inst/nolabel_line434/PE/counterdata_reg[2]) that has an active asychronous set or reset. This may cause corruption of the memory contents and/or read values when the set/reset is asserted and is not analyzed by the default static timing analysis. It is suggested to eliminate the use of a set/reset to registers driving this RAMB pin or else use a synchronous reset in which the assertion of the reset is timed by default.
Related violations: <none>

REQP-1840#17 Warning
RAMB18 async control check  
The RAMB18E1 design_1_i/myip_0/inst/myip_v1_0_S00_AXI_inst/nolabel_line434/PE/globalram_reg has an input control pin design_1_i/myip_0/inst/myip_v1_0_S00_AXI_inst/nolabel_line434/PE/globalram_reg/ADDRBWRADDR[8] (net: design_1_i/myip_0/inst/myip_v1_0_S00_AXI_inst/nolabel_line434/PE/counterdata[3]) which is driven by a register (design_1_i/myip_0/inst/myip_v1_0_S00_AXI_inst/nolabel_line434/PE/counterdata_reg[3]) that has an active asychronous set or reset. This may cause corruption of the memory contents and/or read values when the set/reset is asserted and is not analyzed by the default static timing analysis. It is suggested to eliminate the use of a set/reset to registers driving this RAMB pin or else use a synchronous reset in which the assertion of the reset is timed by default.
Related violations: <none>

REQP-1840#18 Warning
RAMB18 async control check  
The RAMB18E1 design_1_i/myip_0/inst/myip_v1_0_S00_AXI_inst/nolabel_line434/PE/globalram_reg has an input control pin design_1_i/myip_0/inst/myip_v1_0_S00_AXI_inst/nolabel_line434/PE/globalram_reg/ADDRBWRADDR[9] (net: design_1_i/myip_0/inst/myip_v1_0_S00_AXI_inst/nolabel_line434/PE/counterdata[4]) which is driven by a register (design_1_i/myip_0/inst/myip_v1_0_S00_AXI_inst/nolabel_line434/PE/counterdata_reg[4]) that has an active asychronous set or reset. This may cause corruption of the memory contents and/or read values when the set/reset is asserted and is not analyzed by the default static timing analysis. It is suggested to eliminate the use of a set/reset to registers driving this RAMB pin or else use a synchronous reset in which the assertion of the reset is timed by default.
Related violations: <none>

REQP-1840#19 Warning
RAMB18 async control check  
The RAMB18E1 design_1_i/myip_0/inst/myip_v1_0_S00_AXI_inst/nolabel_line434/PE/globalram_reg has an input control pin design_1_i/myip_0/inst/myip_v1_0_S00_AXI_inst/nolabel_line434/PE/globalram_reg/ENARDEN (net: design_1_i/myip_0/inst/myip_v1_0_S00_AXI_inst/nolabel_line434/PE/p_state_reg_n_0_[1]) which is driven by a register (design_1_i/myip_0/inst/myip_v1_0_S00_AXI_inst/nolabel_line434/PE/p_state_reg[1]) that has an active asychronous set or reset. This may cause corruption of the memory contents and/or read values when the set/reset is asserted and is not analyzed by the default static timing analysis. It is suggested to eliminate the use of a set/reset to registers driving this RAMB pin or else use a synchronous reset in which the assertion of the reset is timed by default.
Related violations: <none>

REQP-1840#20 Warning
RAMB18 async control check  
The RAMB18E1 design_1_i/myip_0/inst/myip_v1_0_S00_AXI_inst/nolabel_line434/PE/globalram_reg has an input control pin design_1_i/myip_0/inst/myip_v1_0_S00_AXI_inst/nolabel_line434/PE/globalram_reg/ENBWREN (net: design_1_i/myip_0/inst/myip_v1_0_S00_AXI_inst/nolabel_line434/PE/globalram_reg_i_1_n_0) which is driven by a register (design_1_i/myip_0/inst/myip_v1_0_S00_AXI_inst/nolabel_line434/PE/counterdata_reg[4]) that has an active asychronous set or reset. This may cause corruption of the memory contents and/or read values when the set/reset is asserted and is not analyzed by the default static timing analysis. It is suggested to eliminate the use of a set/reset to registers driving this RAMB pin or else use a synchronous reset in which the assertion of the reset is timed by default.
Related violations: <none>


