#-----------------------------------------------------------
# Vivado v2018.3 (64-bit)
# SW Build 2405991 on Thu Dec  6 23:38:27 MST 2018
# IP Build 2404404 on Fri Dec  7 01:43:56 MST 2018
# Start of session at: Fri May 28 12:11:31 2021
# Process ID: 16400
# Current directory: C:/Users/lucetre/Documents/semester/21s-hardware-system-design/Project/Project_V0/MyIP/mm_mul
# Command line: vivado.exe -gui_launcher_event rodinguilauncherevent8832 C:\Users\lucetre\Documents\semester\21s-hardware-system-design\Project\Project_V0\MyIP\mm_mul\mm_mul.xpr
# Log file: C:/Users/lucetre/Documents/semester/21s-hardware-system-design/Project/Project_V0/MyIP/mm_mul/vivado.log
# Journal file: C:/Users/lucetre/Documents/semester/21s-hardware-system-design/Project/Project_V0/MyIP/mm_mul\vivado.jou
#-----------------------------------------------------------
start_gui
open_project C:/Users/lucetre/Documents/semester/21s-hardware-system-design/Project/Project_V0/MyIP/mm_mul/mm_mul.xpr
INFO: [ProjectBase 1-489] The host OS only allows 260 characters in a normal path. The project is stored in a path with more than 80 characters. If you experience issues with IP, Block Designs, or files not being found, please consider moving the project to a location with a shorter path. Alternately consider using the OS subst command to map part of the path to a drive letter.
Current project path is 'C:/Users/lucetre/Documents/semester/21s-hardware-system-design/Project/Project_V0/MyIP/mm_mul'
INFO: [Project 1-313] Project file moved from 'C:/Users/lucetre/Documents/semester/21s-hardware-system-design/Project/Project_V0/my_ip_repo/mm_mul' since last save.
CRITICAL WARNING: [Project 1-311] Could not find the file 'C:/Users/lucetre/Documents/semester/21s-hardware-system-design/Project/Project_V0/MyIP/mm_mul/tb_mv_multiplier_behav.wcfg', nor could it be found using path 'C:/Users/lucetre/Documents/semester/21s-hardware-system-design/Project/Project_V0/my_ip_repo/mm_mul/tb_mv_multiplier_behav.wcfg'.
Scanning sources...
Finished scanning sources
INFO: [IP_Flow 19-234] Refreshing IP repositories
INFO: [IP_Flow 19-1704] No user IP repositories specified
INFO: [IP_Flow 19-2313] Loaded Vivado IP repository 'C:/Xilinx/Vivado/2018.3/data/ip'.
open_project: Time (s): cpu = 00:00:11 ; elapsed = 00:00:14 . Memory (MB): peak = 648.891 ; gain = 75.484
update_compile_order -fileset sources_1
exit
INFO: [Common 17-206] Exiting Vivado at Fri May 28 12:15:50 2021...
