
*** Running vivado
    with args -log mm_multiplier.vds -m64 -product Vivado -mode batch -messageDb vivado.pb -notrace -source mm_multiplier.tcl


****** Vivado v2018.3 (64-bit)
  **** SW Build 2405991 on Thu Dec  6 23:38:27 MST 2018
  **** IP Build 2404404 on Fri Dec  7 01:43:56 MST 2018
    ** Copyright 1986-2018 Xilinx, Inc. All Rights Reserved.

source mm_multiplier.tcl -notrace
Command: synth_design -top mm_multiplier -part xc7z020clg484-1
Starting synth_design
Attempting to get a license for feature 'Synthesis' and/or device 'xc7z020'
INFO: [Common 17-349] Got license for feature 'Synthesis' and/or device 'xc7z020'
INFO: Launching helper process for spawning children vivado processes
INFO: Helper process launched with PID 17880 
---------------------------------------------------------------------------------
Starting RTL Elaboration : Time (s): cpu = 00:00:05 ; elapsed = 00:00:07 . Memory (MB): peak = 392.809 ; gain = 97.750
---------------------------------------------------------------------------------
INFO: [Synth 8-6157] synthesizing module 'mm_multiplier' [C:/Users/lucetre/Documents/semester/21s-hardware-system-design/Project/Project_V0_interim/mm_mul/mm_mul.srcs/sources_1/new/mm_multiplier.v:3]
	Parameter L_RAM_SIZE bound to: 3 - type: integer 
	Parameter BITWIDTH bound to: 32 - type: integer 
	Parameter S_IDLE bound to: 3'b000 
	Parameter S_LOAD bound to: 3'b001 
	Parameter S_CALC bound to: 3'b010 
	Parameter S_HARV bound to: 3'b011 
	Parameter S_DONE bound to: 3'b100 
	Parameter DONE_LATENCY bound to: 5 - type: integer 
	Parameter MATRIX_SIZE bound to: 64 - type: integer 
	Parameter VECTOR_SIZE bound to: 8 - type: integer 
	Parameter ZERO bound to: 0 - type: integer 
INFO: [Synth 8-6157] synthesizing module 'my_pe' [C:/Users/lucetre/Documents/semester/21s-hardware-system-design/Project/Project_V0_interim/mm_mul/mm_mul.srcs/sources_1/imports/my_ip_repo/my_pe.v:2]
	Parameter L_RAM_SIZE bound to: 3 - type: integer 
	Parameter BITWIDTH bound to: 32 - type: integer 
INFO: [Synth 8-638] synthesizing module 'floating_point_MAC' [c:/Users/lucetre/Documents/semester/21s-hardware-system-design/Project/Project_V0_interim/mm_mul/mm_mul.srcs/sources_1/ip/floating_point_MAC/synth/floating_point_MAC.vhd:74]
	Parameter C_XDEVICEFAMILY bound to: zynq - type: string 
	Parameter C_HAS_ADD bound to: 0 - type: integer 
	Parameter C_HAS_SUBTRACT bound to: 0 - type: integer 
	Parameter C_HAS_MULTIPLY bound to: 0 - type: integer 
	Parameter C_HAS_DIVIDE bound to: 0 - type: integer 
	Parameter C_HAS_SQRT bound to: 0 - type: integer 
	Parameter C_HAS_COMPARE bound to: 0 - type: integer 
	Parameter C_HAS_FIX_TO_FLT bound to: 0 - type: integer 
	Parameter C_HAS_FLT_TO_FIX bound to: 0 - type: integer 
	Parameter C_HAS_FLT_TO_FLT bound to: 0 - type: integer 
	Parameter C_HAS_RECIP bound to: 0 - type: integer 
	Parameter C_HAS_RECIP_SQRT bound to: 0 - type: integer 
	Parameter C_HAS_ABSOLUTE bound to: 0 - type: integer 
	Parameter C_HAS_LOGARITHM bound to: 0 - type: integer 
	Parameter C_HAS_EXPONENTIAL bound to: 0 - type: integer 
	Parameter C_HAS_FMA bound to: 1 - type: integer 
	Parameter C_HAS_FMS bound to: 0 - type: integer 
	Parameter C_HAS_ACCUMULATOR_A bound to: 0 - type: integer 
	Parameter C_HAS_ACCUMULATOR_S bound to: 0 - type: integer 
	Parameter C_A_WIDTH bound to: 32 - type: integer 
	Parameter C_A_FRACTION_WIDTH bound to: 24 - type: integer 
	Parameter C_B_WIDTH bound to: 32 - type: integer 
	Parameter C_B_FRACTION_WIDTH bound to: 24 - type: integer 
	Parameter C_C_WIDTH bound to: 32 - type: integer 
	Parameter C_C_FRACTION_WIDTH bound to: 24 - type: integer 
	Parameter C_RESULT_WIDTH bound to: 32 - type: integer 
	Parameter C_RESULT_FRACTION_WIDTH bound to: 24 - type: integer 
	Parameter C_COMPARE_OPERATION bound to: 8 - type: integer 
	Parameter C_LATENCY bound to: 16 - type: integer 
	Parameter C_OPTIMIZATION bound to: 1 - type: integer 
	Parameter C_MULT_USAGE bound to: 1 - type: integer 
	Parameter C_BRAM_USAGE bound to: 0 - type: integer 
	Parameter C_RATE bound to: 1 - type: integer 
	Parameter C_ACCUM_INPUT_MSB bound to: 32 - type: integer 
	Parameter C_ACCUM_MSB bound to: 32 - type: integer 
	Parameter C_ACCUM_LSB bound to: -31 - type: integer 
	Parameter C_HAS_UNDERFLOW bound to: 0 - type: integer 
	Parameter C_HAS_OVERFLOW bound to: 0 - type: integer 
	Parameter C_HAS_INVALID_OP bound to: 0 - type: integer 
	Parameter C_HAS_DIVIDE_BY_ZERO bound to: 0 - type: integer 
	Parameter C_HAS_ACCUM_OVERFLOW bound to: 0 - type: integer 
	Parameter C_HAS_ACCUM_INPUT_OVERFLOW bound to: 0 - type: integer 
	Parameter C_HAS_ACLKEN bound to: 0 - type: integer 
	Parameter C_HAS_ARESETN bound to: 1 - type: integer 
	Parameter C_THROTTLE_SCHEME bound to: 3 - type: integer 
	Parameter C_HAS_A_TUSER bound to: 0 - type: integer 
	Parameter C_HAS_A_TLAST bound to: 0 - type: integer 
	Parameter C_HAS_B bound to: 1 - type: integer 
	Parameter C_HAS_B_TUSER bound to: 0 - type: integer 
	Parameter C_HAS_B_TLAST bound to: 0 - type: integer 
	Parameter C_HAS_C bound to: 1 - type: integer 
	Parameter C_HAS_C_TUSER bound to: 0 - type: integer 
	Parameter C_HAS_C_TLAST bound to: 0 - type: integer 
	Parameter C_HAS_OPERATION bound to: 0 - type: integer 
	Parameter C_HAS_OPERATION_TUSER bound to: 0 - type: integer 
	Parameter C_HAS_OPERATION_TLAST bound to: 0 - type: integer 
	Parameter C_HAS_RESULT_TUSER bound to: 0 - type: integer 
	Parameter C_HAS_RESULT_TLAST bound to: 0 - type: integer 
	Parameter C_TLAST_RESOLUTION bound to: 0 - type: integer 
	Parameter C_A_TDATA_WIDTH bound to: 32 - type: integer 
	Parameter C_A_TUSER_WIDTH bound to: 1 - type: integer 
	Parameter C_B_TDATA_WIDTH bound to: 32 - type: integer 
	Parameter C_B_TUSER_WIDTH bound to: 1 - type: integer 
	Parameter C_C_TDATA_WIDTH bound to: 32 - type: integer 
	Parameter C_C_TUSER_WIDTH bound to: 1 - type: integer 
	Parameter C_OPERATION_TDATA_WIDTH bound to: 8 - type: integer 
	Parameter C_OPERATION_TUSER_WIDTH bound to: 1 - type: integer 
	Parameter C_RESULT_TDATA_WIDTH bound to: 32 - type: integer 
	Parameter C_RESULT_TUSER_WIDTH bound to: 1 - type: integer 
	Parameter C_FIXED_DATA_UNSIGNED bound to: 0 - type: integer 
INFO: [Synth 8-3491] module 'floating_point_v7_1_7' declared at 'c:/Users/lucetre/Documents/semester/21s-hardware-system-design/Project/Project_V0_interim/mm_mul/mm_mul.srcs/sources_1/ip/floating_point_MAC/hdl/floating_point_v7_1_vh_rfs.vhd:91615' bound to instance 'U0' of component 'floating_point_v7_1_7' [c:/Users/lucetre/Documents/semester/21s-hardware-system-design/Project/Project_V0_interim/mm_mul/mm_mul.srcs/sources_1/ip/floating_point_MAC/synth/floating_point_MAC.vhd:208]
INFO: [Synth 8-256] done synthesizing module 'floating_point_MAC' (35#1) [c:/Users/lucetre/Documents/semester/21s-hardware-system-design/Project/Project_V0_interim/mm_mul/mm_mul.srcs/sources_1/ip/floating_point_MAC/synth/floating_point_MAC.vhd:74]
INFO: [Synth 8-6155] done synthesizing module 'my_pe' (36#1) [C:/Users/lucetre/Documents/semester/21s-hardware-system-design/Project/Project_V0_interim/mm_mul/mm_mul.srcs/sources_1/imports/my_ip_repo/my_pe.v:2]
INFO: [Synth 8-6155] done synthesizing module 'mm_multiplier' (37#1) [C:/Users/lucetre/Documents/semester/21s-hardware-system-design/Project/Project_V0_interim/mm_mul/mm_mul.srcs/sources_1/new/mm_multiplier.v:3]
WARNING: [Synth 8-3331] design xbip_pipe_v3_0_5_viv__parameterized23 has unconnected port SCLR
WARNING: [Synth 8-3331] design xbip_pipe_v3_0_5_viv__parameterized23 has unconnected port SSET
WARNING: [Synth 8-3331] design xbip_pipe_v3_0_5_viv__parameterized23 has unconnected port SINIT
WARNING: [Synth 8-3331] design flt_dec_op has unconnected port DEC_OP_STATE[11]
WARNING: [Synth 8-3331] design flt_dec_op has unconnected port DEC_OP_STATE[10]
WARNING: [Synth 8-3331] design flt_dec_op has unconnected port DEC_OP_STATE[9]
WARNING: [Synth 8-3331] design flt_dec_op has unconnected port DEC_OP_STATE[8]
WARNING: [Synth 8-3331] design flt_dec_op has unconnected port DIVIDE_BY_ZERO_IN
WARNING: [Synth 8-3331] design xbip_pipe_v3_0_5_viv__parameterized111 has unconnected port SCLR
WARNING: [Synth 8-3331] design xbip_pipe_v3_0_5_viv__parameterized111 has unconnected port SSET
WARNING: [Synth 8-3331] design xbip_pipe_v3_0_5_viv__parameterized111 has unconnected port SINIT
WARNING: [Synth 8-3331] design xbip_pipe_v3_0_5_viv__parameterized97 has unconnected port SCLR
WARNING: [Synth 8-3331] design xbip_pipe_v3_0_5_viv__parameterized97 has unconnected port SSET
WARNING: [Synth 8-3331] design xbip_pipe_v3_0_5_viv__parameterized97 has unconnected port SINIT
WARNING: [Synth 8-3331] design xbip_pipe_v3_0_5_viv__parameterized5 has unconnected port SCLR
WARNING: [Synth 8-3331] design xbip_pipe_v3_0_5_viv__parameterized5 has unconnected port SSET
WARNING: [Synth 8-3331] design xbip_pipe_v3_0_5_viv__parameterized5 has unconnected port SINIT
WARNING: [Synth 8-3331] design xbip_pipe_v3_0_5_viv__parameterized113 has unconnected port SCLR
WARNING: [Synth 8-3331] design xbip_pipe_v3_0_5_viv__parameterized113 has unconnected port SSET
WARNING: [Synth 8-3331] design xbip_pipe_v3_0_5_viv__parameterized113 has unconnected port SINIT
WARNING: [Synth 8-3331] design xbip_pipe_v3_0_5_viv__parameterized71 has unconnected port SCLR
WARNING: [Synth 8-3331] design xbip_pipe_v3_0_5_viv__parameterized71 has unconnected port SSET
WARNING: [Synth 8-3331] design xbip_pipe_v3_0_5_viv__parameterized71 has unconnected port SINIT
WARNING: [Synth 8-3331] design xbip_pipe_v3_0_5_viv__parameterized119 has unconnected port SCLR
WARNING: [Synth 8-3331] design xbip_pipe_v3_0_5_viv__parameterized119 has unconnected port SSET
WARNING: [Synth 8-3331] design xbip_pipe_v3_0_5_viv__parameterized119 has unconnected port SINIT
WARNING: [Synth 8-3331] design xbip_pipe_v3_0_5_viv__parameterized123 has unconnected port CLK
WARNING: [Synth 8-3331] design xbip_pipe_v3_0_5_viv__parameterized123 has unconnected port CE
WARNING: [Synth 8-3331] design xbip_pipe_v3_0_5_viv__parameterized123 has unconnected port SCLR
WARNING: [Synth 8-3331] design xbip_pipe_v3_0_5_viv__parameterized123 has unconnected port SSET
WARNING: [Synth 8-3331] design xbip_pipe_v3_0_5_viv__parameterized123 has unconnected port SINIT
WARNING: [Synth 8-3331] design xbip_pipe_v3_0_5_viv__parameterized121 has unconnected port CLK
WARNING: [Synth 8-3331] design xbip_pipe_v3_0_5_viv__parameterized121 has unconnected port CE
WARNING: [Synth 8-3331] design xbip_pipe_v3_0_5_viv__parameterized121 has unconnected port SCLR
WARNING: [Synth 8-3331] design xbip_pipe_v3_0_5_viv__parameterized121 has unconnected port SSET
WARNING: [Synth 8-3331] design xbip_pipe_v3_0_5_viv__parameterized121 has unconnected port SINIT
WARNING: [Synth 8-3331] design xbip_pipe_v3_0_5_viv__parameterized1 has unconnected port CLK
WARNING: [Synth 8-3331] design xbip_pipe_v3_0_5_viv__parameterized1 has unconnected port CE
WARNING: [Synth 8-3331] design xbip_pipe_v3_0_5_viv__parameterized1 has unconnected port SCLR
WARNING: [Synth 8-3331] design xbip_pipe_v3_0_5_viv__parameterized1 has unconnected port SSET
WARNING: [Synth 8-3331] design xbip_pipe_v3_0_5_viv__parameterized1 has unconnected port SINIT
WARNING: [Synth 8-3331] design xbip_pipe_v3_0_5_viv__parameterized31 has unconnected port CLK
WARNING: [Synth 8-3331] design xbip_pipe_v3_0_5_viv__parameterized31 has unconnected port CE
WARNING: [Synth 8-3331] design xbip_pipe_v3_0_5_viv__parameterized31 has unconnected port SCLR
WARNING: [Synth 8-3331] design xbip_pipe_v3_0_5_viv__parameterized31 has unconnected port SSET
WARNING: [Synth 8-3331] design xbip_pipe_v3_0_5_viv__parameterized31 has unconnected port SINIT
WARNING: [Synth 8-3331] design xbip_pipe_v3_0_5_viv__parameterized117 has unconnected port CLK
WARNING: [Synth 8-3331] design xbip_pipe_v3_0_5_viv__parameterized117 has unconnected port CE
WARNING: [Synth 8-3331] design xbip_pipe_v3_0_5_viv__parameterized117 has unconnected port SCLR
WARNING: [Synth 8-3331] design xbip_pipe_v3_0_5_viv__parameterized117 has unconnected port SSET
WARNING: [Synth 8-3331] design xbip_pipe_v3_0_5_viv__parameterized117 has unconnected port SINIT
WARNING: [Synth 8-3331] design carry_chain__parameterized14 has unconnected port CARRYS_OUT[6]
WARNING: [Synth 8-3331] design carry_chain__parameterized14 has unconnected port CARRYS_OUT[5]
WARNING: [Synth 8-3331] design carry_chain__parameterized14 has unconnected port CARRYS_OUT[4]
WARNING: [Synth 8-3331] design carry_chain__parameterized14 has unconnected port CARRYS_OUT[3]
WARNING: [Synth 8-3331] design carry_chain__parameterized14 has unconnected port CARRYS_OUT[2]
WARNING: [Synth 8-3331] design carry_chain__parameterized14 has unconnected port CARRYS_OUT[1]
WARNING: [Synth 8-3331] design carry_chain__parameterized14 has unconnected port CARRYS_OUT[0]
WARNING: [Synth 8-3331] design compare_eq_im__parameterized1 has unconnected port CARRYS_OUT[0]
WARNING: [Synth 8-3331] design special_detect__parameterized0 has unconnected port A[56]
WARNING: [Synth 8-3331] design xbip_pipe_v3_0_5_viv__parameterized109 has unconnected port SCLR
WARNING: [Synth 8-3331] design xbip_pipe_v3_0_5_viv__parameterized109 has unconnected port SSET
WARNING: [Synth 8-3331] design xbip_pipe_v3_0_5_viv__parameterized109 has unconnected port SINIT
WARNING: [Synth 8-3331] design xbip_pipe_v3_0_5_viv__parameterized99 has unconnected port SCLR
WARNING: [Synth 8-3331] design xbip_pipe_v3_0_5_viv__parameterized99 has unconnected port SSET
WARNING: [Synth 8-3331] design xbip_pipe_v3_0_5_viv__parameterized99 has unconnected port SINIT
WARNING: [Synth 8-3331] design xbip_pipe_v3_0_5_viv__parameterized107 has unconnected port CLK
WARNING: [Synth 8-3331] design xbip_pipe_v3_0_5_viv__parameterized107 has unconnected port CE
WARNING: [Synth 8-3331] design xbip_pipe_v3_0_5_viv__parameterized107 has unconnected port SCLR
WARNING: [Synth 8-3331] design xbip_pipe_v3_0_5_viv__parameterized107 has unconnected port SSET
WARNING: [Synth 8-3331] design xbip_pipe_v3_0_5_viv__parameterized107 has unconnected port SINIT
WARNING: [Synth 8-3331] design carry_chain__parameterized13 has unconnected port B[9]
WARNING: [Synth 8-3331] design xbip_pipe_v3_0_5_viv__parameterized93 has unconnected port SCLR
WARNING: [Synth 8-3331] design xbip_pipe_v3_0_5_viv__parameterized93 has unconnected port SSET
WARNING: [Synth 8-3331] design xbip_pipe_v3_0_5_viv__parameterized93 has unconnected port SINIT
WARNING: [Synth 8-3331] design xbip_pipe_v3_0_5_viv__parameterized115 has unconnected port CLK
WARNING: [Synth 8-3331] design xbip_pipe_v3_0_5_viv__parameterized115 has unconnected port CE
WARNING: [Synth 8-3331] design xbip_pipe_v3_0_5_viv__parameterized115 has unconnected port SCLR
WARNING: [Synth 8-3331] design xbip_pipe_v3_0_5_viv__parameterized115 has unconnected port SSET
WARNING: [Synth 8-3331] design xbip_pipe_v3_0_5_viv__parameterized115 has unconnected port SINIT
WARNING: [Synth 8-3331] design xbip_pipe_v3_0_5_viv__parameterized41 has unconnected port SCLR
WARNING: [Synth 8-3331] design xbip_pipe_v3_0_5_viv__parameterized41 has unconnected port SSET
WARNING: [Synth 8-3331] design xbip_pipe_v3_0_5_viv__parameterized41 has unconnected port SINIT
WARNING: [Synth 8-3331] design xbip_pipe_v3_0_5_viv__parameterized105 has unconnected port SCLR
WARNING: [Synth 8-3331] design xbip_pipe_v3_0_5_viv__parameterized105 has unconnected port SSET
WARNING: [Synth 8-3331] design xbip_pipe_v3_0_5_viv__parameterized105 has unconnected port SINIT
WARNING: [Synth 8-3331] design xbip_pipe_v3_0_5_viv__parameterized103 has unconnected port SCLR
WARNING: [Synth 8-3331] design xbip_pipe_v3_0_5_viv__parameterized103 has unconnected port SSET
WARNING: [Synth 8-3331] design xbip_pipe_v3_0_5_viv__parameterized103 has unconnected port SINIT
WARNING: [Synth 8-3331] design xbip_pipe_v3_0_5_viv__parameterized101 has unconnected port SCLR
WARNING: [Synth 8-3331] design xbip_pipe_v3_0_5_viv__parameterized101 has unconnected port SSET
WARNING: [Synth 8-3331] design xbip_pipe_v3_0_5_viv__parameterized101 has unconnected port SINIT
WARNING: [Synth 8-3331] design carry_chain__parameterized12 has unconnected port B[9]
WARNING: [Synth 8-3331] design xbip_pipe_v3_0_5_viv__parameterized11 has unconnected port SCLR
WARNING: [Synth 8-3331] design xbip_pipe_v3_0_5_viv__parameterized11 has unconnected port SSET
WARNING: [Synth 8-3331] design xbip_pipe_v3_0_5_viv__parameterized11 has unconnected port SINIT
WARNING: [Synth 8-3331] design xbip_pipe_v3_0_5_viv__parameterized95 has unconnected port CLK
WARNING: [Synth 8-3331] design xbip_pipe_v3_0_5_viv__parameterized95 has unconnected port CE
WARNING: [Synth 8-3331] design xbip_pipe_v3_0_5_viv__parameterized95 has unconnected port SCLR
WARNING: [Synth 8-3331] design xbip_pipe_v3_0_5_viv__parameterized95 has unconnected port SSET
INFO: [Common 17-14] Message 'Synth 8-3331' appears 100 times and further instances of the messages will be disabled. Use the Tcl command set_msg_config to change the current settings.
---------------------------------------------------------------------------------
Finished RTL Elaboration : Time (s): cpu = 00:00:19 ; elapsed = 00:00:21 . Memory (MB): peak = 561.066 ; gain = 266.008
---------------------------------------------------------------------------------

Report Check Netlist: 
+------+------------------+-------+---------+-------+------------------+
|      |Item              |Errors |Warnings |Status |Description       |
+------+------------------+-------+---------+-------+------------------+
|1     |multi_driven_nets |      0|        0|Passed |Multi driven nets |
+------+------------------+-------+---------+-------+------------------+
---------------------------------------------------------------------------------
Start Handling Custom Attributes
---------------------------------------------------------------------------------
---------------------------------------------------------------------------------
Finished Handling Custom Attributes : Time (s): cpu = 00:00:20 ; elapsed = 00:00:22 . Memory (MB): peak = 561.066 ; gain = 266.008
---------------------------------------------------------------------------------
---------------------------------------------------------------------------------
Finished RTL Optimization Phase 1 : Time (s): cpu = 00:00:20 ; elapsed = 00:00:22 . Memory (MB): peak = 561.066 ; gain = 266.008
---------------------------------------------------------------------------------
INFO: [Netlist 29-17] Analyzing 23040 Unisim elements for replacement
INFO: [Netlist 29-28] Unisim Transformation completed in 1 CPU seconds
INFO: [Device 21-403] Loading part xc7z020clg484-1
INFO: [Project 1-570] Preparing netlist for logic optimization

Processing XDC Constraints
Initializing timing engine
Parsing XDC File [C:/Users/lucetre/Documents/semester/21s-hardware-system-design/Project/Project_V0_interim/mm_mul/mm_mul.runs/synth_1/dont_touch.xdc]
Finished Parsing XDC File [C:/Users/lucetre/Documents/semester/21s-hardware-system-design/Project/Project_V0_interim/mm_mul/mm_mul.runs/synth_1/dont_touch.xdc]
Completed Processing XDC Constraints

Netlist sorting complete. Time (s): cpu = 00:00:01 ; elapsed = 00:00:00.847 . Memory (MB): peak = 1645.891 ; gain = 0.000
INFO: [Project 1-111] Unisim Transformation Summary:
  A total of 2176 instances were transformed.
  FDE => FDRE: 2176 instances

Netlist sorting complete. Time (s): cpu = 00:00:00 ; elapsed = 00:00:00.455 . Memory (MB): peak = 1645.891 ; gain = 0.000
Constraint Validation Runtime : Time (s): cpu = 00:00:01 ; elapsed = 00:00:01 . Memory (MB): peak = 1645.891 ; gain = 0.000
---------------------------------------------------------------------------------
Finished Constraint Validation : Time (s): cpu = 00:01:26 ; elapsed = 00:01:32 . Memory (MB): peak = 1648.449 ; gain = 1353.391
---------------------------------------------------------------------------------
---------------------------------------------------------------------------------
Start Loading Part and Timing Information
---------------------------------------------------------------------------------
Loading part: xc7z020clg484-1
---------------------------------------------------------------------------------
Finished Loading Part and Timing Information : Time (s): cpu = 00:01:26 ; elapsed = 00:01:32 . Memory (MB): peak = 1648.449 ; gain = 1353.391
---------------------------------------------------------------------------------
---------------------------------------------------------------------------------
Start Applying 'set_property' XDC Constraints
---------------------------------------------------------------------------------
Applied set_property DONT_TOUCH = true for \MATRIX[0].MY_PE /UUT. (constraint file  auto generated constraint, line ).
Applied set_property DONT_TOUCH = true for \MATRIX[1].MY_PE /UUT. (constraint file  auto generated constraint, line ).
Applied set_property DONT_TOUCH = true for \MATRIX[2].MY_PE /UUT. (constraint file  auto generated constraint, line ).
Applied set_property DONT_TOUCH = true for \MATRIX[3].MY_PE /UUT. (constraint file  auto generated constraint, line ).
Applied set_property DONT_TOUCH = true for \MATRIX[4].MY_PE /UUT. (constraint file  auto generated constraint, line ).
Applied set_property DONT_TOUCH = true for \MATRIX[5].MY_PE /UUT. (constraint file  auto generated constraint, line ).
Applied set_property DONT_TOUCH = true for \MATRIX[6].MY_PE /UUT. (constraint file  auto generated constraint, line ).
Applied set_property DONT_TOUCH = true for \MATRIX[7].MY_PE /UUT. (constraint file  auto generated constraint, line ).
Applied set_property DONT_TOUCH = true for \MATRIX[8].MY_PE /UUT. (constraint file  auto generated constraint, line ).
Applied set_property DONT_TOUCH = true for \MATRIX[9].MY_PE /UUT. (constraint file  auto generated constraint, line ).
Applied set_property DONT_TOUCH = true for \MATRIX[10].MY_PE /UUT. (constraint file  auto generated constraint, line ).
Applied set_property DONT_TOUCH = true for \MATRIX[11].MY_PE /UUT. (constraint file  auto generated constraint, line ).
Applied set_property DONT_TOUCH = true for \MATRIX[12].MY_PE /UUT. (constraint file  auto generated constraint, line ).
Applied set_property DONT_TOUCH = true for \MATRIX[13].MY_PE /UUT. (constraint file  auto generated constraint, line ).
Applied set_property DONT_TOUCH = true for \MATRIX[14].MY_PE /UUT. (constraint file  auto generated constraint, line ).
Applied set_property DONT_TOUCH = true for \MATRIX[15].MY_PE /UUT. (constraint file  auto generated constraint, line ).
Applied set_property DONT_TOUCH = true for \MATRIX[16].MY_PE /UUT. (constraint file  auto generated constraint, line ).
Applied set_property DONT_TOUCH = true for \MATRIX[17].MY_PE /UUT. (constraint file  auto generated constraint, line ).
Applied set_property DONT_TOUCH = true for \MATRIX[18].MY_PE /UUT. (constraint file  auto generated constraint, line ).
Applied set_property DONT_TOUCH = true for \MATRIX[19].MY_PE /UUT. (constraint file  auto generated constraint, line ).
Applied set_property DONT_TOUCH = true for \MATRIX[20].MY_PE /UUT. (constraint file  auto generated constraint, line ).
Applied set_property DONT_TOUCH = true for \MATRIX[21].MY_PE /UUT. (constraint file  auto generated constraint, line ).
Applied set_property DONT_TOUCH = true for \MATRIX[22].MY_PE /UUT. (constraint file  auto generated constraint, line ).
Applied set_property DONT_TOUCH = true for \MATRIX[23].MY_PE /UUT. (constraint file  auto generated constraint, line ).
Applied set_property DONT_TOUCH = true for \MATRIX[24].MY_PE /UUT. (constraint file  auto generated constraint, line ).
Applied set_property DONT_TOUCH = true for \MATRIX[25].MY_PE /UUT. (constraint file  auto generated constraint, line ).
Applied set_property DONT_TOUCH = true for \MATRIX[26].MY_PE /UUT. (constraint file  auto generated constraint, line ).
Applied set_property DONT_TOUCH = true for \MATRIX[27].MY_PE /UUT. (constraint file  auto generated constraint, line ).
Applied set_property DONT_TOUCH = true for \MATRIX[28].MY_PE /UUT. (constraint file  auto generated constraint, line ).
Applied set_property DONT_TOUCH = true for \MATRIX[29].MY_PE /UUT. (constraint file  auto generated constraint, line ).
Applied set_property DONT_TOUCH = true for \MATRIX[30].MY_PE /UUT. (constraint file  auto generated constraint, line ).
Applied set_property DONT_TOUCH = true for \MATRIX[31].MY_PE /UUT. (constraint file  auto generated constraint, line ).
Applied set_property DONT_TOUCH = true for \MATRIX[32].MY_PE /UUT. (constraint file  auto generated constraint, line ).
Applied set_property DONT_TOUCH = true for \MATRIX[33].MY_PE /UUT. (constraint file  auto generated constraint, line ).
Applied set_property DONT_TOUCH = true for \MATRIX[34].MY_PE /UUT. (constraint file  auto generated constraint, line ).
Applied set_property DONT_TOUCH = true for \MATRIX[35].MY_PE /UUT. (constraint file  auto generated constraint, line ).
Applied set_property DONT_TOUCH = true for \MATRIX[36].MY_PE /UUT. (constraint file  auto generated constraint, line ).
Applied set_property DONT_TOUCH = true for \MATRIX[37].MY_PE /UUT. (constraint file  auto generated constraint, line ).
Applied set_property DONT_TOUCH = true for \MATRIX[38].MY_PE /UUT. (constraint file  auto generated constraint, line ).
Applied set_property DONT_TOUCH = true for \MATRIX[39].MY_PE /UUT. (constraint file  auto generated constraint, line ).
Applied set_property DONT_TOUCH = true for \MATRIX[40].MY_PE /UUT. (constraint file  auto generated constraint, line ).
Applied set_property DONT_TOUCH = true for \MATRIX[41].MY_PE /UUT. (constraint file  auto generated constraint, line ).
Applied set_property DONT_TOUCH = true for \MATRIX[42].MY_PE /UUT. (constraint file  auto generated constraint, line ).
Applied set_property DONT_TOUCH = true for \MATRIX[43].MY_PE /UUT. (constraint file  auto generated constraint, line ).
Applied set_property DONT_TOUCH = true for \MATRIX[44].MY_PE /UUT. (constraint file  auto generated constraint, line ).
Applied set_property DONT_TOUCH = true for \MATRIX[45].MY_PE /UUT. (constraint file  auto generated constraint, line ).
Applied set_property DONT_TOUCH = true for \MATRIX[46].MY_PE /UUT. (constraint file  auto generated constraint, line ).
Applied set_property DONT_TOUCH = true for \MATRIX[47].MY_PE /UUT. (constraint file  auto generated constraint, line ).
Applied set_property DONT_TOUCH = true for \MATRIX[48].MY_PE /UUT. (constraint file  auto generated constraint, line ).
Applied set_property DONT_TOUCH = true for \MATRIX[49].MY_PE /UUT. (constraint file  auto generated constraint, line ).
Applied set_property DONT_TOUCH = true for \MATRIX[50].MY_PE /UUT. (constraint file  auto generated constraint, line ).
Applied set_property DONT_TOUCH = true for \MATRIX[51].MY_PE /UUT. (constraint file  auto generated constraint, line ).
Applied set_property DONT_TOUCH = true for \MATRIX[52].MY_PE /UUT. (constraint file  auto generated constraint, line ).
Applied set_property DONT_TOUCH = true for \MATRIX[53].MY_PE /UUT. (constraint file  auto generated constraint, line ).
Applied set_property DONT_TOUCH = true for \MATRIX[54].MY_PE /UUT. (constraint file  auto generated constraint, line ).
Applied set_property DONT_TOUCH = true for \MATRIX[55].MY_PE /UUT. (constraint file  auto generated constraint, line ).
Applied set_property DONT_TOUCH = true for \MATRIX[56].MY_PE /UUT. (constraint file  auto generated constraint, line ).
Applied set_property DONT_TOUCH = true for \MATRIX[57].MY_PE /UUT. (constraint file  auto generated constraint, line ).
Applied set_property DONT_TOUCH = true for \MATRIX[58].MY_PE /UUT. (constraint file  auto generated constraint, line ).
Applied set_property DONT_TOUCH = true for \MATRIX[59].MY_PE /UUT. (constraint file  auto generated constraint, line ).
Applied set_property DONT_TOUCH = true for \MATRIX[60].MY_PE /UUT. (constraint file  auto generated constraint, line ).
Applied set_property DONT_TOUCH = true for \MATRIX[61].MY_PE /UUT. (constraint file  auto generated constraint, line ).
Applied set_property DONT_TOUCH = true for \MATRIX[62].MY_PE /UUT. (constraint file  auto generated constraint, line ).
Applied set_property DONT_TOUCH = true for \MATRIX[63].MY_PE /UUT. (constraint file  auto generated constraint, line ).
---------------------------------------------------------------------------------
Finished applying 'set_property' XDC Constraints : Time (s): cpu = 00:01:30 ; elapsed = 00:01:37 . Memory (MB): peak = 1648.449 ; gain = 1353.391
---------------------------------------------------------------------------------
INFO: [Synth 8-5546] ROM "exp_all_one_ip" won't be mapped to RAM because it is too sparse
INFO: [Synth 8-5546] ROM "exp_all_zero_ip" won't be mapped to RAM because it is too sparse
INFO: [Synth 8-5544] ROM "enc_chunk" won't be mapped to Block RAM because address size (4) smaller than threshold (5)
INFO: [Synth 8-5544] ROM "enc_chunk" won't be mapped to Block RAM because address size (4) smaller than threshold (5)
INFO: [Synth 8-5544] ROM "enc_chunk" won't be mapped to Block RAM because address size (4) smaller than threshold (5)
INFO: [Synth 8-5544] ROM "enc_chunk" won't be mapped to Block RAM because address size (4) smaller than threshold (5)
INFO: [Synth 8-5544] ROM "enc_chunk" won't be mapped to Block RAM because address size (4) smaller than threshold (5)
INFO: [Synth 8-5544] ROM "enc_chunk" won't be mapped to Block RAM because address size (4) smaller than threshold (5)
INFO: [Synth 8-5544] ROM "enc_chunk" won't be mapped to Block RAM because address size (4) smaller than threshold (5)
INFO: [Synth 8-5544] ROM "enc_chunk" won't be mapped to Block RAM because address size (4) smaller than threshold (5)
INFO: [Synth 8-5544] ROM "enc_chunk" won't be mapped to Block RAM because address size (4) smaller than threshold (5)
INFO: [Synth 8-5544] ROM "enc_chunk" won't be mapped to Block RAM because address size (4) smaller than threshold (5)
INFO: [Synth 8-5544] ROM "enc_chunk" won't be mapped to Block RAM because address size (4) smaller than threshold (5)
INFO: [Synth 8-5544] ROM "enc_chunk" won't be mapped to Block RAM because address size (4) smaller than threshold (5)
INFO: [Synth 8-5544] ROM "enc_chunk" won't be mapped to Block RAM because address size (4) smaller than threshold (5)
INFO: [Synth 8-5544] ROM "enc_chunk" won't be mapped to Block RAM because address size (4) smaller than threshold (5)
INFO: [Synth 8-5544] ROM "enc_chunk" won't be mapped to Block RAM because address size (4) smaller than threshold (5)
INFO: [Synth 8-5544] ROM "enc_chunk" won't be mapped to Block RAM because address size (4) smaller than threshold (5)
INFO: [Synth 8-5546] ROM "exp_all_one_ip" won't be mapped to RAM because it is too sparse
INFO: [Synth 8-5546] ROM "exp_all_zero_ip" won't be mapped to RAM because it is too sparse
INFO: [Synth 8-5546] ROM "lrg_almost_over" won't be mapped to RAM because it is too sparse
INFO: [Synth 8-5546] ROM "lrg_almost_over" won't be mapped to RAM because it is too sparse
INFO: [Synth 8-5544] ROM "det_state" won't be mapped to Block RAM because address size (1) smaller than threshold (5)
INFO: [Synth 8-5544] ROM "flow_sel_pre_op" won't be mapped to Block RAM because address size (2) smaller than threshold (5)
INFO: [Synth 8-5544] ROM "c_nan" won't be mapped to Block RAM because address size (2) smaller than threshold (5)
INFO: [Synth 8-5544] ROM "c_inf" won't be mapped to Block RAM because address size (2) smaller than threshold (5)
INFO: [Synth 8-5544] ROM "c_zero" won't be mapped to Block RAM because address size (2) smaller than threshold (5)
INFO: [Synth 8-5546] ROM "next_state" won't be mapped to RAM because it is too sparse
INFO: [Synth 8-5544] ROM "next_state" won't be mapped to Block RAM because address size (4) smaller than threshold (5)
INFO: [Synth 8-5546] ROM "next_state" won't be mapped to RAM because it is too sparse
INFO: [Synth 8-5544] ROM "next_state" won't be mapped to Block RAM because address size (3) smaller than threshold (5)
---------------------------------------------------------------------------------
Finished RTL Optimization Phase 2 : Time (s): cpu = 00:01:45 ; elapsed = 00:01:56 . Memory (MB): peak = 1648.449 ; gain = 1353.391
---------------------------------------------------------------------------------
INFO: [Synth 8-223] decloning instance 'floating_point_MAC:/U0/i_synth/DELAY_DIVIDE_BY_ZERO' (delay__parameterized25) to 'floating_point_MAC:/U0/i_synth/DELAY_ACCUM_OVERFLOW'
INFO: [Synth 8-223] decloning instance 'floating_point_MAC:/U0/i_synth/DELAY_DIVIDE_BY_ZERO' (delay__parameterized25) to 'floating_point_MAC:/U0/i_synth/DELAY_ACCUM_INPUT_OVERFLOW'
INFO: [Synth 8-223] decloning instance 'floating_point_MAC:/U0/i_synth/FMA_OP.OP/addsub/add/NORM/ROUND/EXTRA_LSB_BIT_DEL' (delay__parameterized25) to 'floating_point_MAC:/U0/i_synth/FMA_OP.OP/addsub/add/NORM/ROUND/EXTRA_LSB_RND1_DEL'

Report RTL Partitions: 
+------+-----------------------+------------+----------+
|      |RTL Partition          |Replication |Instances |
+------+-----------------------+------------+----------+
|1     |floating_point_MAC     |          64|      4739|
|2     |my_pe__xdcDup__1__GC0  |           1|        64|
|3     |my_pe__xdcDup__2__GC0  |           1|        64|
|4     |my_pe__xdcDup__3__GC0  |           1|        64|
|5     |my_pe__xdcDup__4__GC0  |           1|        64|
|6     |my_pe__xdcDup__5__GC0  |           1|        64|
|7     |my_pe__xdcDup__6__GC0  |           1|        64|
|8     |my_pe__xdcDup__7__GC0  |           1|        64|
|9     |my_pe__xdcDup__8__GC0  |           1|        64|
|10    |my_pe__xdcDup__9__GC0  |           1|        64|
|11    |my_pe__xdcDup__10__GC0 |           1|        64|
|12    |my_pe__xdcDup__11__GC0 |           1|        64|
|13    |my_pe__xdcDup__12__GC0 |           1|        64|
|14    |my_pe__xdcDup__13__GC0 |           1|        64|
|15    |my_pe__xdcDup__14__GC0 |           1|        64|
|16    |my_pe__xdcDup__15__GC0 |           1|        64|
|17    |my_pe__xdcDup__16__GC0 |           1|        64|
|18    |my_pe__xdcDup__17__GC0 |           1|        64|
|19    |my_pe__xdcDup__18__GC0 |           1|        64|
|20    |my_pe__xdcDup__19__GC0 |           1|        64|
|21    |my_pe__xdcDup__20__GC0 |           1|        64|
|22    |my_pe__xdcDup__21__GC0 |           1|        64|
|23    |my_pe__xdcDup__22__GC0 |           1|        64|
|24    |my_pe__xdcDup__23__GC0 |           1|        64|
|25    |my_pe__xdcDup__24__GC0 |           1|        64|
|26    |my_pe__xdcDup__25__GC0 |           1|        64|
|27    |my_pe__xdcDup__26__GC0 |           1|        64|
|28    |my_pe__xdcDup__27__GC0 |           1|        64|
|29    |my_pe__xdcDup__28__GC0 |           1|        64|
|30    |my_pe__xdcDup__29__GC0 |           1|        64|
|31    |my_pe__xdcDup__30__GC0 |           1|        64|
|32    |my_pe__xdcDup__31__GC0 |           1|        64|
|33    |my_pe__xdcDup__32__GC0 |           1|        64|
|34    |my_pe__xdcDup__33__GC0 |           1|        64|
|35    |my_pe__xdcDup__34__GC0 |           1|        64|
|36    |my_pe__xdcDup__35__GC0 |           1|        64|
|37    |my_pe__xdcDup__36__GC0 |           1|        64|
|38    |my_pe__xdcDup__37__GC0 |           1|        64|
|39    |my_pe__xdcDup__38__GC0 |           1|        64|
|40    |my_pe__xdcDup__39__GC0 |           1|        64|
|41    |my_pe__xdcDup__40__GC0 |           1|        64|
|42    |my_pe__xdcDup__41__GC0 |           1|        64|
|43    |my_pe__xdcDup__42__GC0 |           1|        64|
|44    |my_pe__xdcDup__43__GC0 |           1|        64|
|45    |my_pe__xdcDup__44__GC0 |           1|        64|
|46    |my_pe__xdcDup__45__GC0 |           1|        64|
|47    |my_pe__xdcDup__46__GC0 |           1|        64|
|48    |my_pe__xdcDup__47__GC0 |           1|        64|
|49    |my_pe__xdcDup__48__GC0 |           1|        64|
|50    |my_pe__xdcDup__49__GC0 |           1|        64|
|51    |my_pe__xdcDup__50__GC0 |           1|        64|
|52    |my_pe__xdcDup__51__GC0 |           1|        64|
|53    |my_pe__xdcDup__52__GC0 |           1|        64|
|54    |my_pe__xdcDup__53__GC0 |           1|        64|
|55    |my_pe__xdcDup__54__GC0 |           1|        64|
|56    |my_pe__xdcDup__55__GC0 |           1|        64|
|57    |my_pe__xdcDup__56__GC0 |           1|        64|
|58    |my_pe__xdcDup__57__GC0 |           1|        64|
|59    |my_pe__xdcDup__58__GC0 |           1|        64|
|60    |my_pe__xdcDup__59__GC0 |           1|        64|
|61    |my_pe__xdcDup__60__GC0 |           1|        64|
|62    |my_pe__xdcDup__61__GC0 |           1|        64|
|63    |my_pe__xdcDup__62__GC0 |           1|        64|
|64    |my_pe__xdcDup__63__GC0 |           1|        64|
|65    |my_pe__GC0             |           1|        64|
|66    |mm_multiplier__GCB0    |           1|     22999|
|67    |mm_multiplier__GCB1    |           1|     19399|
+------+-----------------------+------------+----------+
---------------------------------------------------------------------------------
Start RTL Component Statistics 
---------------------------------------------------------------------------------
---------------------------------------------------------------------------------
Finished RTL Component Statistics 
---------------------------------------------------------------------------------
---------------------------------------------------------------------------------
Start RTL Hierarchical Component Statistics 
---------------------------------------------------------------------------------
---------------------------------------------------------------------------------
Finished RTL Hierarchical Component Statistics
---------------------------------------------------------------------------------
---------------------------------------------------------------------------------
Start Part Resource Summary
---------------------------------------------------------------------------------
Part Resources:
DSPs: 220 (col length:60)
BRAMs: 280 (col length: RAMB18 60 RAMB36 30)
---------------------------------------------------------------------------------
Finished Part Resource Summary
---------------------------------------------------------------------------------
---------------------------------------------------------------------------------
Start Cross Boundary and Area Optimization
---------------------------------------------------------------------------------
Warning: Parallel synthesis criteria is not met 
INFO: [Synth 8-5544] ROM "LZE/enc_chunk" won't be mapped to Block RAM because address size (4) smaller than threshold (5)
INFO: [Synth 8-5544] ROM "LZE/enc_chunk" won't be mapped to Block RAM because address size (4) smaller than threshold (5)
INFO: [Synth 8-5544] ROM "LZE/enc_chunk" won't be mapped to Block RAM because address size (4) smaller than threshold (5)
INFO: [Synth 8-5544] ROM "LZE/enc_chunk" won't be mapped to Block RAM because address size (4) smaller than threshold (5)
INFO: [Synth 8-5544] ROM "LZE/enc_chunk" won't be mapped to Block RAM because address size (4) smaller than threshold (5)
INFO: [Synth 8-5544] ROM "LZE/enc_chunk" won't be mapped to Block RAM because address size (4) smaller than threshold (5)
INFO: [Synth 8-5544] ROM "LZE/enc_chunk" won't be mapped to Block RAM because address size (4) smaller than threshold (5)
INFO: [Synth 8-5544] ROM "LZE/enc_chunk" won't be mapped to Block RAM because address size (4) smaller than threshold (5)
INFO: [Synth 8-5544] ROM "LZE/enc_chunk" won't be mapped to Block RAM because address size (4) smaller than threshold (5)
INFO: [Synth 8-5544] ROM "LZE/enc_chunk" won't be mapped to Block RAM because address size (4) smaller than threshold (5)
INFO: [Synth 8-5544] ROM "LZE/enc_chunk" won't be mapped to Block RAM because address size (4) smaller than threshold (5)
INFO: [Synth 8-5544] ROM "LZE/enc_chunk" won't be mapped to Block RAM because address size (4) smaller than threshold (5)
INFO: [Synth 8-5544] ROM "LZE/enc_chunk" won't be mapped to Block RAM because address size (4) smaller than threshold (5)
INFO: [Synth 8-5544] ROM "LZE/enc_chunk" won't be mapped to Block RAM because address size (4) smaller than threshold (5)
INFO: [Synth 8-5544] ROM "LZE/enc_chunk" won't be mapped to Block RAM because address size (4) smaller than threshold (5)
INFO: [Synth 8-5544] ROM "LZE/enc_chunk" won't be mapped to Block RAM because address size (4) smaller than threshold (5)
INFO: [Synth 8-5546] ROM "conv_exp.downsize_exp/COND_DET/exp_all_one_ip" won't be mapped to RAM because it is too sparse
INFO: [Synth 8-5546] ROM "conv_exp.downsize_exp/COND_DET/exp_all_zero_ip" won't be mapped to RAM because it is too sparse
INFO: [Synth 8-5546] ROM "lrg_almost_over" won't be mapped to RAM because it is too sparse
INFO: [Synth 8-5546] ROM "FMA_OP.OP/special_detect/detector_a/exp_all_one_ip" won't be mapped to RAM because it is too sparse
INFO: [Synth 8-5546] ROM "FMA_OP.OP/special_detect/detector_a/exp_all_zero_ip" won't be mapped to RAM because it is too sparse
INFO: [Synth 8-5546] ROM "FMA_OP.OP/special_detect/detector_b/exp_all_one_ip" won't be mapped to RAM because it is too sparse
INFO: [Synth 8-5546] ROM "FMA_OP.OP/special_detect/detector_b/exp_all_zero_ip" won't be mapped to RAM because it is too sparse
INFO: [Synth 8-5546] ROM "FMA_OP.OP/special_detect/detector_c/exp_all_one_ip" won't be mapped to RAM because it is too sparse
INFO: [Synth 8-5546] ROM "FMA_OP.OP/special_detect/detector_c/exp_all_zero_ip" won't be mapped to RAM because it is too sparse
INFO: [Synth 8-5546] ROM "next_state" won't be mapped to RAM because it is too sparse
INFO: [Synth 8-5546] ROM "next_state" won't be mapped to RAM because it is too sparse
INFO: [Synth 8-5544] ROM "next_state" won't be mapped to Block RAM because address size (3) smaller than threshold (5)
INFO: [Synth 8-3886] merging instance 'floating_point_MAC:/U0/i_synth/FMA_OP.OP/addsub/add/ALIGN_BLK/ZERO_SMALLEST_DEL/i_pipe/opt_has_pipe.first_q_reg[0]' (FDE) to 'floating_point_MAC:/U0/i_synth/FMA_OP.OP/addsub/add/ALIGN_BLK/aligner.zero_smallest_i_delay/i_pipe/opt_has_pipe.first_q_reg[0]'
INFO: [Synth 8-3333] propagating constant 0 across sequential element (floating_point_MAC:/U0/i_synth/\FMA_OP.OP/addsub/add/B_IP_DELAY/i_pipe/opt_has_pipe.first_q_reg[0] )
INFO: [Synth 8-3333] propagating constant 0 across sequential element (floating_point_MAC:/U0/i_synth/\FMA_OP.OP/addsub/add/B_IP_DELAY/i_pipe/opt_has_pipe.first_q_reg[1] )
INFO: [Synth 8-3333] propagating constant 0 across sequential element (floating_point_MAC:/U0/i_synth/\FMA_OP.OP/addsub/add/B_IP_DELAY/i_pipe/opt_has_pipe.first_q_reg[2] )
INFO: [Synth 8-3333] propagating constant 0 across sequential element (floating_point_MAC:/U0/i_synth/\FMA_OP.OP/addsub/add/B_IP_DELAY/i_pipe/opt_has_pipe.first_q_reg[3] )
INFO: [Synth 8-3333] propagating constant 0 across sequential element (floating_point_MAC:/U0/i_synth/\FMA_OP.OP/addsub/add/B_IP_DELAY/i_pipe/opt_has_pipe.first_q_reg[4] )
INFO: [Synth 8-3333] propagating constant 0 across sequential element (floating_point_MAC:/U0/i_synth/\FMA_OP.OP/addsub/add/B_IP_DELAY/i_pipe/opt_has_pipe.first_q_reg[5] )
INFO: [Synth 8-3333] propagating constant 0 across sequential element (floating_point_MAC:/U0/i_synth/\FMA_OP.OP/addsub/add/B_IP_DELAY/i_pipe/opt_has_pipe.first_q_reg[6] )
INFO: [Synth 8-3333] propagating constant 0 across sequential element (floating_point_MAC:/U0/i_synth/\FMA_OP.OP/addsub/add/B_IP_DELAY/i_pipe/opt_has_pipe.first_q_reg[7] )
INFO: [Synth 8-3333] propagating constant 0 across sequential element (floating_point_MAC:/U0/i_synth/\FMA_OP.OP/addsub/add/B_IP_DELAY/i_pipe/opt_has_pipe.first_q_reg[8] )
INFO: [Synth 8-3333] propagating constant 0 across sequential element (floating_point_MAC:/U0/i_synth/\FMA_OP.OP/addsub/add/B_IP_DELAY/i_pipe/opt_has_pipe.first_q_reg[9] )
INFO: [Synth 8-3333] propagating constant 0 across sequential element (floating_point_MAC:/U0/i_synth/\FMA_OP.OP/addsub/add/B_IP_DELAY/i_pipe/opt_has_pipe.first_q_reg[10] )
INFO: [Synth 8-3333] propagating constant 0 across sequential element (floating_point_MAC:/U0/i_synth/\FMA_OP.OP/addsub/add/B_IP_DELAY/i_pipe/opt_has_pipe.first_q_reg[11] )
INFO: [Synth 8-3333] propagating constant 0 across sequential element (floating_point_MAC:/U0/i_synth/\FMA_OP.OP/addsub/add/B_IP_DELAY/i_pipe/opt_has_pipe.first_q_reg[12] )
INFO: [Synth 8-3333] propagating constant 0 across sequential element (floating_point_MAC:/U0/i_synth/\FMA_OP.OP/addsub/add/B_IP_DELAY/i_pipe/opt_has_pipe.first_q_reg[13] )
INFO: [Synth 8-3333] propagating constant 0 across sequential element (floating_point_MAC:/U0/i_synth/\FMA_OP.OP/addsub/add/B_IP_DELAY/i_pipe/opt_has_pipe.first_q_reg[14] )
INFO: [Synth 8-3333] propagating constant 0 across sequential element (floating_point_MAC:/U0/i_synth/\FMA_OP.OP/addsub/add/B_IP_DELAY/i_pipe/opt_has_pipe.first_q_reg[15] )
INFO: [Synth 8-3333] propagating constant 0 across sequential element (floating_point_MAC:/U0/i_synth/\FMA_OP.OP/addsub/add/B_IP_DELAY/i_pipe/opt_has_pipe.first_q_reg[16] )
INFO: [Synth 8-3333] propagating constant 0 across sequential element (floating_point_MAC:/U0/i_synth/\FMA_OP.OP/addsub/add/B_IP_DELAY/i_pipe/opt_has_pipe.first_q_reg[17] )
INFO: [Synth 8-3333] propagating constant 0 across sequential element (floating_point_MAC:/U0/i_synth/\FMA_OP.OP/addsub/add/B_IP_DELAY/i_pipe/opt_has_pipe.first_q_reg[18] )
INFO: [Synth 8-3333] propagating constant 0 across sequential element (floating_point_MAC:/U0/i_synth/\FMA_OP.OP/addsub/add/B_IP_DELAY/i_pipe/opt_has_pipe.first_q_reg[22] )
INFO: [Synth 8-3333] propagating constant 0 across sequential element (floating_point_MAC:/U0/i_synth/\FMA_OP.OP/addsub/add/B_IP_DELAY/i_pipe/opt_has_pipe.first_q_reg[21] )
INFO: [Synth 8-3333] propagating constant 0 across sequential element (floating_point_MAC:/U0/i_synth/\FMA_OP.OP/addsub/add/B_IP_DELAY/i_pipe/opt_has_pipe.first_q_reg[23] )
INFO: [Synth 8-3333] propagating constant 0 across sequential element (floating_point_MAC:/U0/i_synth/\FMA_OP.OP/addsub/add/B_IP_DELAY/i_pipe/opt_has_pipe.first_q_reg[20] )
INFO: [Synth 8-3333] propagating constant 0 across sequential element (floating_point_MAC:/U0/i_synth/\FMA_OP.OP/addsub/add/B_IP_DELAY/i_pipe/opt_has_pipe.first_q_reg[19] )
INFO: [Synth 8-3886] merging instance 'floating_point_MAC:/U0/i_synth/FMA_OP.OP/addsub/add/ALIGN_BLK/ZERO_SMALLEST_DEL/i_pipe/opt_has_pipe.i_pipe[2].pipe_reg[2][0]' (FDE) to 'floating_point_MAC:/U0/i_synth/FMA_OP.OP/addsub/add/ALIGN_BLK/aligner.zero_smallest_i_delay/i_pipe/opt_has_pipe.i_pipe[2].pipe_reg[2][0]'
INFO: [Synth 8-3886] merging instance 'floating_point_MAC:/U0/i_synth/FMA_OP.OP/addsub/add/NORM/ADD_MANT_DELAY_2/i_pipe/opt_has_pipe.first_q_reg[50]' (FDE) to 'floating_point_MAC:/U0/i_synth/FMA_OP.OP/addsub/add/EXP/NORMAL_NORM_DIST.ADD_MANT_DELAY/i_pipe/opt_has_pipe.first_q_reg[1]'
INFO: [Synth 8-3886] merging instance 'floating_point_MAC:/U0/i_synth/FMA_OP.OP/addsub/add/ALIGN_BLK/aligner.ALIGN_SHIFT/ALIGN_Z_D/MUX_LOOP[1].SKEW_DIST_DEL.DEL_DIST/i_pipe/opt_has_pipe.first_q_reg[0]' (FDE) to 'floating_point_MAC:/U0/i_synth/FMA_OP.OP/addsub/add/ALIGN_BLK/aligner.ALIGN_SHIFT/ALIGN_SHIFT/MUX_LOOP[1].SKEW_DIST_DEL.DEL_DIST/i_pipe/opt_has_pipe.first_q_reg[0]'
INFO: [Synth 8-3886] merging instance 'floating_point_MAC:/U0/i_synth/FMA_OP.OP/addsub/add/ALIGN_BLK/aligner.ALIGN_SHIFT/ALIGN_Z_D/MUX_LOOP[1].SKEW_DIST_DEL.DEL_DIST/i_pipe/opt_has_pipe.first_q_reg[1]' (FDE) to 'floating_point_MAC:/U0/i_synth/FMA_OP.OP/addsub/add/ALIGN_BLK/aligner.ALIGN_SHIFT/ALIGN_SHIFT/MUX_LOOP[1].SKEW_DIST_DEL.DEL_DIST/i_pipe/opt_has_pipe.first_q_reg[1]'
INFO: [Synth 8-3886] merging instance 'floating_point_MAC:/U0/i_synth/FMA_OP.OP/addsub/add/EXP/NORMAL_NORM_DIST.ADD_MANT_DELAY/i_pipe/opt_has_pipe.first_q_reg[0]' (FDE) to 'floating_point_MAC:/U0/i_synth/FMA_OP.OP/addsub/add/NORM/ADD_MANT_DELAY_2/i_pipe/opt_has_pipe.first_q_reg[49]'
INFO: [Synth 8-3333] propagating constant 0 across sequential element (floating_point_MAC:/U0/i_synth/\FMA_OP.OP/addsub/add/NORM/ROUND/EXP_INC_DELAY/i_pipe/opt_has_pipe.first_q_reg[0] )
INFO: [Synth 8-3333] propagating constant 0 across sequential element (floating_point_MAC:/U0/i_synth/\FMA_OP.OP/addsub/add/EXP/DEC_STATE_PRE_OP_DELAY/i_pipe/opt_has_pipe.first_q_reg[4] )
INFO: [Synth 8-3333] propagating constant 0 across sequential element (floating_point_MAC:/U0/i_synth/\FMA_OP.OP/addsub/add/EXP/DEC_STATE_PRE_OP_DELAY/i_pipe/opt_has_pipe.first_q_reg[6] )
INFO: [Synth 8-3333] propagating constant 0 across sequential element (floating_point_MAC:/U0/i_synth/\FMA_OP.OP/addsub/add/EXP/DEC_STATE_PRE_OP_DELAY/i_pipe/opt_has_pipe.first_q_reg[7] )
INFO: [Synth 8-3332] Sequential element (FMA_OP.OP/addsub/add/EXP/bma_exp_cc/CARRYS_Q_DEL.FAST_DEL.CARRY_FD) is unused and will be removed from module floating_point_v7_1_7_viv.
INFO: [Synth 8-3886] merging instance 'floating_point_MAC:/U0/i_synth/FMA_OP.OP/addsub/add/EXP/DEC_STATE_PRE_OP_DELAY/i_pipe/opt_has_pipe.first_q_reg[5]' (FDE) to 'floating_point_MAC:/U0/i_synth/FMA_OP.OP/addsub/add/EXP/FLOW_SEL_PRE_OP_DELAY/i_pipe/opt_has_pipe.first_q_reg[0]'
---------------------------------------------------------------------------------
Finished Cross Boundary and Area Optimization : Time (s): cpu = 00:02:06 ; elapsed = 00:02:20 . Memory (MB): peak = 1648.449 ; gain = 1353.391
---------------------------------------------------------------------------------

Report RTL Partitions: 
+------+-----------------------+------------+----------+
|      |RTL Partition          |Replication |Instances |
+------+-----------------------+------------+----------+
|1     |floating_point_MAC     |          64|      4022|
|2     |my_pe__xdcDup__1__GC0  |           1|        96|
|3     |my_pe__xdcDup__2__GC0  |           1|        96|
|4     |my_pe__xdcDup__3__GC0  |           1|        96|
|5     |my_pe__xdcDup__4__GC0  |           1|        96|
|6     |my_pe__xdcDup__5__GC0  |           1|        96|
|7     |my_pe__xdcDup__6__GC0  |           1|        96|
|8     |my_pe__xdcDup__7__GC0  |           1|        96|
|9     |my_pe__xdcDup__8__GC0  |           1|        96|
|10    |my_pe__xdcDup__9__GC0  |           1|        96|
|11    |my_pe__xdcDup__10__GC0 |           1|        96|
|12    |my_pe__xdcDup__11__GC0 |           1|        96|
|13    |my_pe__xdcDup__12__GC0 |           1|        96|
|14    |my_pe__xdcDup__13__GC0 |           1|        96|
|15    |my_pe__xdcDup__14__GC0 |           1|        96|
|16    |my_pe__xdcDup__15__GC0 |           1|        96|
|17    |my_pe__xdcDup__16__GC0 |           1|        96|
|18    |my_pe__xdcDup__17__GC0 |           1|        96|
|19    |my_pe__xdcDup__18__GC0 |           1|        96|
|20    |my_pe__xdcDup__19__GC0 |           1|        96|
|21    |my_pe__xdcDup__20__GC0 |           1|        96|
|22    |my_pe__xdcDup__21__GC0 |           1|        96|
|23    |my_pe__xdcDup__22__GC0 |           1|        96|
|24    |my_pe__xdcDup__23__GC0 |           1|        96|
|25    |my_pe__xdcDup__24__GC0 |           1|        96|
|26    |my_pe__xdcDup__25__GC0 |           1|        96|
|27    |my_pe__xdcDup__26__GC0 |           1|        96|
|28    |my_pe__xdcDup__27__GC0 |           1|        96|
|29    |my_pe__xdcDup__28__GC0 |           1|        96|
|30    |my_pe__xdcDup__29__GC0 |           1|        96|
|31    |my_pe__xdcDup__30__GC0 |           1|        96|
|32    |my_pe__xdcDup__31__GC0 |           1|        96|
|33    |my_pe__xdcDup__32__GC0 |           1|        96|
|34    |my_pe__xdcDup__33__GC0 |           1|        96|
|35    |my_pe__xdcDup__34__GC0 |           1|        96|
|36    |my_pe__xdcDup__35__GC0 |           1|        96|
|37    |my_pe__xdcDup__36__GC0 |           1|        96|
|38    |my_pe__xdcDup__37__GC0 |           1|        96|
|39    |my_pe__xdcDup__38__GC0 |           1|        96|
|40    |my_pe__xdcDup__39__GC0 |           1|        96|
|41    |my_pe__xdcDup__40__GC0 |           1|        96|
|42    |my_pe__xdcDup__41__GC0 |           1|        96|
|43    |my_pe__xdcDup__42__GC0 |           1|        96|
|44    |my_pe__xdcDup__43__GC0 |           1|        96|
|45    |my_pe__xdcDup__44__GC0 |           1|        96|
|46    |my_pe__xdcDup__45__GC0 |           1|        96|
|47    |my_pe__xdcDup__46__GC0 |           1|        96|
|48    |my_pe__xdcDup__47__GC0 |           1|        96|
|49    |my_pe__xdcDup__48__GC0 |           1|        96|
|50    |my_pe__xdcDup__49__GC0 |           1|        96|
|51    |my_pe__xdcDup__50__GC0 |           1|        96|
|52    |my_pe__xdcDup__51__GC0 |           1|        96|
|53    |my_pe__xdcDup__52__GC0 |           1|        96|
|54    |my_pe__xdcDup__53__GC0 |           1|        96|
|55    |my_pe__xdcDup__54__GC0 |           1|        96|
|56    |my_pe__xdcDup__55__GC0 |           1|        96|
|57    |my_pe__xdcDup__56__GC0 |           1|        96|
|58    |my_pe__xdcDup__57__GC0 |           1|        96|
|59    |my_pe__xdcDup__58__GC0 |           1|        96|
|60    |my_pe__xdcDup__59__GC0 |           1|        96|
|61    |my_pe__xdcDup__60__GC0 |           1|        96|
|62    |my_pe__xdcDup__61__GC0 |           1|        96|
|63    |my_pe__xdcDup__62__GC0 |           1|        96|
|64    |my_pe__xdcDup__63__GC0 |           1|        96|
|65    |my_pe__GC0             |           1|        96|
|66    |mm_multiplier__GCB0    |           1|      8875|
|67    |mm_multiplier__GCB1    |           1|      4361|
+------+-----------------------+------------+----------+
---------------------------------------------------------------------------------
Start Applying XDC Timing Constraints
---------------------------------------------------------------------------------
---------------------------------------------------------------------------------
Finished Applying XDC Timing Constraints : Time (s): cpu = 00:02:23 ; elapsed = 00:02:36 . Memory (MB): peak = 1648.449 ; gain = 1353.391
---------------------------------------------------------------------------------
---------------------------------------------------------------------------------
Start Timing Optimization
---------------------------------------------------------------------------------
---------------------------------------------------------------------------------
Finished Timing Optimization : Time (s): cpu = 00:02:23 ; elapsed = 00:02:36 . Memory (MB): peak = 1648.449 ; gain = 1353.391
---------------------------------------------------------------------------------

Report RTL Partitions: 
+------+-----------------------+------------+----------+
|      |RTL Partition          |Replication |Instances |
+------+-----------------------+------------+----------+
|1     |floating_point_MAC     |          64|      4022|
|2     |my_pe__xdcDup__1__GC0  |           1|        96|
|3     |my_pe__xdcDup__2__GC0  |           1|        96|
|4     |my_pe__xdcDup__3__GC0  |           1|        96|
|5     |my_pe__xdcDup__4__GC0  |           1|        96|
|6     |my_pe__xdcDup__5__GC0  |           1|        96|
|7     |my_pe__xdcDup__6__GC0  |           1|        96|
|8     |my_pe__xdcDup__7__GC0  |           1|        96|
|9     |my_pe__xdcDup__8__GC0  |           1|        96|
|10    |my_pe__xdcDup__9__GC0  |           1|        96|
|11    |my_pe__xdcDup__10__GC0 |           1|        96|
|12    |my_pe__xdcDup__11__GC0 |           1|        96|
|13    |my_pe__xdcDup__12__GC0 |           1|        96|
|14    |my_pe__xdcDup__13__GC0 |           1|        96|
|15    |my_pe__xdcDup__14__GC0 |           1|        96|
|16    |my_pe__xdcDup__15__GC0 |           1|        96|
|17    |my_pe__xdcDup__16__GC0 |           1|        96|
|18    |my_pe__xdcDup__17__GC0 |           1|        96|
|19    |my_pe__xdcDup__18__GC0 |           1|        96|
|20    |my_pe__xdcDup__19__GC0 |           1|        96|
|21    |my_pe__xdcDup__20__GC0 |           1|        96|
|22    |my_pe__xdcDup__21__GC0 |           1|        96|
|23    |my_pe__xdcDup__22__GC0 |           1|        96|
|24    |my_pe__xdcDup__23__GC0 |           1|        96|
|25    |my_pe__xdcDup__24__GC0 |           1|        96|
|26    |my_pe__xdcDup__25__GC0 |           1|        96|
|27    |my_pe__xdcDup__26__GC0 |           1|        96|
|28    |my_pe__xdcDup__27__GC0 |           1|        96|
|29    |my_pe__xdcDup__28__GC0 |           1|        96|
|30    |my_pe__xdcDup__29__GC0 |           1|        96|
|31    |my_pe__xdcDup__30__GC0 |           1|        96|
|32    |my_pe__xdcDup__31__GC0 |           1|        96|
|33    |my_pe__xdcDup__32__GC0 |           1|        96|
|34    |my_pe__xdcDup__33__GC0 |           1|        96|
|35    |my_pe__xdcDup__34__GC0 |           1|        96|
|36    |my_pe__xdcDup__35__GC0 |           1|        96|
|37    |my_pe__xdcDup__36__GC0 |           1|        96|
|38    |my_pe__xdcDup__37__GC0 |           1|        96|
|39    |my_pe__xdcDup__38__GC0 |           1|        96|
|40    |my_pe__xdcDup__39__GC0 |           1|        96|
|41    |my_pe__xdcDup__40__GC0 |           1|        96|
|42    |my_pe__xdcDup__41__GC0 |           1|        96|
|43    |my_pe__xdcDup__42__GC0 |           1|        96|
|44    |my_pe__xdcDup__43__GC0 |           1|        96|
|45    |my_pe__xdcDup__44__GC0 |           1|        96|
|46    |my_pe__xdcDup__45__GC0 |           1|        96|
|47    |my_pe__xdcDup__46__GC0 |           1|        96|
|48    |my_pe__xdcDup__47__GC0 |           1|        96|
|49    |my_pe__xdcDup__48__GC0 |           1|        96|
|50    |my_pe__xdcDup__49__GC0 |           1|        96|
|51    |my_pe__xdcDup__50__GC0 |           1|        96|
|52    |my_pe__xdcDup__51__GC0 |           1|        96|
|53    |my_pe__xdcDup__52__GC0 |           1|        96|
|54    |my_pe__xdcDup__53__GC0 |           1|        96|
|55    |my_pe__xdcDup__54__GC0 |           1|        96|
|56    |my_pe__xdcDup__55__GC0 |           1|        96|
|57    |my_pe__xdcDup__56__GC0 |           1|        96|
|58    |my_pe__xdcDup__57__GC0 |           1|        96|
|59    |my_pe__xdcDup__58__GC0 |           1|        96|
|60    |my_pe__xdcDup__59__GC0 |           1|        96|
|61    |my_pe__xdcDup__60__GC0 |           1|        96|
|62    |my_pe__xdcDup__61__GC0 |           1|        96|
|63    |my_pe__xdcDup__62__GC0 |           1|        96|
|64    |my_pe__xdcDup__63__GC0 |           1|        96|
|65    |my_pe__GC0             |           1|        96|
|66    |mm_multiplier__GCB0    |           1|      8875|
|67    |mm_multiplier__GCB1    |           1|      4361|
+------+-----------------------+------------+----------+
---------------------------------------------------------------------------------
Start Technology Mapping
---------------------------------------------------------------------------------
---------------------------------------------------------------------------------
Finished Technology Mapping : Time (s): cpu = 00:02:40 ; elapsed = 00:02:55 . Memory (MB): peak = 1648.449 ; gain = 1353.391
---------------------------------------------------------------------------------

Report RTL Partitions: 
+-+--------------+------------+----------+
| |RTL Partition |Replication |Instances |
+-+--------------+------------+----------+
+-+--------------+------------+----------+
---------------------------------------------------------------------------------
Start IO Insertion
---------------------------------------------------------------------------------
---------------------------------------------------------------------------------
Start Flattening Before IO Insertion
---------------------------------------------------------------------------------
---------------------------------------------------------------------------------
Finished Flattening Before IO Insertion
---------------------------------------------------------------------------------
---------------------------------------------------------------------------------
Start Final Netlist Cleanup
---------------------------------------------------------------------------------
---------------------------------------------------------------------------------
Finished Final Netlist Cleanup
---------------------------------------------------------------------------------
---------------------------------------------------------------------------------
Finished IO Insertion : Time (s): cpu = 00:02:48 ; elapsed = 00:03:03 . Memory (MB): peak = 1648.449 ; gain = 1353.391
---------------------------------------------------------------------------------

Report Check Netlist: 
+------+------------------+-------+---------+-------+------------------+
|      |Item              |Errors |Warnings |Status |Description       |
+------+------------------+-------+---------+-------+------------------+
|1     |multi_driven_nets |      0|        0|Passed |Multi driven nets |
+------+------------------+-------+---------+-------+------------------+
---------------------------------------------------------------------------------
Start Renaming Generated Instances
---------------------------------------------------------------------------------
---------------------------------------------------------------------------------
Finished Renaming Generated Instances : Time (s): cpu = 00:02:49 ; elapsed = 00:03:05 . Memory (MB): peak = 1648.449 ; gain = 1353.391
---------------------------------------------------------------------------------

Report RTL Partitions: 
+-+--------------+------------+----------+
| |RTL Partition |Replication |Instances |
+-+--------------+------------+----------+
+-+--------------+------------+----------+
---------------------------------------------------------------------------------
Start Rebuilding User Hierarchy
---------------------------------------------------------------------------------
---------------------------------------------------------------------------------
Finished Rebuilding User Hierarchy : Time (s): cpu = 00:03:09 ; elapsed = 00:03:26 . Memory (MB): peak = 1648.449 ; gain = 1353.391
---------------------------------------------------------------------------------
---------------------------------------------------------------------------------
Start Renaming Generated Ports
---------------------------------------------------------------------------------
---------------------------------------------------------------------------------
Finished Renaming Generated Ports : Time (s): cpu = 00:03:10 ; elapsed = 00:03:28 . Memory (MB): peak = 1648.449 ; gain = 1353.391
---------------------------------------------------------------------------------
---------------------------------------------------------------------------------
Start Handling Custom Attributes
---------------------------------------------------------------------------------
---------------------------------------------------------------------------------
Finished Handling Custom Attributes : Time (s): cpu = 00:03:15 ; elapsed = 00:03:33 . Memory (MB): peak = 1648.449 ; gain = 1353.391
---------------------------------------------------------------------------------
---------------------------------------------------------------------------------
Start Renaming Generated Nets
---------------------------------------------------------------------------------
---------------------------------------------------------------------------------
Finished Renaming Generated Nets : Time (s): cpu = 00:03:16 ; elapsed = 00:03:34 . Memory (MB): peak = 1648.449 ; gain = 1353.391
---------------------------------------------------------------------------------
---------------------------------------------------------------------------------
Start Writing Synthesis Report
---------------------------------------------------------------------------------

Report BlackBoxes: 
+-+--------------+----------+
| |BlackBox name |Instances |
+-+--------------+----------+
+-+--------------+----------+

Report Cell Usage: 
+------+----------+------+
|      |Cell      |Count |
+------+----------+------+
|1     |BUFG      |     1|
|2     |CARRY4    |   448|
|3     |DSP48E1   |    64|
|4     |DSP48E1_1 |    64|
|5     |LUT1      |   719|
|6     |LUT2      |  5615|
|7     |LUT3      |  8983|
|8     |LUT4      | 12736|
|9     |LUT5      |  5988|
|10    |LUT6      | 19751|
|11    |MUXCY     | 14272|
|12    |MUXF7     |  1088|
|13    |MUXF8     |   192|
|14    |SRL16E    |  4672|
|15    |XORCY     |  6144|
|16    |FDCE      |    68|
|17    |FDE       |  2112|
|18    |FDRE      | 74244|
|19    |IBUF      |    35|
|20    |OBUF      |    41|
+------+----------+------+
---------------------------------------------------------------------------------
Finished Writing Synthesis Report : Time (s): cpu = 00:03:16 ; elapsed = 00:03:34 . Memory (MB): peak = 1648.449 ; gain = 1353.391
---------------------------------------------------------------------------------
Synthesis finished with 0 errors, 0 critical warnings and 0 warnings.
Synthesis Optimization Runtime : Time (s): cpu = 00:01:53 ; elapsed = 00:02:27 . Memory (MB): peak = 1648.449 ; gain = 266.008
Synthesis Optimization Complete : Time (s): cpu = 00:03:16 ; elapsed = 00:03:34 . Memory (MB): peak = 1648.449 ; gain = 1353.391
INFO: [Project 1-571] Translating synthesized netlist
INFO: [Netlist 29-17] Analyzing 24384 Unisim elements for replacement
INFO: [Netlist 29-28] Unisim Transformation completed in 1 CPU seconds
