Copyright 1986-2018 Xilinx, Inc. All Rights Reserved.
---------------------------------------------------------------------------------------------
| Tool Version : Vivado v.2018.3 (win64) Build 2405991 Thu Dec  6 23:38:27 MST 2018
| Date         : Mon Apr 19 16:13:46 2021
| Host         : lucetre running 64-bit major release  (build 9200)
| Command      : report_control_sets -verbose -file my_pe_controller_control_sets_placed.rpt
| Design       : my_pe_controller
| Device       : xc7k70t
---------------------------------------------------------------------------------------------

Control Set Information

Table of Contents
-----------------
1. Summary
2. Histogram
3. Flip-Flop Distribution
4. Detailed Control Set Information

1. Summary
----------

+----------------------------------------------------------+-------+
|                          Status                          | Count |
+----------------------------------------------------------+-------+
| Number of unique control sets                            |    21 |
| Unused register locations in slices containing registers |    51 |
+----------------------------------------------------------+-------+


2. Histogram
------------

+--------+--------------+
| Fanout | Control Sets |
+--------+--------------+
|      1 |            3 |
|      2 |            1 |
|      3 |            1 |
|      4 |            3 |
|      7 |            1 |
|    16+ |           12 |
+--------+--------------+


3. Flip-Flop Distribution
-------------------------

+--------------+-----------------------+------------------------+-----------------+--------------+
| Clock Enable | Synchronous Set/Reset | Asynchronous Set/Reset | Total Registers | Total Slices |
+--------------+-----------------------+------------------------+-----------------+--------------+
| No           | No                    | No                     |            1056 |          255 |
| No           | No                    | Yes                    |              12 |            4 |
| No           | Yes                   | No                     |             161 |           44 |
| Yes          | No                    | No                     |              32 |           10 |
| Yes          | No                    | Yes                    |               0 |            0 |
| Yes          | Yes                   | No                     |               0 |            0 |
+--------------+-----------------------+------------------------+-----------------+--------------+


4. Detailed Control Set Information
-----------------------------------

+---------------------------+-------------------------------------------------------+-------------------------------------------------------------------------------------------------------------------------------------------------------------+------------------+----------------+
|        Clock Signal       |                     Enable Signal                     |                                                                       Set/Reset Signal                                                                      | Slice Load Count | Bel Load Count |
+---------------------------+-------------------------------------------------------+-------------------------------------------------------------------------------------------------------------------------------------------------------------+------------------+----------------+
|  valid_reg_i_2_n_2        |                                                       |                                                                                                                                                             |                1 |              1 |
|  rst_cnt_done_reg_i_1_n_2 |                                                       |                                                                                                                                                             |                1 |              1 |
| ~state_OBUF_BUFG[1]       |                                                       |                                                                                                                                                             |                1 |              1 |
|  clk_IBUF_BUFG            |                                                       | reset_IBUF                                                                                                                                                  |                1 |              2 |
|  clk_IBUF_BUFG            |                                                       | rst_cnt_done                                                                                                                                                |                1 |              3 |
|  clk_IBUF_BUFG            |                                                       | MY_PE/UUT/U0/i_synth/FMA_OP.OP/addsub/add/ALIGN_BLK/aligner.ALIGN_SHIFT/ALIGN_SHIFT/MUX_LOOP[1].SKEW_DIST_DEL.DEL_DIST/i_pipe/opt_has_pipe.first_q_reg[0]_0 |                1 |              4 |
|  clk_IBUF_BUFG            |                                                       | MY_PE/UUT/U0/i_synth/FMA_OP.OP/addsub/add/NORM/LZE/ENCODE[0].MUX_Z/OP_DEL/i_pipe/first_q[1]                                                                 |                1 |              4 |
|  clk_IBUF_BUFG            |                                                       | MY_PE/UUT/U0/i_synth/FMA_OP.OP/addsub/add/NORM/LZE/ENCODE[0].MUX_Z/OP_DEL/i_pipe/opt_has_pipe.first_q_reg[0]_0                                              |                1 |              4 |
|  clk_IBUF_BUFG            |                                                       | rst_cnt_load                                                                                                                                                |                2 |              7 |
|  clk_IBUF_BUFG            |                                                       | MY_PE/UUT/U0/i_synth/FMA_OP.OP/addsub/add/ALIGN_BLK/ABS_DELAY/i_pipe/opt_has_pipe.first_q_reg[5]_0                                                          |                3 |             16 |
|  clk_IBUF_BUFG            |                                                       | MY_PE/UUT/U0/i_synth/FMA_OP.OP/addsub/add/ALIGN_BLK/ABS_DELAY/i_pipe/first_q[5]                                                                             |                5 |             16 |
|  clk_IBUF_BUFG            |                                                       | MY_PE/UUT/U0/i_synth/FMA_OP.OP/addsub/add/NORM/LZE/ZERO_DET_CC_1/CHAIN_GEN[3].CARRYS_DEL.NEED_DEL.CARRYS_FD_0                                               |                3 |             16 |
|  clk_IBUF_BUFG            |                                                       | MY_PE/UUT/U0/i_synth/FMA_OP.OP/addsub/add/NORM/LZE/ZERO_DET_CC_1/CARRYS_OUT[7]                                                                              |                3 |             16 |
|  clk_IBUF_BUFG            |                                                       | MY_PE/UUT/U0/i_synth/sclr_i                                                                                                                                 |                4 |             16 |
|  clk_IBUF_BUFG            |                                                       | MY_PE/UUT/U0/i_synth/FMA_OP.OP/addsub/add/EXP/conv_exp.downsize_exp/FLOW_REQ.EXP_NE.FLOW_DELAY/i_pipe/opt_has_pipe.first_q_reg[3]_1                         |                8 |             22 |
|  clk_IBUF_BUFG            | MY_PE/UUT/U0/i_synth/i_nd_to_rdy/m_axis_result_tvalid |                                                                                                                                                             |               10 |             32 |
|  n_0_79_BUFG              |                                                       |                                                                                                                                                             |               14 |             32 |
|  n_1_87_BUFG              |                                                       |                                                                                                                                                             |               12 |             32 |
|  clk_IBUF_BUFG            |                                                       | MY_PE/UUT/U0/i_synth/FMA_OP.OP/addsub/add/zero_largest                                                                                                      |               15 |             47 |
|  ain_BUFG                 |                                                       |                                                                                                                                                             |               22 |             64 |
|  clk_IBUF_BUFG            |                                                       |                                                                                                                                                             |              204 |            998 |
+---------------------------+-------------------------------------------------------+-------------------------------------------------------------------------------------------------------------------------------------------------------------+------------------+----------------+


