#-----------------------------------------------------------
# Vivado v2018.3 (64-bit)
# SW Build 2405991 on Thu Dec  6 23:38:27 MST 2018
# IP Build 2404404 on Fri Dec  7 01:43:56 MST 2018
# Start of session at: Mon Jun 15 17:52:39 2020
# Process ID: 23360
# Current directory: C:/Users/DAUN/Desktop/하시설/lab05/LAB005
# Command line: vivado.exe -gui_launcher_event rodinguilauncherevent10824 C:\Users\DAUN\Desktop\하시설\lab05\LAB005\LAB005.xpr
# Log file: C:/Users/DAUN/Desktop/하시설/lab05/LAB005/vivado.log
# Journal file: C:/Users/DAUN/Desktop/하시설/lab05/LAB005\vivado.jou
#-----------------------------------------------------------
start_gui
open_project C:/Users/DAUN/Desktop/하시설/lab05/LAB005/LAB005.xpr
INFO: [Project 1-313] Project file moved from 'C:/Users/DAUN/LAB005' since last save.
Scanning sources...
Finished scanning sources
INFO: [IP_Flow 19-234] Refreshing IP repositories
INFO: [IP_Flow 19-1704] No user IP repositories specified
INFO: [IP_Flow 19-2313] Loaded Vivado IP repository 'C:/Xilinx/Vivado/2018.3/data/ip'.
open_project: Time (s): cpu = 00:00:13 ; elapsed = 00:00:06 . Memory (MB): peak = 682.008 ; gain = 87.801
update_compile_order -fileset sources_1
exit
INFO: [Common 17-206] Exiting Vivado at Mon Jun 15 18:03:02 2020...
