#-----------------------------------------------------------
# Vivado v2020.2 (64-bit)
# SW Build 3064766 on Wed Nov 18 09:12:45 MST 2020
# IP Build 3064653 on Wed Nov 18 14:17:31 MST 2020
# Start of session at: Tue Apr  6 11:18:43 2021
# Process ID: 15248
# Current directory: C:/Users/lucetre/Documents/semester/21s-hardware-system-design/lab05/prj/lab05
# Command line: vivado.exe -gui_launcher_event rodinguilauncherevent16008 C:\Users\lucetre\Documents\semester\21s-hardware-system-design\lab05\prj\lab05\lab05.xpr
# Log file: C:/Users/lucetre/Documents/semester/21s-hardware-system-design/lab05/prj/lab05/vivado.log
# Journal file: C:/Users/lucetre/Documents/semester/21s-hardware-system-design/lab05/prj/lab05\vivado.jou
#-----------------------------------------------------------
start_gui
open_project C:/Users/lucetre/Documents/semester/21s-hardware-system-design/lab05/prj/lab05/lab05.xpr
WARNING: [filemgmt 56-3] Default IP Output Path : Could not find the directory 'C:/Users/lucetre/Documents/semester/21s-hardware-system-design/lab05/prj/lab05/lab05.gen/sources_1'.
Scanning sources...
Finished scanning sources
INFO: [IP_Flow 19-234] Refreshing IP repositories
INFO: [IP_Flow 19-1704] No user IP repositories specified
INFO: [IP_Flow 19-2313] Loaded Vivado IP repository 'C:/Xilinx/Vivado/2020.2/data/ip'.
open_project: Time (s): cpu = 00:00:13 ; elapsed = 00:00:21 . Memory (MB): peak = 979.289 ; gain = 0.000
update_compile_order -fileset sources_1
launch_simulation
Command: launch_simulation 
INFO: [Vivado 12-5682] Launching behavioral simulation in 'C:/Users/lucetre/Documents/semester/21s-hardware-system-design/lab05/prj/lab05/lab05.sim/sim_1/behav/xsim'
INFO: [SIM-utils-51] Simulation object is 'sim_1'
INFO: [SIM-utils-54] Inspecting design source files for 'tb_my_bram' in fileset 'sim_1'...
INFO: [USF-XSim-97] Finding global include files...
INFO: [USF-XSim-98] Fetching design files from 'sim_1'...
INFO: [USF-XSim-2] XSim::Compile design
INFO: [USF-XSim-61] Executing 'COMPILE and ANALYZE' step in 'C:/Users/lucetre/Documents/semester/21s-hardware-system-design/lab05/prj/lab05/lab05.sim/sim_1/behav/xsim'
"xvlog --incr --relax -prj tb_my_bram_vlog.prj"
INFO: [VRFC 10-2263] Analyzing Verilog file "C:/Users/lucetre/Documents/semester/21s-hardware-system-design/lab05/prj/lab05/lab05.srcs/sources_1/new/my_bram.v" into library xil_defaultlib
INFO: [VRFC 10-311] analyzing module my_bram
INFO: [VRFC 10-2263] Analyzing Verilog file "C:/Users/lucetre/Documents/semester/21s-hardware-system-design/lab05/prj/lab05/lab05.srcs/sim_1/new/tb_my_bram.v" into library xil_defaultlib
INFO: [VRFC 10-311] analyzing module tb_my_bram
INFO: [USF-XSim-69] 'compile' step finished in '3' seconds
INFO: [USF-XSim-3] XSim::Elaborate design
INFO: [USF-XSim-61] Executing 'ELABORATE' step in 'C:/Users/lucetre/Documents/semester/21s-hardware-system-design/lab05/prj/lab05/lab05.sim/sim_1/behav/xsim'
"xelab -wto e02bd607008040cc9912689ec522ca20 --incr --debug typical --relax --mt 2 -L xil_defaultlib -L unisims_ver -L unimacro_ver -L secureip --snapshot tb_my_bram_behav xil_defaultlib.tb_my_bram xil_defaultlib.glbl -log elaborate.log"
Vivado Simulator 2020.2
Copyright 1986-1999, 2001-2020 Xilinx, Inc. All Rights Reserved.
Running: C:/Xilinx/Vivado/2020.2/bin/unwrapped/win64.o/xelab.exe -wto e02bd607008040cc9912689ec522ca20 --incr --debug typical --relax --mt 2 -L xil_defaultlib -L unisims_ver -L unimacro_ver -L secureip --snapshot tb_my_bram_behav xil_defaultlib.tb_my_bram xil_defaultlib.glbl -log elaborate.log 
Using 2 slave threads.
Starting static elaboration
Pass Through NonSizing Optimizer
WARNING: [VRFC 10-3091] actual bit length 32 differs from formal bit length 4 for port 'BRAM_WE' [C:/Users/lucetre/Documents/semester/21s-hardware-system-design/lab05/prj/lab05/lab05.srcs/sim_1/new/tb_my_bram.v:47]
WARNING: [VRFC 10-3091] actual bit length 32 differs from formal bit length 1 for port 'done' [C:/Users/lucetre/Documents/semester/21s-hardware-system-design/lab05/prj/lab05/lab05.srcs/sim_1/new/tb_my_bram.v:48]
Completed static elaboration
Starting simulation data flow analysis
Completed simulation data flow analysis
Time Resolution for simulation is 1ps
Compiling module xil_defaultlib.my_bram
Compiling module xil_defaultlib.my_bram(INIT_FILE="")
Compiling module xil_defaultlib.tb_my_bram
Compiling module xil_defaultlib.glbl
Built simulation snapshot tb_my_bram_behav
run_program: Time (s): cpu = 00:00:01 ; elapsed = 00:00:06 . Memory (MB): peak = 979.289 ; gain = 0.000
INFO: [USF-XSim-69] 'elaborate' step finished in '6' seconds
INFO: [USF-XSim-4] XSim::Simulate design
INFO: [USF-XSim-61] Executing 'SIMULATE' step in 'C:/Users/lucetre/Documents/semester/21s-hardware-system-design/lab05/prj/lab05/lab05.sim/sim_1/behav/xsim'
INFO: [USF-XSim-98] *** Running xsim
   with args "tb_my_bram_behav -key {Behavioral:sim_1:Functional:tb_my_bram} -tclbatch {tb_my_bram.tcl} -log {simulate.log}"
INFO: [USF-XSim-8] Loading simulator feature
Vivado Simulator 2020.2
Time resolution is 1 ps
source tb_my_bram.tcl
# set curr_wave [current_wave_config]
# if { [string length $curr_wave] == 0 } {
#   if { [llength [get_objects]] > 0} {
#     add_wave /
#     set_property needs_save false [current_wave_config]
#   } else {
#      send_msg_id Add_Wave-1 WARNING "No top level signals found. Simulator will start without a wave window. If you want to open a wave window go to 'File->New Waveform Configuration' or type 'create_wave_config' in the TCL console."
#   }
# }
WARNING: [Wavedata 42-489] Can't add object "/tb_my_bram/BRAM_INIT" to the wave window because it has 262144 bits, which exceeds the display limit of 65536 bits.  To change the display limit, use the command "set_property display_limit <new limit> [current_wave_config]".
# run 10ms
xsim: Time (s): cpu = 00:00:10 ; elapsed = 00:00:06 . Memory (MB): peak = 979.289 ; gain = 0.000
INFO: [USF-XSim-96] XSim completed. Design snapshot 'tb_my_bram_behav' loaded.
INFO: [USF-XSim-97] XSim simulation ran for 10ms
launch_simulation: Time (s): cpu = 00:00:14 ; elapsed = 00:00:17 . Memory (MB): peak = 979.289 ; gain = 0.000
close_sim
INFO: [Simtcl 6-16] Simulation closed
exit
INFO: [Common 17-206] Exiting Vivado at Tue Apr  6 11:21:29 2021...
