
*** Running vivado
    with args -log design_1_wrapper.vdi -applog -m64 -product Vivado -messageDb vivado.pb -mode batch -source design_1_wrapper.tcl -notrace


****** Vivado v2018.3 (64-bit)
  **** SW Build 2405991 on Thu Dec  6 23:38:27 MST 2018
  **** IP Build 2404404 on Fri Dec  7 01:43:56 MST 2018
    ** Copyright 1986-2018 Xilinx, Inc. All Rights Reserved.

source design_1_wrapper.tcl -notrace
INFO: [IP_Flow 19-234] Refreshing IP repositories
INFO: [IP_Flow 19-1700] Loaded user IP repository 'c:/Users/lucetre/Documents/semester/21s-hardware-system-design/Project/Project_V0/MyIP'.
INFO: [IP_Flow 19-2313] Loaded Vivado IP repository 'C:/Xilinx/Vivado/2018.3/data/ip'.
WARNING: [IP_Flow 19-4995] The host OS only allows 260 characters in a normal path. The IP cache path is more than 80 characters. If you experience issues with IP caching, please consider changing the IP cache to a location with a shorter path. Alternately consider using the OS subst command to map part of the path to a drive letter. 
Current IP cache path is C:/Users/lucetre/Documents/semester/21s-hardware-system-design/Project/Project_V0/Project_V0.cache/ip 
Command: link_design -top design_1_wrapper -part xc7z020clg484-1
Design is defaulting to srcset: sources_1
Design is defaulting to constrset: constrs_1
INFO: [Netlist 29-17] Analyzing 5688 Unisim elements for replacement
INFO: [Netlist 29-28] Unisim Transformation completed in 0 CPU seconds
INFO: [Project 1-479] Netlist was created with Vivado 2018.3
INFO: [Device 21-403] Loading part xc7z020clg484-1
INFO: [Project 1-570] Preparing netlist for logic optimization
Parsing XDC File [c:/Users/lucetre/Documents/semester/21s-hardware-system-design/Project/Project_V0/Project_V0.srcs/sources_1/bd/design_1/ip/design_1_myip_0_0/src/clk_wiz_0_4/clk_wiz_0.xdc] for cell 'design_1_i/myip_0/inst/myip_v1_0_S00_AXI_inst/u_clk_180/inst'
INFO: [Timing 38-35] Done setting XDC timing constraints. [c:/Users/lucetre/Documents/semester/21s-hardware-system-design/Project/Project_V0/Project_V0.srcs/sources_1/bd/design_1/ip/design_1_myip_0_0/src/clk_wiz_0_4/clk_wiz_0.xdc:57]
INFO: [Timing 38-2] Deriving generated clocks [c:/Users/lucetre/Documents/semester/21s-hardware-system-design/Project/Project_V0/Project_V0.srcs/sources_1/bd/design_1/ip/design_1_myip_0_0/src/clk_wiz_0_4/clk_wiz_0.xdc:57]
get_clocks: Time (s): cpu = 00:00:23 ; elapsed = 00:00:20 . Memory (MB): peak = 2018.441 ; gain = 768.289
Finished Parsing XDC File [c:/Users/lucetre/Documents/semester/21s-hardware-system-design/Project/Project_V0/Project_V0.srcs/sources_1/bd/design_1/ip/design_1_myip_0_0/src/clk_wiz_0_4/clk_wiz_0.xdc] for cell 'design_1_i/myip_0/inst/myip_v1_0_S00_AXI_inst/u_clk_180/inst'
Parsing XDC File [c:/Users/lucetre/Documents/semester/21s-hardware-system-design/Project/Project_V0/Project_V0.srcs/sources_1/bd/design_1/ip/design_1_processing_system7_0_0/design_1_processing_system7_0_0.xdc] for cell 'design_1_i/processing_system7_0/inst'
Finished Parsing XDC File [c:/Users/lucetre/Documents/semester/21s-hardware-system-design/Project/Project_V0/Project_V0.srcs/sources_1/bd/design_1/ip/design_1_processing_system7_0_0/design_1_processing_system7_0_0.xdc] for cell 'design_1_i/processing_system7_0/inst'
Parsing XDC File [c:/Users/lucetre/Documents/semester/21s-hardware-system-design/Project/Project_V0/Project_V0.srcs/sources_1/bd/design_1/ip/design_1_rst_ps7_0_50M_0/design_1_rst_ps7_0_50M_0_board.xdc] for cell 'design_1_i/rst_ps7_0_50M/U0'
Finished Parsing XDC File [c:/Users/lucetre/Documents/semester/21s-hardware-system-design/Project/Project_V0/Project_V0.srcs/sources_1/bd/design_1/ip/design_1_rst_ps7_0_50M_0/design_1_rst_ps7_0_50M_0_board.xdc] for cell 'design_1_i/rst_ps7_0_50M/U0'
Parsing XDC File [c:/Users/lucetre/Documents/semester/21s-hardware-system-design/Project/Project_V0/Project_V0.srcs/sources_1/bd/design_1/ip/design_1_rst_ps7_0_50M_0/design_1_rst_ps7_0_50M_0.xdc] for cell 'design_1_i/rst_ps7_0_50M/U0'
Finished Parsing XDC File [c:/Users/lucetre/Documents/semester/21s-hardware-system-design/Project/Project_V0/Project_V0.srcs/sources_1/bd/design_1/ip/design_1_rst_ps7_0_50M_0/design_1_rst_ps7_0_50M_0.xdc] for cell 'design_1_i/rst_ps7_0_50M/U0'
INFO: [Opt 31-138] Pushed 0 inverter(s) to 0 load pin(s).
Generating merged BMM file for the design top 'design_1_wrapper'...
Netlist sorting complete. Time (s): cpu = 00:00:00 ; elapsed = 00:00:00.239 . Memory (MB): peak = 2019.148 ; gain = 0.000
INFO: [Project 1-111] Unisim Transformation Summary:
No Unisim elements were transformed.

12 Infos, 1 Warnings, 0 Critical Warnings and 0 Errors encountered.
link_design completed successfully
link_design: Time (s): cpu = 00:01:10 ; elapsed = 00:01:10 . Memory (MB): peak = 2019.148 ; gain = 1719.066
Command: opt_design
Attempting to get a license for feature 'Implementation' and/or device 'xc7z020'
INFO: [Common 17-349] Got license for feature 'Implementation' and/or device 'xc7z020'
Running DRC as a precondition to command opt_design

Starting DRC Task
INFO: [DRC 23-27] Running DRC with 2 threads
ERROR: [DRC MDRV-1] Multiple Driver Nets: Net design_1_i/myip_0/inst/myip_v1_0_S00_AXI_inst/MM_MULTIPLIER/MATRIX[9].MY_PE/UUT/U0/i_synth/i_nd_to_rdy/m_axis_result_tvalid has multiple drivers: design_1_i/myip_0/inst/myip_v1_0_S00_AXI_inst/MM_MULTIPLIER/MATRIX[63].MY_PE/UUT/U0/i_synth/i_nd_to_rdy/opt_has_pipe.i_pipe[16].pipe_reg[16][0]/Q, design_1_i/myip_0/inst/myip_v1_0_S00_AXI_inst/MM_MULTIPLIER/MATRIX[0].MY_PE/UUT/U0/i_synth/i_nd_to_rdy/opt_has_pipe.i_pipe[16].pipe_reg[16][0]/Q, design_1_i/myip_0/inst/myip_v1_0_S00_AXI_inst/MM_MULTIPLIER/MATRIX[9].MY_PE/UUT/U0/i_synth/i_nd_to_rdy/opt_has_pipe.i_pipe[16].pipe_reg[16][0]/Q, design_1_i/myip_0/inst/myip_v1_0_S00_AXI_inst/MM_MULTIPLIER/MATRIX[10].MY_PE/UUT/U0/i_synth/i_nd_to_rdy/opt_has_pipe.i_pipe[16].pipe_reg[16][0]/Q, design_1_i/myip_0/inst/myip_v1_0_S00_AXI_inst/MM_MULTIPLIER/MATRIX[11].MY_PE/UUT/U0/i_synth/i_nd_to_rdy/opt_has_pipe.i_pipe[16].pipe_reg[16][0]/Q, design_1_i/myip_0/inst/myip_v1_0_S00_AXI_inst/MM_MULTIPLIER/MATRIX[12].MY_PE/UUT/U0/i_synth/i_nd_to_rdy/opt_has_pipe.i_pipe[16].pipe_reg[16][0]/Q, design_1_i/myip_0/inst/myip_v1_0_S00_AXI_inst/MM_MULTIPLIER/MATRIX[13].MY_PE/UUT/U0/i_synth/i_nd_to_rdy/opt_has_pipe.i_pipe[16].pipe_reg[16][0]/Q, design_1_i/myip_0/inst/myip_v1_0_S00_AXI_inst/MM_MULTIPLIER/MATRIX[14].MY_PE/UUT/U0/i_synth/i_nd_to_rdy/opt_has_pipe.i_pipe[16].pipe_reg[16][0]/Q, design_1_i/myip_0/inst/myip_v1_0_S00_AXI_inst/MM_MULTIPLIER/MATRIX[1].MY_PE/UUT/U0/i_synth/i_nd_to_rdy/opt_has_pipe.i_pipe[16].pipe_reg[16][0]/Q, design_1_i/myip_0/inst/myip_v1_0_S00_AXI_inst/MM_MULTIPLIER/MATRIX[16].MY_PE/UUT/U0/i_synth/i_nd_to_rdy/opt_has_pipe.i_pipe[16].pipe_reg[16][0]/Q, design_1_i/myip_0/inst/myip_v1_0_S00_AXI_inst/MM_MULTIPLIER/MATRIX[15].MY_PE/UUT/U0/i_synth/i_nd_to_rdy/opt_has_pipe.i_pipe[16].pipe_reg[16][0]/Q, design_1_i/myip_0/inst/myip_v1_0_S00_AXI_inst/MM_MULTIPLIER/MATRIX[17].MY_PE/UUT/U0/i_synth/i_nd_to_rdy/opt_has_pipe.i_pipe[16].pipe_reg[16][0]/Q, design_1_i/myip_0/inst/myip_v1_0_S00_AXI_inst/MM_MULTIPLIER/MATRIX[19].MY_PE/UUT/U0/i_synth/i_nd_to_rdy/opt_has_pipe.i_pipe[16].pipe_reg[16][0]/Q, design_1_i/myip_0/inst/myip_v1_0_S00_AXI_inst/MM_MULTIPLIER/MATRIX[18].MY_PE/UUT/U0/i_synth/i_nd_to_rdy/opt_has_pipe.i_pipe[16].pipe_reg[16][0]/Q, design_1_i/myip_0/inst/myip_v1_0_S00_AXI_inst/MM_MULTIPLIER/MATRIX[25].MY_PE/UUT/U0/i_synth/i_nd_to_rdy/opt_has_pipe.i_pipe[16].pipe_reg[16][0]/Q... and (the first 15 of 64 listed).
ERROR: [DRC MDRV-1] Multiple Driver Nets: Net design_1_i/myip_0/inst/myip_v1_0_S00_AXI_inst/MM_MULTIPLIER/m00_bram_addr[0] has multiple drivers: design_1_i/myip_0/inst/myip_v1_0_S00_AXI_inst/MM_MULTIPLIER/m00_bram_addr[2]_INST_2/O, design_1_i/myip_0/inst/myip_v1_0_S00_AXI_inst/MM_MULTIPLIER/m00_bram_addr[2]_INST_0/O, and design_1_i/myip_0/inst/myip_v1_0_S00_AXI_inst/MM_MULTIPLIER/m00_bram_addr[2]_INST_1/O.
ERROR: [DRC MDRV-1] Multiple Driver Nets: Net design_1_i/myip_0/inst/myip_v1_0_S00_AXI_inst/MM_MULTIPLIER/m00_bram_addr[1] has multiple drivers: design_1_i/myip_0/inst/myip_v1_0_S00_AXI_inst/MM_MULTIPLIER/m00_bram_addr[3]_INST_0/O, design_1_i/myip_0/inst/myip_v1_0_S00_AXI_inst/MM_MULTIPLIER/m00_bram_addr[3]_INST_2/O, and design_1_i/myip_0/inst/myip_v1_0_S00_AXI_inst/MM_MULTIPLIER/m00_bram_addr[3]_INST_1/O.
ERROR: [DRC MDRV-1] Multiple Driver Nets: Net design_1_i/myip_0/inst/myip_v1_0_S00_AXI_inst/MM_MULTIPLIER/m00_bram_addr[2] has multiple drivers: design_1_i/myip_0/inst/myip_v1_0_S00_AXI_inst/MM_MULTIPLIER/m00_bram_addr[4]_INST_0/O, design_1_i/myip_0/inst/myip_v1_0_S00_AXI_inst/MM_MULTIPLIER/m00_bram_addr[4]_INST_1/O, and design_1_i/myip_0/inst/myip_v1_0_S00_AXI_inst/MM_MULTIPLIER/m00_bram_addr[4]_INST_2/O.
ERROR: [DRC MDRV-1] Multiple Driver Nets: Net design_1_i/myip_0/inst/myip_v1_0_S00_AXI_inst/MM_MULTIPLIER/m00_bram_addr[3] has multiple drivers: design_1_i/myip_0/inst/myip_v1_0_S00_AXI_inst/MM_MULTIPLIER/m00_bram_addr[5]_INST_0/O, design_1_i/myip_0/inst/myip_v1_0_S00_AXI_inst/MM_MULTIPLIER/m00_bram_addr[5]_INST_1/O, and design_1_i/myip_0/inst/myip_v1_0_S00_AXI_inst/MM_MULTIPLIER/m00_bram_addr[5]_INST_2/O.
ERROR: [DRC MDRV-1] Multiple Driver Nets: Net design_1_i/myip_0/inst/myip_v1_0_S00_AXI_inst/MM_MULTIPLIER/m00_bram_addr[4] has multiple drivers: design_1_i/myip_0/inst/myip_v1_0_S00_AXI_inst/MM_MULTIPLIER/m00_bram_addr[6]_INST_0/O, design_1_i/myip_0/inst/myip_v1_0_S00_AXI_inst/MM_MULTIPLIER/m00_bram_addr[6]_INST_1/O, and design_1_i/myip_0/inst/myip_v1_0_S00_AXI_inst/MM_MULTIPLIER/m00_bram_addr[6]_INST_2/O.
ERROR: [DRC MDRV-1] Multiple Driver Nets: Net design_1_i/myip_0/inst/myip_v1_0_S00_AXI_inst/MM_MULTIPLIER/m00_bram_rddata[0] has multiple drivers: design_1_i/blk_mem_gen_0/U0/inst_blk_mem_gen/gnbram.gnative_mem_map_bmg.native_mem_map_blk_mem_gen/valid.cstr/ramloop[0].ram.r/prim_noinit.ram/DEVICE_7SERIES.WITH_BMM_INFO.TRUE_DP.SIMPLE_PRIM36.TDP_SP36_NO_ECC_ATTR.ram/DOBDO[0], and design_1_i/myip_0/inst/myip_v1_0_S00_AXI_inst/MM_MULTIPLIER/gb1_reg[0][0]_i_1/O.
ERROR: [DRC MDRV-1] Multiple Driver Nets: Net design_1_i/myip_0/inst/myip_v1_0_S00_AXI_inst/MM_MULTIPLIER/m00_bram_rddata[10] has multiple drivers: design_1_i/blk_mem_gen_0/U0/inst_blk_mem_gen/gnbram.gnative_mem_map_bmg.native_mem_map_blk_mem_gen/valid.cstr/ramloop[0].ram.r/prim_noinit.ram/DEVICE_7SERIES.WITH_BMM_INFO.TRUE_DP.SIMPLE_PRIM36.TDP_SP36_NO_ECC_ATTR.ram/DOBDO[10], and design_1_i/myip_0/inst/myip_v1_0_S00_AXI_inst/MM_MULTIPLIER/gb1_reg[0][10]_i_1/O.
ERROR: [DRC MDRV-1] Multiple Driver Nets: Net design_1_i/myip_0/inst/myip_v1_0_S00_AXI_inst/MM_MULTIPLIER/m00_bram_rddata[11] has multiple drivers: design_1_i/blk_mem_gen_0/U0/inst_blk_mem_gen/gnbram.gnative_mem_map_bmg.native_mem_map_blk_mem_gen/valid.cstr/ramloop[0].ram.r/prim_noinit.ram/DEVICE_7SERIES.WITH_BMM_INFO.TRUE_DP.SIMPLE_PRIM36.TDP_SP36_NO_ECC_ATTR.ram/DOBDO[11], and design_1_i/myip_0/inst/myip_v1_0_S00_AXI_inst/MM_MULTIPLIER/gb1_reg[0][11]_i_1/O.
ERROR: [DRC MDRV-1] Multiple Driver Nets: Net design_1_i/myip_0/inst/myip_v1_0_S00_AXI_inst/MM_MULTIPLIER/m00_bram_rddata[12] has multiple drivers: design_1_i/blk_mem_gen_0/U0/inst_blk_mem_gen/gnbram.gnative_mem_map_bmg.native_mem_map_blk_mem_gen/valid.cstr/ramloop[0].ram.r/prim_noinit.ram/DEVICE_7SERIES.WITH_BMM_INFO.TRUE_DP.SIMPLE_PRIM36.TDP_SP36_NO_ECC_ATTR.ram/DOBDO[12], and design_1_i/myip_0/inst/myip_v1_0_S00_AXI_inst/MM_MULTIPLIER/gb1_reg[0][12]_i_1/O.
ERROR: [DRC MDRV-1] Multiple Driver Nets: Net design_1_i/myip_0/inst/myip_v1_0_S00_AXI_inst/MM_MULTIPLIER/m00_bram_rddata[13] has multiple drivers: design_1_i/blk_mem_gen_0/U0/inst_blk_mem_gen/gnbram.gnative_mem_map_bmg.native_mem_map_blk_mem_gen/valid.cstr/ramloop[0].ram.r/prim_noinit.ram/DEVICE_7SERIES.WITH_BMM_INFO.TRUE_DP.SIMPLE_PRIM36.TDP_SP36_NO_ECC_ATTR.ram/DOBDO[13], and design_1_i/myip_0/inst/myip_v1_0_S00_AXI_inst/MM_MULTIPLIER/gb1_reg[0][13]_i_1/O.
ERROR: [DRC MDRV-1] Multiple Driver Nets: Net design_1_i/myip_0/inst/myip_v1_0_S00_AXI_inst/MM_MULTIPLIER/m00_bram_rddata[14] has multiple drivers: design_1_i/blk_mem_gen_0/U0/inst_blk_mem_gen/gnbram.gnative_mem_map_bmg.native_mem_map_blk_mem_gen/valid.cstr/ramloop[0].ram.r/prim_noinit.ram/DEVICE_7SERIES.WITH_BMM_INFO.TRUE_DP.SIMPLE_PRIM36.TDP_SP36_NO_ECC_ATTR.ram/DOBDO[14], and design_1_i/myip_0/inst/myip_v1_0_S00_AXI_inst/MM_MULTIPLIER/gb1_reg[0][14]_i_1/O.
ERROR: [DRC MDRV-1] Multiple Driver Nets: Net design_1_i/myip_0/inst/myip_v1_0_S00_AXI_inst/MM_MULTIPLIER/m00_bram_rddata[15] has multiple drivers: design_1_i/blk_mem_gen_0/U0/inst_blk_mem_gen/gnbram.gnative_mem_map_bmg.native_mem_map_blk_mem_gen/valid.cstr/ramloop[0].ram.r/prim_noinit.ram/DEVICE_7SERIES.WITH_BMM_INFO.TRUE_DP.SIMPLE_PRIM36.TDP_SP36_NO_ECC_ATTR.ram/DOBDO[15], and design_1_i/myip_0/inst/myip_v1_0_S00_AXI_inst/MM_MULTIPLIER/gb1_reg[0][15]_i_1/O.
ERROR: [DRC MDRV-1] Multiple Driver Nets: Net design_1_i/myip_0/inst/myip_v1_0_S00_AXI_inst/MM_MULTIPLIER/m00_bram_rddata[16] has multiple drivers: design_1_i/blk_mem_gen_0/U0/inst_blk_mem_gen/gnbram.gnative_mem_map_bmg.native_mem_map_blk_mem_gen/valid.cstr/ramloop[1].ram.r/prim_noinit.ram/DEVICE_7SERIES.WITH_BMM_INFO.TRUE_DP.SIMPLE_PRIM36.TDP_SP36_NO_ECC_ATTR.ram/DOBDO[0], and design_1_i/myip_0/inst/myip_v1_0_S00_AXI_inst/MM_MULTIPLIER/gb1_reg[0][16]_i_1/O.
ERROR: [DRC MDRV-1] Multiple Driver Nets: Net design_1_i/myip_0/inst/myip_v1_0_S00_AXI_inst/MM_MULTIPLIER/m00_bram_rddata[17] has multiple drivers: design_1_i/blk_mem_gen_0/U0/inst_blk_mem_gen/gnbram.gnative_mem_map_bmg.native_mem_map_blk_mem_gen/valid.cstr/ramloop[1].ram.r/prim_noinit.ram/DEVICE_7SERIES.WITH_BMM_INFO.TRUE_DP.SIMPLE_PRIM36.TDP_SP36_NO_ECC_ATTR.ram/DOBDO[1], and design_1_i/myip_0/inst/myip_v1_0_S00_AXI_inst/MM_MULTIPLIER/gb1_reg[0][17]_i_1/O.
ERROR: [DRC MDRV-1] Multiple Driver Nets: Net design_1_i/myip_0/inst/myip_v1_0_S00_AXI_inst/MM_MULTIPLIER/m00_bram_rddata[18] has multiple drivers: design_1_i/blk_mem_gen_0/U0/inst_blk_mem_gen/gnbram.gnative_mem_map_bmg.native_mem_map_blk_mem_gen/valid.cstr/ramloop[1].ram.r/prim_noinit.ram/DEVICE_7SERIES.WITH_BMM_INFO.TRUE_DP.SIMPLE_PRIM36.TDP_SP36_NO_ECC_ATTR.ram/DOBDO[2], and design_1_i/myip_0/inst/myip_v1_0_S00_AXI_inst/MM_MULTIPLIER/gb1_reg[0][18]_i_1/O.
ERROR: [DRC MDRV-1] Multiple Driver Nets: Net design_1_i/myip_0/inst/myip_v1_0_S00_AXI_inst/MM_MULTIPLIER/m00_bram_rddata[19] has multiple drivers: design_1_i/blk_mem_gen_0/U0/inst_blk_mem_gen/gnbram.gnative_mem_map_bmg.native_mem_map_blk_mem_gen/valid.cstr/ramloop[1].ram.r/prim_noinit.ram/DEVICE_7SERIES.WITH_BMM_INFO.TRUE_DP.SIMPLE_PRIM36.TDP_SP36_NO_ECC_ATTR.ram/DOBDO[3], and design_1_i/myip_0/inst/myip_v1_0_S00_AXI_inst/MM_MULTIPLIER/gb1_reg[0][19]_i_1/O.
ERROR: [DRC MDRV-1] Multiple Driver Nets: Net design_1_i/myip_0/inst/myip_v1_0_S00_AXI_inst/MM_MULTIPLIER/m00_bram_rddata[1] has multiple drivers: design_1_i/blk_mem_gen_0/U0/inst_blk_mem_gen/gnbram.gnative_mem_map_bmg.native_mem_map_blk_mem_gen/valid.cstr/ramloop[0].ram.r/prim_noinit.ram/DEVICE_7SERIES.WITH_BMM_INFO.TRUE_DP.SIMPLE_PRIM36.TDP_SP36_NO_ECC_ATTR.ram/DOBDO[1], and design_1_i/myip_0/inst/myip_v1_0_S00_AXI_inst/MM_MULTIPLIER/gb1_reg[0][1]_i_1/O.
ERROR: [DRC MDRV-1] Multiple Driver Nets: Net design_1_i/myip_0/inst/myip_v1_0_S00_AXI_inst/MM_MULTIPLIER/m00_bram_rddata[20] has multiple drivers: design_1_i/blk_mem_gen_0/U0/inst_blk_mem_gen/gnbram.gnative_mem_map_bmg.native_mem_map_blk_mem_gen/valid.cstr/ramloop[1].ram.r/prim_noinit.ram/DEVICE_7SERIES.WITH_BMM_INFO.TRUE_DP.SIMPLE_PRIM36.TDP_SP36_NO_ECC_ATTR.ram/DOBDO[4], and design_1_i/myip_0/inst/myip_v1_0_S00_AXI_inst/MM_MULTIPLIER/gb1_reg[0][20]_i_1/O.
ERROR: [DRC MDRV-1] Multiple Driver Nets: Net design_1_i/myip_0/inst/myip_v1_0_S00_AXI_inst/MM_MULTIPLIER/m00_bram_rddata[21] has multiple drivers: design_1_i/blk_mem_gen_0/U0/inst_blk_mem_gen/gnbram.gnative_mem_map_bmg.native_mem_map_blk_mem_gen/valid.cstr/ramloop[1].ram.r/prim_noinit.ram/DEVICE_7SERIES.WITH_BMM_INFO.TRUE_DP.SIMPLE_PRIM36.TDP_SP36_NO_ECC_ATTR.ram/DOBDO[5], and design_1_i/myip_0/inst/myip_v1_0_S00_AXI_inst/MM_MULTIPLIER/gb1_reg[0][21]_i_1/O.
ERROR: [DRC MDRV-1] Multiple Driver Nets: Net design_1_i/myip_0/inst/myip_v1_0_S00_AXI_inst/MM_MULTIPLIER/m00_bram_rddata[22] has multiple drivers: design_1_i/blk_mem_gen_0/U0/inst_blk_mem_gen/gnbram.gnative_mem_map_bmg.native_mem_map_blk_mem_gen/valid.cstr/ramloop[1].ram.r/prim_noinit.ram/DEVICE_7SERIES.WITH_BMM_INFO.TRUE_DP.SIMPLE_PRIM36.TDP_SP36_NO_ECC_ATTR.ram/DOBDO[6], and design_1_i/myip_0/inst/myip_v1_0_S00_AXI_inst/MM_MULTIPLIER/gb1_reg[0][22]_i_1/O.
ERROR: [DRC MDRV-1] Multiple Driver Nets: Net design_1_i/myip_0/inst/myip_v1_0_S00_AXI_inst/MM_MULTIPLIER/m00_bram_rddata[23] has multiple drivers: design_1_i/blk_mem_gen_0/U0/inst_blk_mem_gen/gnbram.gnative_mem_map_bmg.native_mem_map_blk_mem_gen/valid.cstr/ramloop[1].ram.r/prim_noinit.ram/DEVICE_7SERIES.WITH_BMM_INFO.TRUE_DP.SIMPLE_PRIM36.TDP_SP36_NO_ECC_ATTR.ram/DOBDO[7], and design_1_i/myip_0/inst/myip_v1_0_S00_AXI_inst/MM_MULTIPLIER/gb1_reg[0][23]_i_1/O.
ERROR: [DRC MDRV-1] Multiple Driver Nets: Net design_1_i/myip_0/inst/myip_v1_0_S00_AXI_inst/MM_MULTIPLIER/m00_bram_rddata[24] has multiple drivers: design_1_i/blk_mem_gen_0/U0/inst_blk_mem_gen/gnbram.gnative_mem_map_bmg.native_mem_map_blk_mem_gen/valid.cstr/ramloop[1].ram.r/prim_noinit.ram/DEVICE_7SERIES.WITH_BMM_INFO.TRUE_DP.SIMPLE_PRIM36.TDP_SP36_NO_ECC_ATTR.ram/DOBDO[8], and design_1_i/myip_0/inst/myip_v1_0_S00_AXI_inst/MM_MULTIPLIER/gb1_reg[0][24]_i_1/O.
ERROR: [DRC MDRV-1] Multiple Driver Nets: Net design_1_i/myip_0/inst/myip_v1_0_S00_AXI_inst/MM_MULTIPLIER/m00_bram_rddata[25] has multiple drivers: design_1_i/blk_mem_gen_0/U0/inst_blk_mem_gen/gnbram.gnative_mem_map_bmg.native_mem_map_blk_mem_gen/valid.cstr/ramloop[1].ram.r/prim_noinit.ram/DEVICE_7SERIES.WITH_BMM_INFO.TRUE_DP.SIMPLE_PRIM36.TDP_SP36_NO_ECC_ATTR.ram/DOBDO[9], and design_1_i/myip_0/inst/myip_v1_0_S00_AXI_inst/MM_MULTIPLIER/gb1_reg[0][25]_i_1/O.
ERROR: [DRC MDRV-1] Multiple Driver Nets: Net design_1_i/myip_0/inst/myip_v1_0_S00_AXI_inst/MM_MULTIPLIER/m00_bram_rddata[26] has multiple drivers: design_1_i/blk_mem_gen_0/U0/inst_blk_mem_gen/gnbram.gnative_mem_map_bmg.native_mem_map_blk_mem_gen/valid.cstr/ramloop[1].ram.r/prim_noinit.ram/DEVICE_7SERIES.WITH_BMM_INFO.TRUE_DP.SIMPLE_PRIM36.TDP_SP36_NO_ECC_ATTR.ram/DOBDO[10], and design_1_i/myip_0/inst/myip_v1_0_S00_AXI_inst/MM_MULTIPLIER/gb1_reg[0][26]_i_1/O.
ERROR: [DRC MDRV-1] Multiple Driver Nets: Net design_1_i/myip_0/inst/myip_v1_0_S00_AXI_inst/MM_MULTIPLIER/m00_bram_rddata[27] has multiple drivers: design_1_i/blk_mem_gen_0/U0/inst_blk_mem_gen/gnbram.gnative_mem_map_bmg.native_mem_map_blk_mem_gen/valid.cstr/ramloop[1].ram.r/prim_noinit.ram/DEVICE_7SERIES.WITH_BMM_INFO.TRUE_DP.SIMPLE_PRIM36.TDP_SP36_NO_ECC_ATTR.ram/DOBDO[11], and design_1_i/myip_0/inst/myip_v1_0_S00_AXI_inst/MM_MULTIPLIER/gb1_reg[0][27]_i_1/O.
ERROR: [DRC MDRV-1] Multiple Driver Nets: Net design_1_i/myip_0/inst/myip_v1_0_S00_AXI_inst/MM_MULTIPLIER/m00_bram_rddata[28] has multiple drivers: design_1_i/blk_mem_gen_0/U0/inst_blk_mem_gen/gnbram.gnative_mem_map_bmg.native_mem_map_blk_mem_gen/valid.cstr/ramloop[1].ram.r/prim_noinit.ram/DEVICE_7SERIES.WITH_BMM_INFO.TRUE_DP.SIMPLE_PRIM36.TDP_SP36_NO_ECC_ATTR.ram/DOBDO[12], and design_1_i/myip_0/inst/myip_v1_0_S00_AXI_inst/MM_MULTIPLIER/gb1_reg[0][28]_i_1/O.
ERROR: [DRC MDRV-1] Multiple Driver Nets: Net design_1_i/myip_0/inst/myip_v1_0_S00_AXI_inst/MM_MULTIPLIER/m00_bram_rddata[29] has multiple drivers: design_1_i/blk_mem_gen_0/U0/inst_blk_mem_gen/gnbram.gnative_mem_map_bmg.native_mem_map_blk_mem_gen/valid.cstr/ramloop[1].ram.r/prim_noinit.ram/DEVICE_7SERIES.WITH_BMM_INFO.TRUE_DP.SIMPLE_PRIM36.TDP_SP36_NO_ECC_ATTR.ram/DOBDO[13], and design_1_i/myip_0/inst/myip_v1_0_S00_AXI_inst/MM_MULTIPLIER/gb1_reg[0][29]_i_1/O.
ERROR: [DRC MDRV-1] Multiple Driver Nets: Net design_1_i/myip_0/inst/myip_v1_0_S00_AXI_inst/MM_MULTIPLIER/m00_bram_rddata[2] has multiple drivers: design_1_i/blk_mem_gen_0/U0/inst_blk_mem_gen/gnbram.gnative_mem_map_bmg.native_mem_map_blk_mem_gen/valid.cstr/ramloop[0].ram.r/prim_noinit.ram/DEVICE_7SERIES.WITH_BMM_INFO.TRUE_DP.SIMPLE_PRIM36.TDP_SP36_NO_ECC_ATTR.ram/DOBDO[2], and design_1_i/myip_0/inst/myip_v1_0_S00_AXI_inst/MM_MULTIPLIER/gb1_reg[0][2]_i_1/O.
ERROR: [DRC MDRV-1] Multiple Driver Nets: Net design_1_i/myip_0/inst/myip_v1_0_S00_AXI_inst/MM_MULTIPLIER/m00_bram_rddata[30] has multiple drivers: design_1_i/blk_mem_gen_0/U0/inst_blk_mem_gen/gnbram.gnative_mem_map_bmg.native_mem_map_blk_mem_gen/valid.cstr/ramloop[1].ram.r/prim_noinit.ram/DEVICE_7SERIES.WITH_BMM_INFO.TRUE_DP.SIMPLE_PRIM36.TDP_SP36_NO_ECC_ATTR.ram/DOBDO[14], and design_1_i/myip_0/inst/myip_v1_0_S00_AXI_inst/MM_MULTIPLIER/gb1_reg[0][30]_i_1/O.
ERROR: [DRC MDRV-1] Multiple Driver Nets: Net design_1_i/myip_0/inst/myip_v1_0_S00_AXI_inst/MM_MULTIPLIER/m00_bram_rddata[31] has multiple drivers: design_1_i/blk_mem_gen_0/U0/inst_blk_mem_gen/gnbram.gnative_mem_map_bmg.native_mem_map_blk_mem_gen/valid.cstr/ramloop[1].ram.r/prim_noinit.ram/DEVICE_7SERIES.WITH_BMM_INFO.TRUE_DP.SIMPLE_PRIM36.TDP_SP36_NO_ECC_ATTR.ram/DOBDO[15], and design_1_i/myip_0/inst/myip_v1_0_S00_AXI_inst/MM_MULTIPLIER/gb1_reg[0][31]_i_1/O.
ERROR: [DRC MDRV-1] Multiple Driver Nets: Net design_1_i/myip_0/inst/myip_v1_0_S00_AXI_inst/MM_MULTIPLIER/m00_bram_rddata[3] has multiple drivers: design_1_i/blk_mem_gen_0/U0/inst_blk_mem_gen/gnbram.gnative_mem_map_bmg.native_mem_map_blk_mem_gen/valid.cstr/ramloop[0].ram.r/prim_noinit.ram/DEVICE_7SERIES.WITH_BMM_INFO.TRUE_DP.SIMPLE_PRIM36.TDP_SP36_NO_ECC_ATTR.ram/DOBDO[3], and design_1_i/myip_0/inst/myip_v1_0_S00_AXI_inst/MM_MULTIPLIER/gb1_reg[0][3]_i_1/O.
ERROR: [DRC MDRV-1] Multiple Driver Nets: Net design_1_i/myip_0/inst/myip_v1_0_S00_AXI_inst/MM_MULTIPLIER/m00_bram_rddata[4] has multiple drivers: design_1_i/blk_mem_gen_0/U0/inst_blk_mem_gen/gnbram.gnative_mem_map_bmg.native_mem_map_blk_mem_gen/valid.cstr/ramloop[0].ram.r/prim_noinit.ram/DEVICE_7SERIES.WITH_BMM_INFO.TRUE_DP.SIMPLE_PRIM36.TDP_SP36_NO_ECC_ATTR.ram/DOBDO[4], and design_1_i/myip_0/inst/myip_v1_0_S00_AXI_inst/MM_MULTIPLIER/gb1_reg[0][4]_i_1/O.
ERROR: [DRC MDRV-1] Multiple Driver Nets: Net design_1_i/myip_0/inst/myip_v1_0_S00_AXI_inst/MM_MULTIPLIER/m00_bram_rddata[5] has multiple drivers: design_1_i/blk_mem_gen_0/U0/inst_blk_mem_gen/gnbram.gnative_mem_map_bmg.native_mem_map_blk_mem_gen/valid.cstr/ramloop[0].ram.r/prim_noinit.ram/DEVICE_7SERIES.WITH_BMM_INFO.TRUE_DP.SIMPLE_PRIM36.TDP_SP36_NO_ECC_ATTR.ram/DOBDO[5], and design_1_i/myip_0/inst/myip_v1_0_S00_AXI_inst/MM_MULTIPLIER/gb1_reg[0][5]_i_1/O.
ERROR: [DRC MDRV-1] Multiple Driver Nets: Net design_1_i/myip_0/inst/myip_v1_0_S00_AXI_inst/MM_MULTIPLIER/m00_bram_rddata[6] has multiple drivers: design_1_i/blk_mem_gen_0/U0/inst_blk_mem_gen/gnbram.gnative_mem_map_bmg.native_mem_map_blk_mem_gen/valid.cstr/ramloop[0].ram.r/prim_noinit.ram/DEVICE_7SERIES.WITH_BMM_INFO.TRUE_DP.SIMPLE_PRIM36.TDP_SP36_NO_ECC_ATTR.ram/DOBDO[6], and design_1_i/myip_0/inst/myip_v1_0_S00_AXI_inst/MM_MULTIPLIER/gb1_reg[0][6]_i_1/O.
ERROR: [DRC MDRV-1] Multiple Driver Nets: Net design_1_i/myip_0/inst/myip_v1_0_S00_AXI_inst/MM_MULTIPLIER/m00_bram_rddata[7] has multiple drivers: design_1_i/blk_mem_gen_0/U0/inst_blk_mem_gen/gnbram.gnative_mem_map_bmg.native_mem_map_blk_mem_gen/valid.cstr/ramloop[0].ram.r/prim_noinit.ram/DEVICE_7SERIES.WITH_BMM_INFO.TRUE_DP.SIMPLE_PRIM36.TDP_SP36_NO_ECC_ATTR.ram/DOBDO[7], and design_1_i/myip_0/inst/myip_v1_0_S00_AXI_inst/MM_MULTIPLIER/gb1_reg[0][7]_i_1/O.
ERROR: [DRC MDRV-1] Multiple Driver Nets: Net design_1_i/myip_0/inst/myip_v1_0_S00_AXI_inst/MM_MULTIPLIER/m00_bram_rddata[8] has multiple drivers: design_1_i/blk_mem_gen_0/U0/inst_blk_mem_gen/gnbram.gnative_mem_map_bmg.native_mem_map_blk_mem_gen/valid.cstr/ramloop[0].ram.r/prim_noinit.ram/DEVICE_7SERIES.WITH_BMM_INFO.TRUE_DP.SIMPLE_PRIM36.TDP_SP36_NO_ECC_ATTR.ram/DOBDO[8], and design_1_i/myip_0/inst/myip_v1_0_S00_AXI_inst/MM_MULTIPLIER/gb1_reg[0][8]_i_1/O.
ERROR: [DRC MDRV-1] Multiple Driver Nets: Net design_1_i/myip_0/inst/myip_v1_0_S00_AXI_inst/MM_MULTIPLIER/m00_bram_rddata[9] has multiple drivers: design_1_i/blk_mem_gen_0/U0/inst_blk_mem_gen/gnbram.gnative_mem_map_bmg.native_mem_map_blk_mem_gen/valid.cstr/ramloop[0].ram.r/prim_noinit.ram/DEVICE_7SERIES.WITH_BMM_INFO.TRUE_DP.SIMPLE_PRIM36.TDP_SP36_NO_ECC_ATTR.ram/DOBDO[9], and design_1_i/myip_0/inst/myip_v1_0_S00_AXI_inst/MM_MULTIPLIER/gb1_reg[0][9]_i_1/O.
INFO: [Project 1-461] DRC finished with 38 Errors
INFO: [Project 1-462] Please refer to the DRC report (report_drc) for more information.
ERROR: [Vivado_Tcl 4-78] Error(s) found during DRC. Opt_design not run.

Time (s): cpu = 00:00:03 ; elapsed = 00:00:02 . Memory (MB): peak = 2019.148 ; gain = 0.000
INFO: [Common 17-83] Releasing license: Implementation
17 Infos, 1 Warnings, 0 Critical Warnings and 39 Errors encountered.
opt_design failed
ERROR: [Common 17-39] 'opt_design' failed due to earlier errors.

INFO: [Common 17-206] Exiting Vivado at Mon Jun  7 13:13:22 2021...
