#-----------------------------------------------------------
# Vivado v2018.3 (64-bit)
# SW Build 2405991 on Thu Dec  6 23:38:27 MST 2018
# IP Build 2404404 on Fri Dec  7 01:43:56 MST 2018
# Start of session at: Wed Jun  9 17:39:54 2021
# Process ID: 10564
# Current directory: C:/Users/lucet/semester/21s-hardware-system-design/Project/Project_V0
# Command line: vivado.exe -gui_launcher_event rodinguilauncherevent1864 C:\Users\lucet\semester\21s-hardware-system-design\Project\Project_V0\Project_V0.xpr
# Log file: C:/Users/lucet/semester/21s-hardware-system-design/Project/Project_V0/vivado.log
# Journal file: C:/Users/lucet/semester/21s-hardware-system-design/Project/Project_V0\vivado.jou
#-----------------------------------------------------------
start_gui
open_project C:/Users/lucet/semester/21s-hardware-system-design/Project/Project_V0/Project_V0.xpr
Scanning sources...
Finished scanning sources
INFO: [IP_Flow 19-234] Refreshing IP repositories
INFO: [IP_Flow 19-1700] Loaded user IP repository 'c:/Users/lucet/semester/21s-hardware-system-design/Project/My_IP/myip_1.0'.
INFO: [IP_Flow 19-2313] Loaded Vivado IP repository 'C:/Xilinx/Vivado/2018.3/data/ip'.
WARNING: [BD 41-1661] One or more IPs have been locked in the design 'design_1.bd'. Please run report_ip_status for more details and recommendations on how to fix this issue.
List of locked IPs:
design_1_myip_0_0

open_project: Time (s): cpu = 00:00:18 ; elapsed = 00:00:09 . Memory (MB): peak = 769.359 ; gain = 115.012
update_compile_order -fileset sources_1
ipx::edit_ip_in_project -upgrade true -name myip_v1_0_project -directory C:/Users/lucet/semester/21s-hardware-system-design/Project/Project_V0/Project_V0.tmp/myip_v1_0_project c:/Users/lucet/semester/21s-hardware-system-design/Project/My_IP/myip_1.0/component.xml
INFO: [ProjectBase 1-489] The host OS only allows 260 characters in a normal path. The project is stored in a path with more than 80 characters. If you experience issues with IP, Block Designs, or files not being found, please consider moving the project to a location with a shorter path. Alternately consider using the OS subst command to map part of the path to a drive letter.
Current project path is 'c:/users/lucet/semester/21s-hardware-system-design/project/project_v0/project_v0.tmp/myip_v1_0_project'
INFO: [IP_Flow 19-234] Refreshing IP repositories
INFO: [IP_Flow 19-1704] No user IP repositories specified
INFO: [IP_Flow 19-2313] Loaded Vivado IP repository 'C:/Xilinx/Vivado/2018.3/data/ip'.
INFO: [IP_Flow 19-234] Refreshing IP repositories
INFO: [IP_Flow 19-1700] Loaded user IP repository 'c:/Users/lucet/semester/21s-hardware-system-design/Project/My_IP/myip_1.0'.
INFO: [IP_Flow 19-795] Syncing license key meta-data
CRITICAL WARNING: [IP_Flow 19-3667] Component file 'c:/Users/lucetre/Documents/semester/21s-hardware-system-design/Project/My_IP/myip_1.0/src/my_pe.v' does not exist. The file is ignored.
CRITICAL WARNING: [IP_Flow 19-3667] Component file 'c:/Users/lucetre/Documents/semester/21s-hardware-system-design/Project/My_IP/myip_1.0/src/mm_multiplier.v' does not exist. The file is ignored.
WARNING: [filemgmt 56-99] Vivado Synthesis ignores library specification for Verilog or SystemVerilog files. [c:/Users/lucet/semester/21s-hardware-system-design/Project/Project_V0/Project_V0.srcs/sources_1/mm_multiplier.v:]
WARNING: [filemgmt 56-99] Vivado Synthesis ignores library specification for Verilog or SystemVerilog files. [c:/Users/lucet/semester/21s-hardware-system-design/Project/Project_V0/Project_V0.srcs/sources_1/my_pe.v:]
WARNING: [filemgmt 56-99] Vivado Synthesis ignores library specification for Verilog or SystemVerilog files. [c:/Users/lucet/semester/21s-hardware-system-design/Project/My_IP/myip_1.0/hdl/myip_v1_0_S00_AXI.v:]
WARNING: [filemgmt 56-99] Vivado Synthesis ignores library specification for Verilog or SystemVerilog files. [c:/Users/lucet/semester/21s-hardware-system-design/Project/My_IP/myip_1.0/hdl/myip_v1_0.v:]
ipx::edit_ip_in_project: Time (s): cpu = 00:00:12 ; elapsed = 00:00:07 . Memory (MB): peak = 915.172 ; gain = 0.000
update_compile_order -fileset sources_1
ipx::remove_file C:/Users/lucetre/Documents/semester/21s-hardware-system-design/Project/My_IP/myip_1.0/src/mm_multiplier.v [ipx::get_file_groups xilinx_verilogsynthesis -of_objects [ipx::current_core]]
ipx::remove_file C:/Users/lucetre/Documents/semester/21s-hardware-system-design/Project/My_IP/myip_1.0/src/my_pe.v [ipx::get_file_groups xilinx_verilogsynthesis -of_objects [ipx::current_core]]
ipx::remove_file ../../Project_V0/Project_V0.srcs/sources_1/mm_multiplier.v [ipx::get_file_groups xilinx_verilogsynthesis -of_objects [ipx::current_core]]
ipx::remove_file ../../Project_V0/Project_V0.srcs/sources_1/my_pe.v [ipx::get_file_groups xilinx_verilogsynthesis -of_objects [ipx::current_core]]
ipx::remove_file ../../Project_V0/Project_V0.srcs/sources_1/mm_multiplier.v [ipx::get_file_groups xilinx_verilogbehavioralsimulation -of_objects [ipx::current_core]]
ipx::remove_file ../../Project_V0/Project_V0.srcs/sources_1/my_pe.v [ipx::get_file_groups xilinx_verilogbehavioralsimulation -of_objects [ipx::current_core]]
export_ip_user_files -of_objects  [get_files c:/Users/lucet/semester/21s-hardware-system-design/Project/Project_V0/Project_V0.srcs/sources_1/my_pe.v] -no_script -reset -force -quiet
remove_files  c:/Users/lucet/semester/21s-hardware-system-design/Project/Project_V0/Project_V0.srcs/sources_1/my_pe.v
export_ip_user_files -of_objects  [get_files c:/Users/lucet/semester/21s-hardware-system-design/Project/Project_V0/Project_V0.srcs/sources_1/mm_multiplier.v] -no_script -reset -force -quiet
remove_files  c:/Users/lucet/semester/21s-hardware-system-design/Project/Project_V0/Project_V0.srcs/sources_1/mm_multiplier.v
update_compile_order -fileset sources_1
add_files -norecurse -scan_for_includes -copy_to c:/Users/lucet/semester/21s-hardware-system-design/Project/My_IP/myip_1.0/src {C:/Users/lucet/semester/21s-hardware-system-design/Project/My_IP/myip_1.0/src/mm_multiplier.v C:/Users/lucet/semester/21s-hardware-system-design/Project/My_IP/myip_1.0/src/my_pe.v}
ERROR: [Common 17-69] Command failed: '-scan_for_includes' and '-copy_to' are mutually exclusive and cannot be paired together.

close [ open C:/Users/lucet/semester/21s-hardware-system-design/Project/My_IP/myip_1.0/src/mm_multiplier.v w ]
add_files C:/Users/lucet/semester/21s-hardware-system-design/Project/My_IP/myip_1.0/src/mm_multiplier.v
close [ open C:/Users/lucet/semester/21s-hardware-system-design/Project/My_IP/myip_1.0/src/my_pe.v w ]
add_files C:/Users/lucet/semester/21s-hardware-system-design/Project/My_IP/myip_1.0/src/my_pe.v
update_compile_order -fileset sources_1
update_compile_order -fileset sources_1
ipx::merge_project_changes files [ipx::current_core]
WARNING: [IP_Flow 19-4963] floating_point_MAC has board value specified. The packaged IP will be restricted to usage with board 'em.avnet.com:zed:part0:1.4'
WARNING: [IP_Flow 19-5226] Project source file 'c:/Users/lucet/semester/21s-hardware-system-design/Project/My_IP/myip_1.0/component.xml' ignored by IP packager.
set_property core_revision 12 [ipx::current_core]
ipx::update_source_project_archive -component [ipx::current_core]
ipx::create_xgui_files [ipx::current_core]
ipx::update_checksums [ipx::current_core]
ipx::save_core [ipx::current_core]
ipx::move_temp_component_back -component [ipx::current_core]
close_project -delete
update_ip_catalog -rebuild -repo_path c:/Users/lucet/semester/21s-hardware-system-design/Project/My_IP/myip_1.0
INFO: [IP_Flow 19-725] Reloaded user IP repository 'c:/Users/lucet/semester/21s-hardware-system-design/Project/My_IP/myip_1.0'
report_ip_status -name ip_status 
upgrade_ip -vlnv user.org:user:myip:1.0 [get_ips  design_1_myip_0_0] -log ip_upgrade.log
Adding cell -- xilinx.com:ip:axi_bram_ctrl:4.1 - axi_bram_ctrl_0
Adding cell -- xilinx.com:ip:axi_interconnect:2.1 - axi_mem_intercon
Adding cell -- xilinx.com:ip:axi_crossbar:2.1 - xbar
Adding cell -- xilinx.com:ip:axi_protocol_converter:2.1 - auto_pc
Adding cell -- xilinx.com:ip:axi_protocol_converter:2.1 - auto_pc
Adding cell -- xilinx.com:ip:blk_mem_gen:8.4 - blk_mem_gen_0
Adding cell -- xilinx.com:ip:processing_system7:5.5 - processing_system7_0
Adding cell -- xilinx.com:ip:proc_sys_reset:5.0 - rst_ps7_0_50M
Adding cell -- user.org:user:myip:1.0 - myip_0
Successfully read diagram <design_1> from BD file <C:/Users/lucet/semester/21s-hardware-system-design/Project/Project_V0/Project_V0.srcs/sources_1/bd/design_1/design_1.bd>
Upgrading 'C:/Users/lucet/semester/21s-hardware-system-design/Project/Project_V0/Project_V0.srcs/sources_1/bd/design_1/design_1.bd'
INFO: [IP_Flow 19-3422] Upgraded design_1_myip_0_0 (myip_v1.0 1.0) from revision 8 to revision 12
Wrote  : <C:\Users\lucet\semester\21s-hardware-system-design\Project\Project_V0\Project_V0.srcs\sources_1\bd\design_1\design_1.bd> 
Wrote  : <C:/Users/lucet/semester/21s-hardware-system-design/Project/Project_V0/Project_V0.srcs/sources_1/bd/design_1/ui/bd_1f5defd0.ui> 
INFO: [Coretcl 2-1525] Wrote upgrade log to 'C:/Users/lucet/semester/21s-hardware-system-design/Project/Project_V0/ip_upgrade.log'.
upgrade_ip: Time (s): cpu = 00:00:12 ; elapsed = 00:00:09 . Memory (MB): peak = 969.926 ; gain = 54.754
export_ip_user_files -of_objects [get_ips design_1_myip_0_0] -no_script -sync -force -quiet
generate_target all [get_files  C:/Users/lucet/semester/21s-hardware-system-design/Project/Project_V0/Project_V0.srcs/sources_1/bd/design_1/design_1.bd]
WARNING: [BD 41-2180] Resetting the memory initialization file of </blk_mem_gen_0> to default.
Wrote  : <C:\Users\lucet\semester\21s-hardware-system-design\Project\Project_V0\Project_V0.srcs\sources_1\bd\design_1\design_1.bd> 
WARNING: [BD 41-235] Width mismatch when connecting pin: '/blk_mem_gen_0/addra'(32) to net 'axi_bram_ctrl_0_BRAM_PORTA_ADDR'(15) - Only lower order bits will be connected.
VHDL Output written to : C:/Users/lucet/semester/21s-hardware-system-design/Project/Project_V0/Project_V0.srcs/sources_1/bd/design_1/synth/design_1.v
WARNING: [BD 41-235] Width mismatch when connecting pin: '/blk_mem_gen_0/addra'(32) to net 'axi_bram_ctrl_0_BRAM_PORTA_ADDR'(15) - Only lower order bits will be connected.
VHDL Output written to : C:/Users/lucet/semester/21s-hardware-system-design/Project/Project_V0/Project_V0.srcs/sources_1/bd/design_1/sim/design_1.v
VHDL Output written to : C:/Users/lucet/semester/21s-hardware-system-design/Project/Project_V0/Project_V0.srcs/sources_1/bd/design_1/hdl/design_1_wrapper.v
INFO: [BD 41-1029] Generation completed for the IP Integrator block axi_bram_ctrl_0 .
INFO: [BD 41-1029] Generation completed for the IP Integrator block axi_mem_intercon/xbar .
INFO: [BD 41-1029] Generation completed for the IP Integrator block blk_mem_gen_0 .
INFO: [BD 41-1029] Generation completed for the IP Integrator block myip_0 .
INFO: [BD 41-1029] Generation completed for the IP Integrator block processing_system7_0 .
INFO: [BD 41-1029] Generation completed for the IP Integrator block rst_ps7_0_50M .
WARNING: [IP_Flow 19-4994] Overwriting existing constraint file 'c:/Users/lucet/semester/21s-hardware-system-design/Project/Project_V0/Project_V0.srcs/sources_1/bd/design_1/ip/design_1_auto_pc_1/design_1_auto_pc_1_ooc.xdc'
INFO: [BD 41-1029] Generation completed for the IP Integrator block axi_mem_intercon/s00_couplers/auto_pc .
WARNING: [IP_Flow 19-4994] Overwriting existing constraint file 'c:/Users/lucet/semester/21s-hardware-system-design/Project/Project_V0/Project_V0.srcs/sources_1/bd/design_1/ip/design_1_auto_pc_0/design_1_auto_pc_0_ooc.xdc'
INFO: [BD 41-1029] Generation completed for the IP Integrator block axi_mem_intercon/m01_couplers/auto_pc .
Exporting to file C:/Users/lucet/semester/21s-hardware-system-design/Project/Project_V0/Project_V0.srcs/sources_1/bd/design_1/hw_handoff/design_1.hwh
Generated Block Design Tcl file C:/Users/lucet/semester/21s-hardware-system-design/Project/Project_V0/Project_V0.srcs/sources_1/bd/design_1/hw_handoff/design_1_bd.tcl
Generated Hardware Definition File C:/Users/lucet/semester/21s-hardware-system-design/Project/Project_V0/Project_V0.srcs/sources_1/bd/design_1/synth/design_1.hwdef
generate_target: Time (s): cpu = 00:00:10 ; elapsed = 00:00:11 . Memory (MB): peak = 1226.363 ; gain = 256.438
export_ip_user_files -of_objects [get_files C:/Users/lucet/semester/21s-hardware-system-design/Project/Project_V0/Project_V0.srcs/sources_1/bd/design_1/design_1.bd] -no_script -sync -force -quiet
export_simulation -of_objects [get_files C:/Users/lucet/semester/21s-hardware-system-design/Project/Project_V0/Project_V0.srcs/sources_1/bd/design_1/design_1.bd] -directory C:/Users/lucet/semester/21s-hardware-system-design/Project/Project_V0/Project_V0.ip_user_files/sim_scripts -ip_user_files_dir C:/Users/lucet/semester/21s-hardware-system-design/Project/Project_V0/Project_V0.ip_user_files -ipstatic_source_dir C:/Users/lucet/semester/21s-hardware-system-design/Project/Project_V0/Project_V0.ip_user_files/ipstatic -lib_map_path [list {modelsim=C:/Users/lucet/semester/21s-hardware-system-design/Project/Project_V0/Project_V0.cache/compile_simlib/modelsim} {questa=C:/Users/lucet/semester/21s-hardware-system-design/Project/Project_V0/Project_V0.cache/compile_simlib/questa} {riviera=C:/Users/lucet/semester/21s-hardware-system-design/Project/Project_V0/Project_V0.cache/compile_simlib/riviera} {activehdl=C:/Users/lucet/semester/21s-hardware-system-design/Project/Project_V0/Project_V0.cache/compile_simlib/activehdl}] -use_ip_compiled_libs -force -quiet
reset_run synth_1
launch_runs impl_1 -to_step write_bitstream -jobs 8
[Wed Jun  9 17:45:55 2021] Launched synth_1...
Run output will be captured here: C:/Users/lucet/semester/21s-hardware-system-design/Project/Project_V0/Project_V0.runs/synth_1/runme.log
[Wed Jun  9 17:45:55 2021] Launched impl_1...
Run output will be captured here: C:/Users/lucet/semester/21s-hardware-system-design/Project/Project_V0/Project_V0.runs/impl_1/runme.log
ipx::edit_ip_in_project -upgrade true -name myip_v1_0_project -directory C:/Users/lucet/semester/21s-hardware-system-design/Project/Project_V0/Project_V0.tmp/myip_v1_0_project c:/Users/lucet/semester/21s-hardware-system-design/Project/My_IP/myip_1.0/component.xml
INFO: [ProjectBase 1-489] The host OS only allows 260 characters in a normal path. The project is stored in a path with more than 80 characters. If you experience issues with IP, Block Designs, or files not being found, please consider moving the project to a location with a shorter path. Alternately consider using the OS subst command to map part of the path to a drive letter.
Current project path is 'c:/users/lucet/semester/21s-hardware-system-design/project/project_v0/project_v0.tmp/myip_v1_0_project'
INFO: [IP_Flow 19-234] Refreshing IP repositories
INFO: [IP_Flow 19-1704] No user IP repositories specified
INFO: [IP_Flow 19-2313] Loaded Vivado IP repository 'C:/Xilinx/Vivado/2018.3/data/ip'.
INFO: [IP_Flow 19-234] Refreshing IP repositories
INFO: [IP_Flow 19-1700] Loaded user IP repository 'c:/Users/lucet/semester/21s-hardware-system-design/Project/My_IP/myip_1.0'.
INFO: [IP_Flow 19-795] Syncing license key meta-data
WARNING: [filemgmt 56-99] Vivado Synthesis ignores library specification for Verilog or SystemVerilog files. [c:/Users/lucet/semester/21s-hardware-system-design/Project/My_IP/myip_1.0/src/mm_multiplier.v:]
WARNING: [filemgmt 56-99] Vivado Synthesis ignores library specification for Verilog or SystemVerilog files. [c:/Users/lucet/semester/21s-hardware-system-design/Project/My_IP/myip_1.0/src/my_pe.v:]
WARNING: [filemgmt 56-99] Vivado Synthesis ignores library specification for Verilog or SystemVerilog files. [c:/Users/lucet/semester/21s-hardware-system-design/Project/My_IP/myip_1.0/hdl/myip_v1_0_S00_AXI.v:]
WARNING: [filemgmt 56-99] Vivado Synthesis ignores library specification for Verilog or SystemVerilog files. [c:/Users/lucet/semester/21s-hardware-system-design/Project/My_IP/myip_1.0/hdl/myip_v1_0.v:]
ipx::edit_ip_in_project: Time (s): cpu = 00:00:07 ; elapsed = 00:00:06 . Memory (MB): peak = 2674.281 ; gain = 0.000
update_compile_order -fileset sources_1
ipx::merge_project_changes files [ipx::current_core]
WARNING: [IP_Flow 19-4963] floating_point_MAC has board value specified. The packaged IP will be restricted to usage with board 'em.avnet.com:zed:part0:1.4'
WARNING: [IP_Flow 19-5226] Project source file 'c:/Users/lucet/semester/21s-hardware-system-design/Project/My_IP/myip_1.0/component.xml' ignored by IP packager.
set_property core_revision 13 [ipx::current_core]
ipx::update_source_project_archive -component [ipx::current_core]
ipx::create_xgui_files [ipx::current_core]
ipx::update_checksums [ipx::current_core]
ipx::save_core [ipx::current_core]
ipx::move_temp_component_back -component [ipx::current_core]
close_project -delete
update_ip_catalog -rebuild -repo_path c:/Users/lucet/semester/21s-hardware-system-design/Project/My_IP/myip_1.0
INFO: [IP_Flow 19-725] Reloaded user IP repository 'c:/Users/lucet/semester/21s-hardware-system-design/Project/My_IP/myip_1.0'
upgrade_ip -vlnv user.org:user:myip:1.0 [get_ips  design_1_myip_0_0] -log ip_upgrade.log
Upgrading 'C:/Users/lucet/semester/21s-hardware-system-design/Project/Project_V0/Project_V0.srcs/sources_1/bd/design_1/design_1.bd'
INFO: [IP_Flow 19-3422] Upgraded design_1_myip_0_0 (myip_v1.0 1.0) from revision 12 to revision 13
Wrote  : <C:\Users\lucet\semester\21s-hardware-system-design\Project\Project_V0\Project_V0.srcs\sources_1\bd\design_1\design_1.bd> 
INFO: [Coretcl 2-1525] Wrote upgrade log to 'C:/Users/lucet/semester/21s-hardware-system-design/Project/Project_V0/ip_upgrade.log'.
export_ip_user_files -of_objects [get_ips design_1_myip_0_0] -no_script -sync -force -quiet
generate_target all [get_files  C:/Users/lucet/semester/21s-hardware-system-design/Project/Project_V0/Project_V0.srcs/sources_1/bd/design_1/design_1.bd]
WARNING: [BD 41-2180] Resetting the memory initialization file of </blk_mem_gen_0> to default.
Wrote  : <C:\Users\lucet\semester\21s-hardware-system-design\Project\Project_V0\Project_V0.srcs\sources_1\bd\design_1\design_1.bd> 
WARNING: [BD 41-235] Width mismatch when connecting pin: '/blk_mem_gen_0/addra'(32) to net 'axi_bram_ctrl_0_BRAM_PORTA_ADDR'(15) - Only lower order bits will be connected.
VHDL Output written to : C:/Users/lucet/semester/21s-hardware-system-design/Project/Project_V0/Project_V0.srcs/sources_1/bd/design_1/synth/design_1.v
WARNING: [BD 41-235] Width mismatch when connecting pin: '/blk_mem_gen_0/addra'(32) to net 'axi_bram_ctrl_0_BRAM_PORTA_ADDR'(15) - Only lower order bits will be connected.
VHDL Output written to : C:/Users/lucet/semester/21s-hardware-system-design/Project/Project_V0/Project_V0.srcs/sources_1/bd/design_1/sim/design_1.v
VHDL Output written to : C:/Users/lucet/semester/21s-hardware-system-design/Project/Project_V0/Project_V0.srcs/sources_1/bd/design_1/hdl/design_1_wrapper.v
INFO: [BD 41-1029] Generation completed for the IP Integrator block axi_bram_ctrl_0 .
INFO: [BD 41-1029] Generation completed for the IP Integrator block axi_mem_intercon/xbar .
INFO: [BD 41-1029] Generation completed for the IP Integrator block blk_mem_gen_0 .
INFO: [BD 41-1029] Generation completed for the IP Integrator block myip_0 .
INFO: [BD 41-1029] Generation completed for the IP Integrator block processing_system7_0 .
INFO: [BD 41-1029] Generation completed for the IP Integrator block rst_ps7_0_50M .
WARNING: [IP_Flow 19-4994] Overwriting existing constraint file 'c:/Users/lucet/semester/21s-hardware-system-design/Project/Project_V0/Project_V0.srcs/sources_1/bd/design_1/ip/design_1_auto_pc_1/design_1_auto_pc_1_ooc.xdc'
INFO: [BD 41-1029] Generation completed for the IP Integrator block axi_mem_intercon/s00_couplers/auto_pc .
WARNING: [IP_Flow 19-4994] Overwriting existing constraint file 'c:/Users/lucet/semester/21s-hardware-system-design/Project/Project_V0/Project_V0.srcs/sources_1/bd/design_1/ip/design_1_auto_pc_0/design_1_auto_pc_0_ooc.xdc'
INFO: [BD 41-1029] Generation completed for the IP Integrator block axi_mem_intercon/m01_couplers/auto_pc .
Exporting to file C:/Users/lucet/semester/21s-hardware-system-design/Project/Project_V0/Project_V0.srcs/sources_1/bd/design_1/hw_handoff/design_1.hwh
Generated Block Design Tcl file C:/Users/lucet/semester/21s-hardware-system-design/Project/Project_V0/Project_V0.srcs/sources_1/bd/design_1/hw_handoff/design_1_bd.tcl
Generated Hardware Definition File C:/Users/lucet/semester/21s-hardware-system-design/Project/Project_V0/Project_V0.srcs/sources_1/bd/design_1/synth/design_1.hwdef
generate_target: Time (s): cpu = 00:00:08 ; elapsed = 00:00:08 . Memory (MB): peak = 2674.281 ; gain = 0.000
export_ip_user_files -of_objects [get_files C:/Users/lucet/semester/21s-hardware-system-design/Project/Project_V0/Project_V0.srcs/sources_1/bd/design_1/design_1.bd] -no_script -sync -force -quiet
export_simulation -of_objects [get_files C:/Users/lucet/semester/21s-hardware-system-design/Project/Project_V0/Project_V0.srcs/sources_1/bd/design_1/design_1.bd] -directory C:/Users/lucet/semester/21s-hardware-system-design/Project/Project_V0/Project_V0.ip_user_files/sim_scripts -ip_user_files_dir C:/Users/lucet/semester/21s-hardware-system-design/Project/Project_V0/Project_V0.ip_user_files -ipstatic_source_dir C:/Users/lucet/semester/21s-hardware-system-design/Project/Project_V0/Project_V0.ip_user_files/ipstatic -lib_map_path [list {modelsim=C:/Users/lucet/semester/21s-hardware-system-design/Project/Project_V0/Project_V0.cache/compile_simlib/modelsim} {questa=C:/Users/lucet/semester/21s-hardware-system-design/Project/Project_V0/Project_V0.cache/compile_simlib/questa} {riviera=C:/Users/lucet/semester/21s-hardware-system-design/Project/Project_V0/Project_V0.cache/compile_simlib/riviera} {activehdl=C:/Users/lucet/semester/21s-hardware-system-design/Project/Project_V0/Project_V0.cache/compile_simlib/activehdl}] -use_ip_compiled_libs -force -quiet
report_ip_status -name ip_status 
reset_run synth_1
launch_runs impl_1 -to_step write_bitstream -jobs 8
[Wed Jun  9 18:03:04 2021] Launched synth_1...
Run output will be captured here: C:/Users/lucet/semester/21s-hardware-system-design/Project/Project_V0/Project_V0.runs/synth_1/runme.log
[Wed Jun  9 18:03:04 2021] Launched impl_1...
Run output will be captured here: C:/Users/lucet/semester/21s-hardware-system-design/Project/Project_V0/Project_V0.runs/impl_1/runme.log
ipx::edit_ip_in_project -upgrade true -name myip_v1_0_project -directory C:/Users/lucet/semester/21s-hardware-system-design/Project/Project_V0/Project_V0.tmp/myip_v1_0_project c:/Users/lucet/semester/21s-hardware-system-design/Project/My_IP/myip_1.0/component.xml
INFO: [ProjectBase 1-489] The host OS only allows 260 characters in a normal path. The project is stored in a path with more than 80 characters. If you experience issues with IP, Block Designs, or files not being found, please consider moving the project to a location with a shorter path. Alternately consider using the OS subst command to map part of the path to a drive letter.
Current project path is 'c:/users/lucet/semester/21s-hardware-system-design/project/project_v0/project_v0.tmp/myip_v1_0_project'
INFO: [IP_Flow 19-234] Refreshing IP repositories
INFO: [IP_Flow 19-1704] No user IP repositories specified
INFO: [IP_Flow 19-2313] Loaded Vivado IP repository 'C:/Xilinx/Vivado/2018.3/data/ip'.
create_project: Time (s): cpu = 00:00:09 ; elapsed = 00:00:09 . Memory (MB): peak = 2674.281 ; gain = 0.000
INFO: [IP_Flow 19-234] Refreshing IP repositories
INFO: [IP_Flow 19-1700] Loaded user IP repository 'c:/Users/lucet/semester/21s-hardware-system-design/Project/My_IP/myip_1.0'.
INFO: [IP_Flow 19-795] Syncing license key meta-data
WARNING: [filemgmt 56-99] Vivado Synthesis ignores library specification for Verilog or SystemVerilog files. [c:/Users/lucet/semester/21s-hardware-system-design/Project/My_IP/myip_1.0/src/mm_multiplier.v:]
WARNING: [filemgmt 56-99] Vivado Synthesis ignores library specification for Verilog or SystemVerilog files. [c:/Users/lucet/semester/21s-hardware-system-design/Project/My_IP/myip_1.0/src/my_pe.v:]
WARNING: [filemgmt 56-99] Vivado Synthesis ignores library specification for Verilog or SystemVerilog files. [c:/Users/lucet/semester/21s-hardware-system-design/Project/My_IP/myip_1.0/hdl/myip_v1_0_S00_AXI.v:]
WARNING: [filemgmt 56-99] Vivado Synthesis ignores library specification for Verilog or SystemVerilog files. [c:/Users/lucet/semester/21s-hardware-system-design/Project/My_IP/myip_1.0/hdl/myip_v1_0.v:]
ipx::edit_ip_in_project: Time (s): cpu = 00:00:11 ; elapsed = 00:00:11 . Memory (MB): peak = 2674.281 ; gain = 0.000
update_compile_order -fileset sources_1
close_project
exit
INFO: [Common 17-206] Exiting Vivado at Wed Jun  9 19:24:45 2021...
